--------------------
./configure --static --prefix=/
Fri Jan 30 16:13:20 CST 2026
=== ztest517425.c ===
extern int getchar();
int hello() {return getchar();}
===
/home/aimeat/anvilos/ext/toolchain/bin/x86_64-unknown-linux-musl-gcc -c ztest517425.c
... using gcc

Checking for obsessive-compulsive compiler options...
=== ztest517425.c ===
int foo() { return 0; }
===
/home/aimeat/anvilos/ext/toolchain/bin/x86_64-unknown-linux-musl-gcc -c ztest517425.c

Building static library libz.a version 1.3.1 with /home/aimeat/anvilos/ext/toolchain/bin/x86_64-unknown-linux-musl-gcc.

=== ztest517425.c ===
#include <stdio.h>
#include <stdlib.h>
size_t dummy = 0;
===
/home/aimeat/anvilos/ext/toolchain/bin/x86_64-unknown-linux-musl-gcc -c ztest517425.c
Checking for size_t... Yes.

=== ztest517425.c ===
#include <sys/types.h>
off64_t dummy = 0;
===
/home/aimeat/anvilos/ext/toolchain/bin/x86_64-unknown-linux-musl-gcc -c -D_LARGEFILE64_SOURCE=1 ztest517425.c
Checking for off64_t... Yes.
Checking for fseeko... Yes.

=== ztest517425.c ===
#include <string.h>
#include <errno.h>
int main() { return strlen(strerror(errno)); }
===
/home/aimeat/anvilos/ext/toolchain/bin/x86_64-unknown-linux-musl-gcc -D_LARGEFILE64_SOURCE=1 -o ztest517425 ztest517425.c
Checking for strerror... Yes.

=== ztest517425.c ===
#include <unistd.h>
int main() { return 0; }
===
/home/aimeat/anvilos/ext/toolchain/bin/x86_64-unknown-linux-musl-gcc -c -D_LARGEFILE64_SOURCE=1 ztest517425.c
Checking for unistd.h... Yes.

=== ztest517425.c ===
#include <stdarg.h>
int main() { return 0; }
===
/home/aimeat/anvilos/ext/toolchain/bin/x86_64-unknown-linux-musl-gcc -c -D_LARGEFILE64_SOURCE=1 ztest517425.c
Checking for stdarg.h... Yes.

=== ztest517425.c ===
#include <stdio.h>
#include <stdarg.h>
#include "zconf.h"
int main()
{
#ifndef STDC
  choke me
#endif
  return 0;
}
===
/home/aimeat/anvilos/ext/toolchain/bin/x86_64-unknown-linux-musl-gcc -c -D_LARGEFILE64_SOURCE=1 ztest517425.c
Checking whether to use vs[n]printf() or s[n]printf()... using vs[n]printf().

=== ztest517425.c ===
#include <stdio.h>
#include <stdarg.h>
int mytest(const char *fmt, ...)
{
  char buf[20];
  va_list ap;
  va_start(ap, fmt);
  vsnprintf(buf, sizeof(buf), fmt, ap);
  va_end(ap);
  return 0;
}
int main()
{
  return (mytest("Hello%d\n", 1));
}
===
/home/aimeat/anvilos/ext/toolchain/bin/x86_64-unknown-linux-musl-gcc -D_LARGEFILE64_SOURCE=1 -o ztest517425 ztest517425.c
Checking for vsnprintf() in stdio.h... Yes.

=== ztest517425.c ===
#include <stdio.h>
#include <stdarg.h>
int mytest(const char *fmt, ...)
{
  int n;
  char buf[20];
  va_list ap;
  va_start(ap, fmt);
  n = vsnprintf(buf, sizeof(buf), fmt, ap);
  va_end(ap);
  return n;
}
int main()
{
  return (mytest("Hello%d\n", 1));
}
===
/home/aimeat/anvilos/ext/toolchain/bin/x86_64-unknown-linux-musl-gcc -c -D_LARGEFILE64_SOURCE=1 ztest517425.c
Checking for return value of vsnprintf()... Yes.

=== ztest517425.c ===
#define ZLIB_INTERNAL __attribute__((visibility ("hidden")))
int ZLIB_INTERNAL foo;
int main()
{
  return 0;
}
===
/home/aimeat/anvilos/ext/toolchain/bin/x86_64-unknown-linux-musl-gcc -c -D_LARGEFILE64_SOURCE=1 ztest517425.c
Checking for attribute(visibility) support... Yes.

ALL = static all64
AR = ar
ARFLAGS = rc
CC = /home/aimeat/anvilos/ext/toolchain/bin/x86_64-unknown-linux-musl-gcc
CFLAGS = -D_LARGEFILE64_SOURCE=1 -DHAVE_HIDDEN
CPP =
EXE =
LDCONFIG = ldconfig
LDFLAGS = -L/home/aimeat/anvilos/build_artifacts/staging/lib -static
LDSHARED = /home/aimeat/anvilos/ext/toolchain/bin/x86_64-unknown-linux-musl-gcc
LDSHAREDLIBC = -lc
OBJC = $(OBJZ) $(OBJG)
PIC_OBJC = $(PIC_OBJZ) $(PIC_OBJG)
RANLIB = ranlib
SFLAGS = -fPIC -D_LARGEFILE64_SOURCE=1 -DHAVE_HIDDEN
SHAREDLIB =
SHAREDLIBM =
SHAREDLIBV =
STATICLIB = libz.a
TEST = all teststatic test64
VER = 1.3.1
SRCDIR =
exec_prefix = ${prefix}
includedir = ${prefix}/include
libdir = ${exec_prefix}/lib
mandir = ${prefix}/share/man
prefix = /
sharedlibdir = ${libdir}
uname = Linux
--------------------


