checking for gawk... gawk
checking metadata... META file
checking build system type... x86_64-pc-linux-gnu
checking host system type... x86_64-pc-linux-gnu
checking target system type... x86_64-pc-linux-gnu
checking whether to enable maintainer-specific portions of Makefiles... no
checking whether make supports nested variables... yes
checking for a BSD-compatible install... /usr/bin/install -c
checking whether build environment is sane... yes
checking for a race-free mkdir -p... /usr/bin/mkdir -p
checking whether make sets $(MAKE)... yes
checking how to print strings... printf
checking whether make supports the include directive... yes (GNU style)
checking for gcc... gcc
checking whether the C compiler works... yes
checking for C compiler default output file name... a.out
checking for suffix of executables... 
checking whether we are cross compiling... no
checking for suffix of object files... o
checking whether the compiler supports GNU C... yes
checking whether gcc accepts -g... yes
checking for gcc option to enable C11 features... none needed
checking whether gcc understands -c and -o together... yes
checking dependency style of gcc... gcc3
checking for a sed that does not truncate output... /usr/bin/sed
checking for grep that handles long lines and -e... /usr/bin/grep
checking for egrep... /usr/bin/grep -E
checking for fgrep... /usr/bin/grep -F
checking for ld used by gcc... /usr/bin/ld
checking if the linker (/usr/bin/ld) is GNU ld... yes
checking for BSD- or MS-compatible name lister (nm)... /usr/bin/nm -B
checking the name lister (/usr/bin/nm -B) interface... BSD nm
checking whether ln -s works... yes
checking the maximum length of command line arguments... 1572864
checking how to convert x86_64-pc-linux-gnu file names to x86_64-pc-linux-gnu format... func_convert_file_noop
checking how to convert x86_64-pc-linux-gnu file names to toolchain format... func_convert_file_noop
checking for /usr/bin/ld option to reload object files... -r
checking for file... no
checking for objdump... objdump
checking how to recognize dependent libraries... pass_all
checking for dlltool... no
checking how to associate runtime and link libraries... printf %s\n
checking for ar... ar
checking for archiver @FILE support... @
checking for strip... strip
checking for ranlib... ranlib
checking command to parse /usr/bin/nm -B output from gcc object... ok
checking for sysroot... no
checking for a working dd... /usr/bin/dd
checking how to truncate binary pipes... /usr/bin/dd bs=4096 count=1
checking for mt... mt
checking if mt is a manifest tool... no
checking for stdio.h... yes
checking for stdlib.h... yes
checking for string.h... yes
checking for inttypes.h... yes
checking for stdint.h... yes
checking for strings.h... yes
checking for sys/stat.h... yes
checking for sys/types.h... yes
checking for unistd.h... yes
checking for dlfcn.h... yes
checking for objdir... .libs
checking if gcc supports -fno-rtti -fno-exceptions... no
checking for gcc option to produce PIC... -fPIC -DPIC
checking if gcc PIC flag -fPIC -DPIC works... yes
checking if gcc static flag -static works... yes
checking if gcc supports -c -o file.o... yes
checking if gcc supports -c -o file.o... (cached) yes
checking whether the gcc linker (/usr/bin/ld) supports shared libraries... yes
checking whether -lc should be explicitly linked in... no
checking dynamic linker characteristics... GNU/Linux ld.so
checking how to hardcode library paths into programs... immediate
checking whether stripping libraries is possible... yes
checking if libtool supports shared libraries... yes
checking whether to build shared libraries... yes
checking whether to build static libraries... yes
checking for gcc... (cached) gcc
checking whether the compiler supports GNU C... (cached) yes
checking whether gcc accepts -g... (cached) yes
checking for gcc option to enable C11 features... (cached) none needed
checking whether gcc understands -c and -o together... (cached) yes
checking dependency style of gcc... (cached) gcc3
checking whether ln -s works... yes
checking for pkg-config... no
checking dependency style of gcc... gcc3
checking whether to build with code coverage support... no
checking how to create a pax tar archive... gnutar
checking zfs author... OpenZFS
checking zfs license... CDDL
checking whether NLS is requested... yes
checking for msgfmt... no
checking for gmsgfmt... :
checking for xgettext... no
checking for msgmerge... no
checking for ld... /usr/bin/ld
checking if the linker (/usr/bin/ld) is GNU ld... yes
checking for shared library run path origin... done
checking 32-bit host C ABI... no
checking for the common suffixes of directories in the library search path... lib,lib
checking zfs config... kernel
checking the number of available CPUs... 8
checking whether gcc supports -Wno-clobbered... yes
checking whether gcc supports -Winfinite-recursion... yes
checking whether  supports -Winfinite-recursion... yes
checking whether gcc supports -Wimplicit-fallthrough... yes
checking whether gcc supports -Wframe-larger-than=<size>... yes
checking whether gcc supports -Wno-format-truncation... yes
checking whether gcc supports -Wno-format-zero-length... yes
checking whether gcc supports -Wformat-overflow... yes
checking whether gcc supports -fno-omit-frame-pointer... yes
checking whether gcc supports -fno-ipa-sra... yes
checking whether  supports -fno-ipa-sra... yes
checking whether to build with -fsanitize=address support... no
checking whether to build with -fsanitize=undefined support... no
checking whether host toolchain supports SSE... yes
checking whether host toolchain supports SSE2... yes
checking whether host toolchain supports SSE3... yes
checking whether host toolchain supports SSSE3... yes
checking whether host toolchain supports SSE4.1... yes
checking whether host toolchain supports SSE4.2... yes
checking whether host toolchain supports AVX... yes
checking whether host toolchain supports AVX2... yes
checking whether host toolchain supports AVX512F... yes
checking whether host toolchain supports AVX512CD... yes
checking whether host toolchain supports AVX512DQ... yes
checking whether host toolchain supports AVX512BW... yes
checking whether host toolchain supports AVX512IFMA... yes
checking whether host toolchain supports AVX512VBMI... yes
checking whether host toolchain supports AVX512PF... yes
checking whether host toolchain supports AVX512ER... yes
checking whether host toolchain supports AVX512VL... yes
checking whether host toolchain supports AES... yes
checking whether host toolchain supports PCLMULQDQ... yes
checking whether host toolchain supports MOVBE... yes
checking whether host toolchain supports XSAVE... yes
checking whether host toolchain supports XSAVEOPT... yes
checking whether host toolchain supports XSAVES... yes
checking for system type (linux-gnu)... Linux
checking for python3... python3
checking for python version... 3.12
checking for python platform... linux
checking for GNU default python prefix... ${prefix}
checking for GNU default python exec_prefix... ${exec_prefix}
checking for python script directory (pythondir)... ${PYTHON_PREFIX}/local/lib/python3.12/dist-packages
checking for python extension module directory (pyexecdir)... ${PYTHON_EXEC_PREFIX}/local/lib/python3.12/dist-packages
configure: Disabling pyzfs for kernel/srpm config
checking whether to enable pyzfs: ... no
checking for sed --in-place... --in-place
checking for cppcheck... no
checking for shellcheck... no
checking for checkbashisms... no
checking for parallel... no
checking kernel source and build directories... done
checking kernel source directory... /home/aimeat/anvilos/oss_sovereignty/linux-6.6.14
checking kernel build directory... /home/aimeat/anvilos/oss_sovereignty/linux-6.6.14
checking kernel source version... 6.6.14
checking for kernel config option compatibility... done
checking whether CONFIG_MODULES is defined... yes
checking whether CONFIG_BLOCK is defined... yes
checking whether mutex_lock() is GPL-only... no
checking whether CONFIG_TRIM_UNUSED_KSYM is disabled... yes
checking whether CONFIG_ZLIB_DEFLATE is defined... yes
checking whether CONFIG_ZLIB_INFLATE is defined... yes
checking kernel file name for module symbols... configure: error: 
	*** Please make sure the kernel devel package for your distribution
	*** is installed.  If you are building with a custom kernel, make sure
	*** the kernel is configured, built, and the '--with-linux=PATH'
	*** configure option refers to the location of the kernel source.
			
