2026-01-24 16:12:36,611 - [PROCESSOR] - INFO - Processor Daemon Online. Monitoring card_stack...
2026-01-24 16:13:24,474 - [PROCESSOR] - ERROR - Loop Error: database is locked
2026-01-24 16:13:50,071 - [PROCESSOR] - ERROR - Loop Error: database is locked
2026-01-24 16:13:59,001 - [PROCESSOR] - ERROR - Loop Error: database is locked
2026-01-24 16:14:07,260 - [PROCESSOR] - ERROR - Loop Error: database is locked
2026-01-24 16:14:14,965 - [PROCESSOR] - ERROR - Loop Error: database is locked
2026-01-24 16:14:23,571 - [PROCESSOR] - ERROR - Loop Error: database is locked
2026-01-24 16:14:33,038 - [PROCESSOR] - ERROR - Loop Error: database is locked
2026-01-24 16:14:42,924 - [PROCESSOR] - ERROR - Loop Error: database is locked
2026-01-24 16:14:56,651 - [PROCESSOR] - ERROR - Loop Error: database is locked
2026-01-24 16:15:04,247 - [PROCESSOR] - ERROR - Loop Error: database is locked
2026-01-24 16:15:12,469 - [PROCESSOR] - ERROR - Loop Error: database is locked
2026-01-24 16:15:21,590 - [PROCESSOR] - ERROR - Loop Error: database is locked
2026-01-24 16:15:43,773 - [PROCESSOR] - ERROR - Loop Error: database is locked
2026-01-24 16:15:52,246 - [PROCESSOR] - ERROR - Loop Error: database is locked
2026-01-24 16:16:02,398 - [PROCESSOR] - ERROR - Loop Error: database is locked
2026-01-24 16:16:10,060 - [PROCESSOR] - ERROR - Loop Error: database is locked
2026-01-24 16:16:17,678 - [PROCESSOR] - ERROR - Loop Error: database is locked
2026-01-24 16:16:25,841 - [PROCESSOR] - ERROR - Loop Error: database is locked
2026-01-24 16:16:45,411 - [PROCESSOR] - ERROR - Loop Error: database is locked
2026-01-24 16:16:53,369 - [PROCESSOR] - ERROR - Loop Error: database is locked
2026-01-24 16:17:01,823 - [PROCESSOR] - ERROR - Loop Error: database is locked
2026-01-24 16:17:11,508 - [PROCESSOR] - ERROR - Loop Error: database is locked
2026-01-24 16:17:22,249 - [PROCESSOR] - ERROR - Loop Error: database is locked
2026-01-24 16:17:42,265 - [PROCESSOR] - ERROR - Loop Error: database is locked
2026-01-24 16:17:50,606 - [PROCESSOR] - ERROR - Loop Error: database is locked
2026-01-24 16:18:00,230 - [PROCESSOR] - ERROR - Loop Error: database is locked
2026-01-24 16:18:11,856 - [PROCESSOR] - ERROR - Loop Error: database is locked
2026-01-24 16:18:20,085 - [PROCESSOR] - ERROR - Loop Error: database is locked
2026-01-24 16:18:27,749 - [PROCESSOR] - ERROR - Loop Error: database is locked
2026-01-24 16:18:36,627 - [PROCESSOR] - ERROR - Loop Error: database is locked
2026-01-24 16:19:07,508 - [PROCESSOR] - ERROR - Loop Error: database is locked
2026-01-24 16:19:16,320 - [PROCESSOR] - ERROR - Loop Error: database is locked
2026-01-24 16:19:46,608 - [PROCESSOR] - ERROR - Loop Error: database is locked
2026-01-24 16:19:56,605 - [PROCESSOR] - ERROR - Loop Error: database is locked
2026-01-24 16:20:26,472 - [PROCESSOR] - ERROR - Loop Error: database is locked
2026-01-24 16:20:37,594 - [PROCESSOR] - ERROR - Loop Error: database is locked
2026-01-24 16:20:45,495 - [PROCESSOR] - ERROR - Loop Error: database is locked
2026-01-24 16:20:53,117 - [PROCESSOR] - ERROR - Loop Error: database is locked
2026-01-24 16:21:01,406 - [PROCESSOR] - ERROR - Loop Error: database is locked
2026-01-24 16:21:21,952 - [PROCESSOR] - ERROR - Loop Error: database is locked
2026-01-24 16:21:31,506 - [PROCESSOR] - ERROR - Loop Error: database is locked
2026-01-24 16:21:39,491 - [PROCESSOR] - ERROR - Loop Error: database is locked
2026-01-24 16:21:48,439 - [PROCESSOR] - ERROR - Loop Error: database is locked
2026-01-24 16:21:56,003 - [PROCESSOR] - ERROR - Loop Error: database is locked
2026-01-24 16:22:04,021 - [PROCESSOR] - ERROR - Loop Error: database is locked
2026-01-24 16:22:11,632 - [PROCESSOR] - ERROR - Loop Error: database is locked
2026-01-24 16:22:20,206 - [PROCESSOR] - ERROR - Loop Error: database is locked
2026-01-24 16:22:30,822 - [PROCESSOR] - ERROR - Loop Error: database is locked
2026-01-24 16:22:38,577 - [PROCESSOR] - ERROR - Loop Error: database is locked
2026-01-24 16:22:46,422 - [PROCESSOR] - ERROR - Loop Error: database is locked
2026-01-24 16:22:54,209 - [PROCESSOR] - ERROR - Loop Error: database is locked
2026-01-24 16:23:02,777 - [PROCESSOR] - ERROR - Loop Error: database is locked
2026-01-24 16:23:12,817 - [PROCESSOR] - ERROR - Loop Error: database is locked
2026-01-24 16:23:20,696 - [PROCESSOR] - ERROR - Loop Error: database is locked
2026-01-24 16:23:28,476 - [PROCESSOR] - ERROR - Loop Error: database is locked
2026-01-24 16:23:46,605 - [PROCESSOR] - ERROR - Loop Error: database is locked
2026-01-24 16:23:55,591 - [PROCESSOR] - ERROR - Loop Error: database is locked
2026-01-24 16:24:13,107 - [PROCESSOR] - ERROR - Loop Error: database is locked
2026-01-24 16:24:21,071 - [PROCESSOR] - ERROR - Loop Error: database is locked
2026-01-24 16:24:29,522 - [PROCESSOR] - ERROR - Loop Error: database is locked
2026-01-24 16:24:39,466 - [PROCESSOR] - ERROR - Loop Error: database is locked
2026-01-24 16:24:48,774 - [PROCESSOR] - ERROR - Loop Error: database is locked
2026-01-24 16:24:56,410 - [PROCESSOR] - ERROR - Loop Error: database is locked
2026-01-24 16:25:04,886 - [PROCESSOR] - ERROR - Loop Error: database is locked
2026-01-24 16:25:14,064 - [PROCESSOR] - ERROR - Loop Error: database is locked
2026-01-24 16:25:25,102 - [PROCESSOR] - ERROR - Loop Error: database is locked
2026-01-24 16:25:41,462 - [PROCESSOR] - ERROR - Loop Error: database is locked
2026-01-24 16:25:49,464 - [PROCESSOR] - ERROR - Loop Error: database is locked
2026-01-24 16:26:18,184 - [PROCESSOR] - ERROR - Loop Error: database is locked
2026-01-24 16:26:26,327 - [PROCESSOR] - ERROR - Loop Error: database is locked
2026-01-24 16:26:36,031 - [PROCESSOR] - ERROR - Loop Error: database is locked
2026-01-24 16:26:43,565 - [PROCESSOR] - ERROR - Loop Error: database is locked
2026-01-24 16:26:51,086 - [PROCESSOR] - ERROR - Loop Error: database is locked
2026-01-24 16:27:00,006 - [PROCESSOR] - ERROR - Loop Error: database is locked
2026-01-24 16:27:09,217 - [PROCESSOR] - ERROR - Loop Error: database is locked
2026-01-24 16:27:20,156 - [PROCESSOR] - ERROR - Loop Error: database is locked
2026-01-24 16:27:31,935 - [PROCESSOR] - ERROR - Loop Error: database is locked
2026-01-24 16:27:40,124 - [PROCESSOR] - ERROR - Loop Error: database is locked
2026-01-24 16:27:48,555 - [PROCESSOR] - ERROR - Loop Error: database is locked
2026-01-24 16:28:07,420 - [PROCESSOR] - ERROR - Loop Error: database is locked
2026-01-24 16:28:37,276 - [PROCESSOR] - ERROR - Loop Error: database is locked
2026-01-24 16:28:46,538 - [PROCESSOR] - ERROR - Loop Error: database is locked
2026-01-24 16:28:57,732 - [PROCESSOR] - ERROR - Loop Error: database is locked
2026-01-24 16:29:08,835 - [PROCESSOR] - ERROR - Loop Error: database is locked
2026-01-24 16:29:20,369 - [PROCESSOR] - ERROR - Loop Error: database is locked
2026-01-24 16:29:30,084 - [PROCESSOR] - ERROR - Loop Error: database is locked
2026-01-24 16:29:40,857 - [PROCESSOR] - ERROR - Loop Error: database is locked
2026-01-24 16:29:56,101 - [PROCESSOR] - ERROR - Loop Error: database is locked
2026-01-24 16:30:12,828 - [PROCESSOR] - ERROR - Loop Error: database is locked
2026-01-24 16:30:20,710 - [PROCESSOR] - ERROR - Loop Error: database is locked
2026-01-24 16:30:39,841 - [PROCESSOR] - ERROR - Loop Error: database is locked
2026-01-24 16:30:54,769 - [PROCESSOR] - ERROR - Loop Error: database is locked
2026-01-24 16:31:03,857 - [PROCESSOR] - ERROR - Loop Error: database is locked
2026-01-24 16:31:13,515 - [PROCESSOR] - ERROR - Loop Error: database is locked
2026-01-24 16:31:23,200 - [PROCESSOR] - ERROR - Loop Error: database is locked
2026-01-24 16:31:32,282 - [PROCESSOR] - ERROR - Loop Error: database is locked
2026-01-24 16:31:54,828 - [PROCESSOR] - ERROR - Loop Error: database is locked
2026-01-24 16:32:06,569 - [PROCESSOR] - ERROR - Loop Error: database is locked
2026-01-24 16:32:14,453 - [PROCESSOR] - ERROR - Loop Error: database is locked
2026-01-24 16:32:23,416 - [PROCESSOR] - ERROR - Loop Error: database is locked
2026-01-24 16:32:34,042 - [PROCESSOR] - ERROR - Loop Error: database is locked
2026-01-24 16:32:42,284 - [PROCESSOR] - ERROR - Loop Error: database is locked
2026-01-24 16:32:51,194 - [PROCESSOR] - ERROR - Loop Error: database is locked
2026-01-24 16:33:00,473 - [PROCESSOR] - ERROR - Loop Error: database is locked
2026-01-24 16:33:10,297 - [PROCESSOR] - ERROR - Loop Error: database is locked
2026-01-24 16:33:35,367 - [PROCESSOR] - ERROR - Loop Error: database is locked
2026-01-24 16:33:44,505 - [PROCESSOR] - ERROR - Loop Error: database is locked
2026-01-24 16:34:07,041 - [PROCESSOR] - ERROR - Loop Error: database is locked
2026-01-24 16:34:15,511 - [PROCESSOR] - ERROR - Loop Error: database is locked
2026-01-24 16:34:27,042 - [PROCESSOR] - ERROR - Loop Error: database is locked
2026-01-24 16:34:34,939 - [PROCESSOR] - ERROR - Loop Error: database is locked
2026-01-24 16:34:43,211 - [PROCESSOR] - ERROR - Loop Error: database is locked
2026-01-24 16:34:51,534 - [PROCESSOR] - ERROR - Loop Error: database is locked
2026-01-24 16:35:11,181 - [PROCESSOR] - ERROR - Loop Error: database is locked
2026-01-24 16:35:40,084 - [PROCESSOR] - ERROR - Loop Error: database is locked
2026-01-24 16:35:48,886 - [PROCESSOR] - ERROR - Loop Error: database is locked
2026-01-24 16:35:56,677 - [PROCESSOR] - ERROR - Loop Error: database is locked
2026-01-24 16:36:16,601 - [PROCESSOR] - ERROR - Loop Error: database is locked
2026-01-24 16:36:35,649 - [PROCESSOR] - ERROR - Loop Error: database is locked
2026-01-24 16:36:44,607 - [PROCESSOR] - ERROR - Loop Error: database is locked
2026-01-24 16:36:52,560 - [PROCESSOR] - ERROR - Loop Error: database is locked
2026-01-24 16:37:00,161 - [PROCESSOR] - ERROR - Loop Error: database is locked
2026-01-24 16:37:08,637 - [PROCESSOR] - ERROR - Loop Error: database is locked
2026-01-24 16:37:29,519 - [PROCESSOR] - ERROR - Loop Error: database is locked
2026-01-24 16:37:38,075 - [PROCESSOR] - ERROR - Loop Error: database is locked
2026-01-24 16:37:48,103 - [PROCESSOR] - ERROR - Loop Error: database is locked
2026-01-24 16:37:58,131 - [PROCESSOR] - ERROR - Loop Error: database is locked
2026-01-24 16:38:07,427 - [PROCESSOR] - ERROR - Loop Error: database is locked
2026-01-24 16:38:16,919 - [PROCESSOR] - ERROR - Loop Error: database is locked
2026-01-24 16:38:27,347 - [PROCESSOR] - ERROR - Loop Error: database is locked
2026-01-24 16:38:38,723 - [PROCESSOR] - ERROR - Loop Error: database is locked
2026-01-24 16:38:46,922 - [PROCESSOR] - ERROR - Loop Error: database is locked
2026-01-24 16:38:55,021 - [PROCESSOR] - ERROR - Loop Error: database is locked
2026-01-24 16:39:03,104 - [PROCESSOR] - ERROR - Loop Error: database is locked
2026-01-24 16:39:16,874 - [PROCESSOR] - ERROR - Loop Error: database is locked
2026-01-24 16:39:25,519 - [PROCESSOR] - ERROR - Loop Error: database is locked
2026-01-24 16:39:34,241 - [PROCESSOR] - ERROR - Loop Error: database is locked
2026-01-24 16:40:06,297 - [PROCESSOR] - ERROR - Loop Error: database is locked
2026-01-24 16:40:14,449 - [PROCESSOR] - ERROR - Loop Error: database is locked
2026-01-24 16:40:22,420 - [PROCESSOR] - ERROR - Loop Error: database is locked
2026-01-24 16:40:49,378 - [PROCESSOR] - ERROR - Loop Error: database is locked
2026-01-24 16:40:57,291 - [PROCESSOR] - ERROR - Loop Error: database is locked
2026-01-24 16:41:05,370 - [PROCESSOR] - ERROR - Loop Error: database is locked
2026-01-24 16:41:13,913 - [PROCESSOR] - ERROR - Loop Error: database is locked
2026-01-24 16:41:23,145 - [PROCESSOR] - ERROR - Loop Error: database is locked
2026-01-24 16:41:39,246 - [PROCESSOR] - ERROR - Loop Error: database is locked
2026-01-24 16:41:46,951 - [PROCESSOR] - ERROR - Loop Error: database is locked
2026-01-24 16:41:54,823 - [PROCESSOR] - ERROR - Loop Error: database is locked
2026-01-24 16:42:14,064 - [PROCESSOR] - ERROR - Loop Error: database is locked
2026-01-24 16:42:22,094 - [PROCESSOR] - ERROR - Loop Error: database is locked
2026-01-24 16:42:30,413 - [PROCESSOR] - ERROR - Loop Error: database is locked
2026-01-24 16:42:44,157 - [PROCESSOR] - ERROR - Loop Error: database is locked
2026-01-24 16:42:53,143 - [PROCESSOR] - ERROR - Loop Error: database is locked
2026-01-24 16:43:15,660 - [PROCESSOR] - ERROR - Loop Error: database is locked
2026-01-24 16:43:27,969 - [PROCESSOR] - ERROR - Loop Error: database is locked
2026-01-24 16:43:42,585 - [PROCESSOR] - ERROR - Loop Error: database is locked
2026-01-24 16:43:50,543 - [PROCESSOR] - ERROR - Loop Error: database is locked
2026-01-24 16:43:58,626 - [PROCESSOR] - ERROR - Loop Error: database is locked
2026-01-24 16:44:07,241 - [PROCESSOR] - ERROR - Loop Error: database is locked
2026-01-24 16:44:16,087 - [PROCESSOR] - ERROR - Loop Error: database is locked
2026-01-24 16:44:25,035 - [PROCESSOR] - ERROR - Loop Error: database is locked
2026-01-24 16:44:44,543 - [PROCESSOR] - ERROR - Loop Error: database is locked
2026-01-24 16:44:52,780 - [PROCESSOR] - ERROR - Loop Error: database is locked
2026-01-24 16:45:01,518 - [PROCESSOR] - ERROR - Loop Error: database is locked
2026-01-24 16:45:15,250 - [PROCESSOR] - ERROR - Loop Error: database is locked
2026-01-24 16:45:22,934 - [PROCESSOR] - ERROR - Loop Error: database is locked
2026-01-24 16:45:39,229 - [PROCESSOR] - ERROR - Loop Error: database is locked
2026-01-24 16:45:47,784 - [PROCESSOR] - ERROR - Loop Error: database is locked
2026-01-24 16:46:07,913 - [PROCESSOR] - ERROR - Loop Error: database is locked
2026-01-24 16:46:15,815 - [PROCESSOR] - ERROR - Loop Error: database is locked
2026-01-24 16:46:23,894 - [PROCESSOR] - ERROR - Loop Error: database is locked
2026-01-24 16:46:32,157 - [PROCESSOR] - ERROR - Loop Error: database is locked
2026-01-24 16:46:40,987 - [PROCESSOR] - ERROR - Loop Error: database is locked
2026-01-24 16:46:56,436 - [PROCESSOR] - ERROR - Loop Error: database is locked
2026-01-24 16:47:04,230 - [PROCESSOR] - ERROR - Loop Error: database is locked
2026-01-24 16:47:11,827 - [PROCESSOR] - ERROR - Loop Error: database is locked
2026-01-24 16:47:20,473 - [PROCESSOR] - ERROR - Loop Error: database is locked
2026-01-24 16:47:43,144 - [PROCESSOR] - ERROR - Loop Error: database is locked
2026-01-24 16:47:50,893 - [PROCESSOR] - ERROR - Loop Error: database is locked
2026-01-24 16:47:58,593 - [PROCESSOR] - ERROR - Loop Error: database is locked
2026-01-24 16:48:06,705 - [PROCESSOR] - ERROR - Loop Error: database is locked
2026-01-24 16:48:15,466 - [PROCESSOR] - ERROR - Loop Error: database is locked
2026-01-24 16:48:38,643 - [PROCESSOR] - ERROR - Loop Error: database is locked
2026-01-24 16:48:46,801 - [PROCESSOR] - ERROR - Loop Error: database is locked
2026-01-24 16:49:06,323 - [PROCESSOR] - ERROR - Loop Error: database is locked
2026-01-24 16:49:15,299 - [PROCESSOR] - ERROR - Loop Error: database is locked
2026-01-24 16:49:23,156 - [PROCESSOR] - ERROR - Loop Error: database is locked
2026-01-24 16:49:30,908 - [PROCESSOR] - ERROR - Loop Error: database is locked
2026-01-24 16:49:48,443 - [PROCESSOR] - ERROR - Loop Error: database is locked
2026-01-24 16:49:56,564 - [PROCESSOR] - ERROR - Loop Error: database is locked
2026-01-24 16:50:05,192 - [PROCESSOR] - ERROR - Loop Error: database is locked
2026-01-24 16:50:15,414 - [PROCESSOR] - ERROR - Loop Error: database is locked
2026-01-24 16:50:27,317 - [PROCESSOR] - ERROR - Loop Error: database is locked
2026-01-24 16:50:38,051 - [PROCESSOR] - ERROR - Loop Error: database is locked
2026-01-24 16:50:49,188 - [PROCESSOR] - ERROR - Loop Error: database is locked
2026-01-24 16:51:11,358 - [PROCESSOR] - ERROR - Loop Error: database is locked
2026-01-24 16:51:36,518 - [PROCESSOR] - ERROR - Loop Error: database is locked
2026-01-24 16:51:47,337 - [PROCESSOR] - ERROR - Loop Error: database is locked
2026-01-24 16:51:55,724 - [PROCESSOR] - ERROR - Loop Error: database is locked
2026-01-24 16:52:04,440 - [PROCESSOR] - ERROR - Loop Error: database is locked
2026-01-24 16:52:12,577 - [PROCESSOR] - ERROR - Loop Error: database is locked
2026-01-24 16:52:21,673 - [PROCESSOR] - ERROR - Loop Error: database is locked
2026-01-24 16:52:40,988 - [PROCESSOR] - ERROR - Loop Error: database is locked
2026-01-24 16:52:49,548 - [PROCESSOR] - ERROR - Loop Error: database is locked
2026-01-24 16:53:04,958 - [PROCESSOR] - ERROR - Loop Error: database is locked
2026-01-24 16:53:13,304 - [PROCESSOR] - ERROR - Loop Error: database is locked
2026-01-24 16:53:31,056 - [PROCESSOR] - ERROR - Loop Error: database is locked
2026-01-24 16:53:39,046 - [PROCESSOR] - ERROR - Loop Error: database is locked
2026-01-24 16:53:47,078 - [PROCESSOR] - ERROR - Loop Error: database is locked
2026-01-24 16:53:57,115 - [PROCESSOR] - ERROR - Loop Error: database is locked
2026-01-24 16:54:04,760 - [PROCESSOR] - ERROR - Loop Error: database is locked
2026-01-24 16:54:21,554 - [PROCESSOR] - ERROR - Loop Error: database is locked
2026-01-24 16:54:30,305 - [PROCESSOR] - ERROR - Loop Error: database is locked
2026-01-24 16:54:38,469 - [PROCESSOR] - ERROR - Loop Error: database is locked
2026-01-24 16:54:47,371 - [PROCESSOR] - ERROR - Loop Error: database is locked
2026-01-24 16:55:03,580 - [PROCESSOR] - ERROR - Loop Error: database is locked
2026-01-24 16:55:11,194 - [PROCESSOR] - ERROR - Loop Error: database is locked
2026-01-24 16:55:19,036 - [PROCESSOR] - ERROR - Loop Error: database is locked
2026-01-24 16:55:37,745 - [PROCESSOR] - ERROR - Loop Error: database is locked
2026-01-24 16:55:46,615 - [PROCESSOR] - ERROR - Loop Error: database is locked
2026-01-24 16:56:06,205 - [PROCESSOR] - ERROR - Loop Error: database is locked
2026-01-24 16:56:14,925 - [PROCESSOR] - ERROR - Loop Error: database is locked
2026-01-24 16:56:38,520 - [PROCESSOR] - ERROR - Loop Error: database is locked
2026-01-24 16:56:46,159 - [PROCESSOR] - ERROR - Loop Error: database is locked
2026-01-24 16:56:55,034 - [PROCESSOR] - ERROR - Loop Error: database is locked
2026-01-24 16:57:04,712 - [PROCESSOR] - ERROR - Loop Error: database is locked
2026-01-24 16:57:14,412 - [PROCESSOR] - ERROR - Loop Error: database is locked
2026-01-24 16:57:32,026 - [PROCESSOR] - ERROR - Loop Error: database is locked
2026-01-24 16:57:40,757 - [PROCESSOR] - ERROR - Loop Error: database is locked
2026-01-24 16:57:48,820 - [PROCESSOR] - ERROR - Loop Error: database is locked
2026-01-24 16:57:58,451 - [PROCESSOR] - ERROR - Loop Error: database is locked
2026-01-24 16:58:09,126 - [PROCESSOR] - ERROR - Loop Error: database is locked
2026-01-24 16:58:32,915 - [PROCESSOR] - ERROR - Loop Error: database is locked
2026-01-24 16:58:40,896 - [PROCESSOR] - ERROR - Loop Error: database is locked
2026-01-24 16:58:49,613 - [PROCESSOR] - ERROR - Loop Error: database is locked
2026-01-24 16:58:57,313 - [PROCESSOR] - ERROR - Loop Error: database is locked
2026-01-24 16:59:05,081 - [PROCESSOR] - ERROR - Loop Error: database is locked
2026-01-24 16:59:13,071 - [PROCESSOR] - ERROR - Loop Error: database is locked
2026-01-24 16:59:21,677 - [PROCESSOR] - ERROR - Loop Error: database is locked
2026-01-24 16:59:31,165 - [PROCESSOR] - ERROR - Loop Error: database is locked
2026-01-24 16:59:42,229 - [PROCESSOR] - ERROR - Loop Error: database is locked
2026-01-24 16:59:52,401 - [PROCESSOR] - ERROR - Loop Error: database is locked
2026-01-24 17:00:01,385 - [PROCESSOR] - ERROR - Loop Error: database is locked
2026-01-24 17:00:22,076 - [PROCESSOR] - ERROR - Loop Error: database is locked
2026-01-24 17:00:31,267 - [PROCESSOR] - ERROR - Loop Error: database is locked
2026-01-24 17:00:45,853 - [PROCESSOR] - ERROR - Loop Error: database is locked
2026-01-24 17:00:54,810 - [PROCESSOR] - ERROR - Loop Error: database is locked
2026-01-24 17:01:04,068 - [PROCESSOR] - ERROR - Loop Error: database is locked
2026-01-24 17:01:14,526 - [PROCESSOR] - ERROR - Loop Error: database is locked
2026-01-24 17:01:25,140 - [PROCESSOR] - ERROR - Loop Error: database is locked
2026-01-24 17:01:34,919 - [PROCESSOR] - ERROR - Loop Error: database is locked
2026-01-24 17:01:44,380 - [PROCESSOR] - ERROR - Loop Error: database is locked
2026-01-24 17:02:06,711 - [PROCESSOR] - ERROR - Loop Error: database is locked
2026-01-24 17:02:14,965 - [PROCESSOR] - ERROR - Loop Error: database is locked
2026-01-24 17:02:24,083 - [PROCESSOR] - ERROR - Loop Error: database is locked
2026-01-24 17:02:34,116 - [PROCESSOR] - ERROR - Loop Error: database is locked
2026-01-24 17:02:44,215 - [PROCESSOR] - ERROR - Loop Error: database is locked
2026-01-24 17:02:55,582 - [PROCESSOR] - ERROR - Loop Error: database is locked
2026-01-24 17:03:06,741 - [PROCESSOR] - ERROR - Loop Error: database is locked
2026-01-24 17:03:14,505 - [PROCESSOR] - ERROR - Loop Error: database is locked
2026-01-24 17:03:32,942 - [PROCESSOR] - ERROR - Loop Error: database is locked
2026-01-24 17:03:48,043 - [PROCESSOR] - ERROR - Loop Error: database is locked
2026-01-24 17:04:08,777 - [PROCESSOR] - ERROR - Loop Error: database is locked
2026-01-24 17:04:16,899 - [PROCESSOR] - ERROR - Loop Error: database is locked
2026-01-24 17:04:35,091 - [PROCESSOR] - ERROR - Loop Error: database is locked
2026-01-24 17:04:56,741 - [PROCESSOR] - ERROR - Loop Error: database is locked
2026-01-24 17:05:04,665 - [PROCESSOR] - ERROR - Loop Error: database is locked
2026-01-24 17:05:12,647 - [PROCESSOR] - ERROR - Loop Error: database is locked
2026-01-24 17:05:20,792 - [PROCESSOR] - ERROR - Loop Error: database is locked
2026-01-24 17:05:30,392 - [PROCESSOR] - ERROR - Loop Error: database is locked
2026-01-24 17:05:41,113 - [PROCESSOR] - ERROR - Loop Error: database is locked
2026-01-24 17:05:56,415 - [PROCESSOR] - ERROR - Loop Error: database is locked
2026-01-24 17:06:04,975 - [PROCESSOR] - ERROR - Loop Error: database is locked
2026-01-24 17:06:14,966 - [PROCESSOR] - ERROR - Loop Error: database is locked
2026-01-24 17:06:25,876 - [PROCESSOR] - ERROR - Loop Error: database is locked
2026-01-24 17:06:41,756 - [PROCESSOR] - ERROR - Loop Error: database is locked
2026-01-24 17:06:50,395 - [PROCESSOR] - ERROR - Loop Error: database is locked
2026-01-24 17:07:38,149 - [PROCESSOR] - ERROR - Loop Error: database is locked
2026-01-24 17:07:46,544 - [PROCESSOR] - ERROR - Loop Error: database is locked
2026-01-24 17:07:55,059 - [PROCESSOR] - ERROR - Loop Error: database is locked
2026-01-24 17:08:04,661 - [PROCESSOR] - ERROR - Loop Error: database is locked
2026-01-24 17:08:15,226 - [PROCESSOR] - ERROR - Loop Error: database is locked
2026-01-24 17:08:22,920 - [PROCESSOR] - ERROR - Loop Error: database is locked
2026-01-24 17:08:31,412 - [PROCESSOR] - ERROR - Loop Error: database is locked
2026-01-24 17:08:40,068 - [PROCESSOR] - ERROR - Loop Error: database is locked
2026-01-24 17:08:49,762 - [PROCESSOR] - ERROR - Loop Error: database is locked
2026-01-24 17:09:11,943 - [PROCESSOR] - ERROR - Loop Error: database is locked
2026-01-24 17:09:23,850 - [PROCESSOR] - ERROR - Loop Error: database is locked
2026-01-24 17:09:32,226 - [PROCESSOR] - ERROR - Loop Error: database is locked
2026-01-24 17:09:40,689 - [PROCESSOR] - ERROR - Loop Error: database is locked
2026-01-24 17:10:04,793 - [PROCESSOR] - ERROR - Loop Error: database is locked
2026-01-24 17:10:23,306 - [PROCESSOR] - ERROR - Loop Error: database is locked
2026-01-24 17:10:50,733 - [PROCESSOR] - ERROR - Loop Error: database is locked
2026-01-24 17:11:07,627 - [PROCESSOR] - ERROR - Loop Error: database is locked
2026-01-24 17:11:33,979 - [PROCESSOR] - ERROR - Loop Error: database is locked
2026-01-24 17:11:42,998 - [PROCESSOR] - ERROR - Loop Error: database is locked
2026-01-24 17:11:53,882 - [PROCESSOR] - ERROR - Loop Error: database is locked
2026-01-24 17:12:05,641 - [PROCESSOR] - ERROR - Loop Error: database is locked
2026-01-24 17:12:15,581 - [PROCESSOR] - ERROR - Loop Error: database is locked
2026-01-24 17:12:36,281 - [PROCESSOR] - ERROR - Loop Error: database is locked
2026-01-24 17:12:45,443 - [PROCESSOR] - ERROR - Loop Error: database is locked
2026-01-24 17:13:03,802 - [PROCESSOR] - ERROR - Loop Error: database is locked
2026-01-24 17:13:12,022 - [PROCESSOR] - ERROR - Loop Error: database is locked
2026-01-24 17:13:48,838 - [PROCESSOR] - ERROR - Loop Error: database is locked
2026-01-24 17:14:12,103 - [PROCESSOR] - ERROR - Loop Error: database is locked
2026-01-24 17:14:37,620 - [PROCESSOR] - ERROR - Loop Error: database is locked
2026-01-24 17:14:45,531 - [PROCESSOR] - ERROR - Loop Error: database is locked
2026-01-24 17:14:54,381 - [PROCESSOR] - ERROR - Loop Error: database is locked
2026-01-24 17:15:15,902 - [PROCESSOR] - ERROR - Loop Error: database is locked
2026-01-24 17:15:23,989 - [PROCESSOR] - ERROR - Loop Error: database is locked
2026-01-24 17:15:43,296 - [PROCESSOR] - ERROR - Loop Error: database is locked
2026-01-24 17:15:51,755 - [PROCESSOR] - ERROR - Loop Error: database is locked
2026-01-24 17:16:02,211 - [PROCESSOR] - ERROR - Loop Error: database is locked
2026-01-24 17:16:11,168 - [PROCESSOR] - ERROR - Loop Error: database is locked
2026-01-24 17:16:21,900 - [PROCESSOR] - ERROR - Loop Error: database is locked
2026-01-24 17:16:32,461 - [PROCESSOR] - ERROR - Loop Error: database is locked
2026-01-24 17:16:43,169 - [PROCESSOR] - ERROR - Loop Error: database is locked
2026-01-24 17:16:52,890 - [PROCESSOR] - ERROR - Loop Error: database is locked
2026-01-24 17:17:02,802 - [PROCESSOR] - ERROR - Loop Error: database is locked
2026-01-24 17:17:21,705 - [PROCESSOR] - ERROR - Loop Error: database is locked
2026-01-24 17:17:29,683 - [PROCESSOR] - ERROR - Loop Error: database is locked
2026-01-24 17:17:38,438 - [PROCESSOR] - ERROR - Loop Error: database is locked
2026-01-24 17:17:49,161 - [PROCESSOR] - ERROR - Loop Error: database is locked
2026-01-24 17:18:00,490 - [PROCESSOR] - ERROR - Loop Error: database is locked
2026-01-24 17:18:08,105 - [PROCESSOR] - ERROR - Loop Error: database is locked
2026-01-24 17:18:16,013 - [PROCESSOR] - ERROR - Loop Error: database is locked
2026-01-24 17:18:23,691 - [PROCESSOR] - ERROR - Loop Error: database is locked
2026-01-24 17:18:31,417 - [PROCESSOR] - ERROR - Loop Error: database is locked
2026-01-24 17:18:48,430 - [PROCESSOR] - ERROR - Loop Error: database is locked
2026-01-24 17:18:56,469 - [PROCESSOR] - ERROR - Loop Error: database is locked
2026-01-24 17:19:04,612 - [PROCESSOR] - ERROR - Loop Error: database is locked
2026-01-24 17:19:14,186 - [PROCESSOR] - ERROR - Loop Error: database is locked
2026-01-24 17:19:25,006 - [PROCESSOR] - ERROR - Loop Error: database is locked
2026-01-24 17:19:34,041 - [PROCESSOR] - ERROR - Loop Error: database is locked
2026-01-24 17:19:54,576 - [PROCESSOR] - ERROR - Loop Error: database is locked
2026-01-24 17:20:02,662 - [PROCESSOR] - ERROR - Loop Error: database is locked
2026-01-24 17:20:10,967 - [PROCESSOR] - ERROR - Loop Error: database is locked
2026-01-24 17:20:20,453 - [PROCESSOR] - ERROR - Loop Error: database is locked
2026-01-24 17:20:28,605 - [PROCESSOR] - ERROR - Loop Error: database is locked
2026-01-24 17:20:37,311 - [PROCESSOR] - ERROR - Loop Error: database is locked
2026-01-24 17:20:58,739 - [PROCESSOR] - ERROR - Loop Error: database is locked
2026-01-24 17:21:07,340 - [PROCESSOR] - ERROR - Loop Error: database is locked
2026-01-24 17:21:23,357 - [PROCESSOR] - ERROR - Loop Error: database is locked
2026-01-24 17:21:31,758 - [PROCESSOR] - ERROR - Loop Error: database is locked
2026-01-24 17:21:39,958 - [PROCESSOR] - ERROR - Loop Error: database is locked
2026-01-24 17:21:49,829 - [PROCESSOR] - ERROR - Loop Error: database is locked
2026-01-24 17:22:00,227 - [PROCESSOR] - ERROR - Loop Error: database is locked
2026-01-24 17:22:10,167 - [PROCESSOR] - ERROR - Loop Error: database is locked
2026-01-24 17:22:19,768 - [PROCESSOR] - ERROR - Loop Error: database is locked
2026-01-24 17:22:29,106 - [PROCESSOR] - ERROR - Loop Error: database is locked
2026-01-24 17:22:38,506 - [PROCESSOR] - ERROR - Loop Error: database is locked
2026-01-24 17:22:49,133 - [PROCESSOR] - ERROR - Loop Error: database is locked
2026-01-24 17:22:57,120 - [PROCESSOR] - ERROR - Loop Error: database is locked
2026-01-24 17:23:05,148 - [PROCESSOR] - ERROR - Loop Error: database is locked
2026-01-24 17:23:13,777 - [PROCESSOR] - ERROR - Loop Error: database is locked
2026-01-24 17:23:23,679 - [PROCESSOR] - ERROR - Loop Error: database is locked
2026-01-24 17:23:56,323 - [PROCESSOR] - ERROR - Loop Error: database is locked
2026-01-24 17:24:04,512 - [PROCESSOR] - ERROR - Loop Error: database is locked
2026-01-24 17:24:12,571 - [PROCESSOR] - ERROR - Loop Error: database is locked
2026-01-24 17:24:21,071 - [PROCESSOR] - ERROR - Loop Error: database is locked
2026-01-24 17:24:40,463 - [PROCESSOR] - ERROR - Loop Error: database is locked
2026-01-24 17:24:48,271 - [PROCESSOR] - ERROR - Loop Error: database is locked
2026-01-24 17:24:57,348 - [PROCESSOR] - ERROR - Loop Error: database is locked
2026-01-24 17:25:10,180 - [PROCESSOR] - ERROR - Loop Error: database is locked
2026-01-24 17:25:20,457 - [PROCESSOR] - ERROR - Loop Error: database is locked
2026-01-24 17:25:34,397 - [PROCESSOR] - ERROR - Loop Error: database is locked
2026-01-24 17:25:44,241 - [PROCESSOR] - ERROR - Loop Error: database is locked
2026-01-24 17:25:53,273 - [PROCESSOR] - ERROR - Loop Error: database is locked
2026-01-24 17:26:04,352 - [PROCESSOR] - ERROR - Loop Error: database is locked
2026-01-24 17:26:29,255 - [PROCESSOR] - ERROR - Loop Error: database is locked
2026-01-24 17:26:38,711 - [PROCESSOR] - ERROR - Loop Error: database is locked
2026-01-24 17:26:48,760 - [PROCESSOR] - ERROR - Loop Error: database is locked
2026-01-24 17:26:59,652 - [PROCESSOR] - ERROR - Loop Error: database is locked
2026-01-24 17:27:11,830 - [PROCESSOR] - ERROR - Loop Error: database is locked
2026-01-24 17:27:19,987 - [PROCESSOR] - ERROR - Loop Error: database is locked
2026-01-24 17:27:29,045 - [PROCESSOR] - ERROR - Loop Error: database is locked
2026-01-24 17:27:40,574 - [PROCESSOR] - ERROR - Loop Error: database is locked
2026-01-24 17:27:48,499 - [PROCESSOR] - ERROR - Loop Error: database is locked
2026-01-24 17:27:56,967 - [PROCESSOR] - ERROR - Loop Error: database is locked
2026-01-24 17:28:06,448 - [PROCESSOR] - ERROR - Loop Error: database is locked
2026-01-24 17:28:18,843 - [PROCESSOR] - ERROR - Loop Error: database is locked
2026-01-24 17:28:26,560 - [PROCESSOR] - ERROR - Loop Error: database is locked
2026-01-24 17:28:35,877 - [PROCESSOR] - ERROR - Loop Error: database is locked
2026-01-24 17:28:43,948 - [PROCESSOR] - ERROR - Loop Error: database is locked
2026-01-24 17:28:52,755 - [PROCESSOR] - ERROR - Loop Error: database is locked
2026-01-24 17:29:01,718 - [PROCESSOR] - ERROR - Loop Error: database is locked
2026-01-24 17:29:22,213 - [PROCESSOR] - ERROR - Loop Error: database is locked
2026-01-24 17:29:30,540 - [PROCESSOR] - ERROR - Loop Error: database is locked
2026-01-24 17:29:58,588 - [PROCESSOR] - ERROR - Loop Error: database is locked
2026-01-24 17:30:17,629 - [PROCESSOR] - ERROR - Loop Error: database is locked
2026-01-24 17:30:30,249 - [PROCESSOR] - ERROR - Loop Error: database is locked
2026-01-24 17:30:54,375 - [PROCESSOR] - ERROR - Loop Error: database is locked
2026-01-24 17:31:03,198 - [PROCESSOR] - ERROR - Loop Error: database is locked
2026-01-24 17:31:14,819 - [PROCESSOR] - ERROR - Loop Error: database is locked
2026-01-24 17:31:29,569 - [PROCESSOR] - ERROR - Loop Error: database is locked
2026-01-24 17:31:38,570 - [PROCESSOR] - ERROR - Loop Error: database is locked
2026-01-24 17:31:48,155 - [PROCESSOR] - ERROR - Loop Error: database is locked
2026-01-24 17:32:08,562 - [PROCESSOR] - ERROR - Loop Error: database is locked
2026-01-24 17:32:16,601 - [PROCESSOR] - ERROR - Loop Error: database is locked
2026-01-24 17:32:25,323 - [PROCESSOR] - ERROR - Loop Error: database is locked
2026-01-24 17:32:43,030 - [PROCESSOR] - ERROR - Loop Error: database is locked
2026-01-24 17:32:50,771 - [PROCESSOR] - ERROR - Loop Error: database is locked
2026-01-24 17:33:00,417 - [PROCESSOR] - ERROR - Loop Error: database is locked
2026-01-24 17:33:09,943 - [PROCESSOR] - ERROR - Loop Error: database is locked
2026-01-24 17:33:18,912 - [PROCESSOR] - ERROR - Loop Error: database is locked
2026-01-24 17:33:29,629 - [PROCESSOR] - ERROR - Loop Error: database is locked
2026-01-24 17:33:40,967 - [PROCESSOR] - ERROR - Loop Error: database is locked
2026-01-24 17:33:48,969 - [PROCESSOR] - ERROR - Loop Error: database is locked
2026-01-24 17:33:56,700 - [PROCESSOR] - ERROR - Loop Error: database is locked
2026-01-24 17:34:04,643 - [PROCESSOR] - ERROR - Loop Error: database is locked
2026-01-24 17:34:13,138 - [PROCESSOR] - ERROR - Loop Error: database is locked
2026-01-24 17:34:22,692 - [PROCESSOR] - ERROR - Loop Error: database is locked
2026-01-24 17:34:32,093 - [PROCESSOR] - ERROR - Loop Error: database is locked
2026-01-24 17:34:42,628 - [PROCESSOR] - ERROR - Loop Error: database is locked
2026-01-24 17:34:54,081 - [PROCESSOR] - ERROR - Loop Error: database is locked
2026-01-24 17:35:15,806 - [PROCESSOR] - ERROR - Loop Error: database is locked
2026-01-24 17:35:25,284 - [PROCESSOR] - ERROR - Loop Error: database is locked
2026-01-24 17:35:36,996 - [PROCESSOR] - ERROR - Loop Error: database is locked
2026-01-24 17:35:49,788 - [PROCESSOR] - ERROR - Loop Error: database is locked
2026-01-24 17:35:58,191 - [PROCESSOR] - ERROR - Loop Error: database is locked
2026-01-24 17:36:08,281 - [PROCESSOR] - ERROR - Loop Error: database is locked
2026-01-24 17:36:18,529 - [PROCESSOR] - ERROR - Loop Error: database is locked
2026-01-24 17:36:28,869 - [PROCESSOR] - ERROR - Loop Error: database is locked
2026-01-24 17:36:40,853 - [PROCESSOR] - ERROR - Loop Error: database is locked
2026-01-24 17:36:49,420 - [PROCESSOR] - ERROR - Loop Error: database is locked
2026-01-24 17:36:59,525 - [PROCESSOR] - ERROR - Loop Error: database is locked
2026-01-24 17:37:08,455 - [PROCESSOR] - ERROR - Loop Error: database is locked
2026-01-24 17:37:27,358 - [PROCESSOR] - ERROR - Loop Error: database is locked
2026-01-24 17:37:55,505 - [PROCESSOR] - ERROR - Loop Error: database is locked
2026-01-24 17:38:23,250 - [PROCESSOR] - ERROR - Loop Error: database is locked
2026-01-24 17:38:32,011 - [PROCESSOR] - ERROR - Loop Error: database is locked
2026-01-24 17:38:43,232 - [PROCESSOR] - ERROR - Loop Error: database is locked
2026-01-24 17:38:51,370 - [PROCESSOR] - ERROR - Loop Error: database is locked
2026-01-24 17:39:00,774 - [PROCESSOR] - ERROR - Loop Error: database is locked
2026-01-24 17:39:12,648 - [PROCESSOR] - ERROR - Loop Error: database is locked
2026-01-24 17:39:34,002 - [PROCESSOR] - ERROR - Loop Error: database is locked
2026-01-24 17:39:42,642 - [PROCESSOR] - ERROR - Loop Error: database is locked
2026-01-24 17:39:52,121 - [PROCESSOR] - ERROR - Loop Error: database is locked
2026-01-24 17:40:03,712 - [PROCESSOR] - ERROR - Loop Error: database is locked
2026-01-24 17:40:16,759 - [PROCESSOR] - ERROR - Loop Error: database is locked
2026-01-24 17:40:37,172 - [PROCESSOR] - ERROR - Loop Error: database is locked
2026-01-24 17:40:58,243 - [PROCESSOR] - ERROR - Loop Error: database is locked
2026-01-24 17:41:16,626 - [PROCESSOR] - ERROR - Loop Error: database is locked
2026-01-24 17:41:25,463 - [PROCESSOR] - ERROR - Loop Error: database is locked
2026-01-24 20:13:59,340 - [PROCESSOR] - ERROR - Loop Error: database is locked
2026-01-24 20:14:07,809 - [PROCESSOR] - ERROR - Loop Error: database is locked
2026-01-24 20:14:22,566 - [PROCESSOR] - ERROR - Loop Error: database is locked
2026-01-24 20:14:30,995 - [PROCESSOR] - ERROR - Loop Error: database is locked
2026-01-24 20:14:39,453 - [PROCESSOR] - ERROR - Loop Error: database is locked
2026-01-24 20:14:47,952 - [PROCESSOR] - ERROR - Loop Error: database is locked
2026-01-24 20:14:56,526 - [PROCESSOR] - ERROR - Loop Error: database is locked
2026-01-24 20:15:04,884 - [PROCESSOR] - ERROR - Loop Error: database is locked
2026-01-24 20:15:14,293 - [PROCESSOR] - ERROR - Loop Error: database is locked
2026-01-24 20:15:23,213 - [PROCESSOR] - ERROR - Loop Error: database is locked
2026-01-24 20:15:31,836 - [PROCESSOR] - ERROR - Loop Error: database is locked
2026-01-24 20:15:39,987 - [PROCESSOR] - ERROR - Loop Error: database is locked
2026-01-24 20:15:48,660 - [PROCESSOR] - ERROR - Loop Error: database is locked
2026-01-24 20:16:00,995 - [PROCESSOR] - INFO - Processing Card 34a0bd6b-f218-481e-b79e-cd766ed022c3: SYS_CMD
2026-01-24 20:16:00,997 - [PROCESSOR] - INFO - Executing System Command: sudo apt-get update && sudo apt-get install -y psmisc
2026-01-24 20:16:09,053 - [PROCESSOR] - ERROR - Loop Error: database is locked
2026-01-24 20:16:17,466 - [PROCESSOR] - ERROR - Loop Error: database is locked
2026-01-24 20:16:25,601 - [PROCESSOR] - ERROR - Loop Error: database is locked
2026-01-24 20:16:34,943 - [PROCESSOR] - ERROR - Loop Error: database is locked
2026-01-24 20:16:44,551 - [PROCESSOR] - ERROR - Loop Error: database is locked
2026-01-24 20:16:55,343 - [PROCESSOR] - ERROR - Loop Error: database is locked
2026-01-24 20:17:07,487 - [PROCESSOR] - ERROR - Loop Error: database is locked
2026-01-24 20:17:15,439 - [PROCESSOR] - ERROR - Loop Error: database is locked
2026-01-24 20:17:23,361 - [PROCESSOR] - ERROR - Loop Error: database is locked
2026-01-24 20:17:32,652 - [PROCESSOR] - ERROR - Loop Error: database is locked
2026-01-24 20:17:42,669 - [PROCESSOR] - ERROR - Loop Error: database is locked
2026-01-24 20:17:50,307 - [PROCESSOR] - ERROR - Loop Error: database is locked
2026-01-24 20:17:58,775 - [PROCESSOR] - ERROR - Loop Error: database is locked
2026-01-24 20:18:07,950 - [PROCESSOR] - ERROR - Loop Error: database is locked
2026-01-24 20:18:23,534 - [PROCESSOR] - ERROR - Loop Error: database is locked
2026-01-24 20:18:31,684 - [PROCESSOR] - ERROR - Loop Error: database is locked
2026-01-24 20:18:41,252 - [PROCESSOR] - ERROR - Loop Error: database is locked
2026-01-24 20:18:58,203 - [PROCESSOR] - ERROR - Loop Error: database is locked
2026-01-24 20:19:07,381 - [PROCESSOR] - ERROR - Loop Error: database is locked
2026-01-24 20:19:15,745 - [PROCESSOR] - ERROR - Loop Error: database is locked
2026-01-24 20:19:23,759 - [PROCESSOR] - ERROR - Loop Error: database is locked
2026-01-24 20:19:32,854 - [PROCESSOR] - ERROR - Loop Error: database is locked
2026-01-24 20:19:45,021 - [PROCESSOR] - ERROR - Loop Error: database is locked
2026-01-24 20:19:52,926 - [PROCESSOR] - ERROR - Loop Error: database is locked
2026-01-24 20:20:13,296 - [PROCESSOR] - ERROR - Loop Error: database is locked
2026-01-24 20:20:22,843 - [PROCESSOR] - ERROR - Loop Error: database is locked
2026-01-24 20:20:34,374 - [PROCESSOR] - ERROR - Loop Error: database is locked
2026-01-24 20:20:42,453 - [PROCESSOR] - ERROR - Loop Error: database is locked
2026-01-24 20:20:52,085 - [PROCESSOR] - ERROR - Loop Error: database is locked
2026-01-24 20:21:02,899 - [PROCESSOR] - ERROR - Loop Error: database is locked
2026-01-24 20:21:29,938 - [PROCESSOR] - ERROR - Loop Error: database is locked
2026-01-24 20:21:42,332 - [PROCESSOR] - ERROR - Loop Error: database is locked
2026-01-24 20:21:50,627 - [PROCESSOR] - ERROR - Loop Error: database is locked
2026-01-24 20:21:59,371 - [PROCESSOR] - ERROR - Loop Error: database is locked
2026-01-24 20:22:07,961 - [PROCESSOR] - ERROR - Loop Error: database is locked
2026-01-24 20:22:26,574 - [PROCESSOR] - ERROR - Loop Error: database is locked
2026-01-24 20:22:35,624 - [PROCESSOR] - ERROR - Loop Error: database is locked
2026-01-24 20:22:45,304 - [PROCESSOR] - ERROR - Loop Error: database is locked
2026-01-24 20:22:56,256 - [PROCESSOR] - ERROR - Loop Error: database is locked
2026-01-24 20:23:04,138 - [PROCESSOR] - ERROR - Loop Error: database is locked
2026-01-24 20:23:13,427 - [PROCESSOR] - ERROR - Loop Error: database is locked
2026-01-24 20:23:37,372 - [PROCESSOR] - ERROR - Loop Error: database is locked
2026-01-24 20:23:49,042 - [PROCESSOR] - ERROR - Loop Error: database is locked
2026-01-24 20:23:56,820 - [PROCESSOR] - ERROR - Loop Error: database is locked
2026-01-24 20:24:05,906 - [PROCESSOR] - ERROR - Loop Error: database is locked
2026-01-24 20:24:15,037 - [PROCESSOR] - ERROR - Loop Error: database is locked
2026-01-24 20:24:27,324 - [PROCESSOR] - ERROR - Loop Error: database is locked
2026-01-24 20:24:39,973 - [PROCESSOR] - ERROR - Loop Error: database is locked
