2026-01-23 23:15:01,321 - [PROCESSOR] - INFO - Processor Daemon Online. Monitoring card_stack...
2026-01-23 23:15:01,326 - [PROCESSOR] - INFO - Processing Card c6cf86aa-3b77-4dee-8fa5-4e1dd90c712b: SYS_CMD
2026-01-23 23:15:01,326 - [PROCESSOR] - INFO - Executing System Command: cd /mnt/anvil_temp/ascii_oss/src/firecracker && export APPROVED=ext/toolchain && export SOV_CC=/mnt/anvil_temp/github/anvilos_beta/ext/toolchain/bin/x86_64-unknown-linux-musl-gcc && export CC_x86_64_unknown_linux_musl=$SOV_CC && export CARGO_TARGET_X86_64_UNKNOWN_LINUX_MUSL_LINKER=$SOV_CC && cargo build --release --target x86_64-unknown-linux-musl --no-default-features && cp target/x86_64-unknown-linux-musl/release/firecracker /mnt/anvil_temp/ascii_oss/bin/anvil-vmm
2026-01-23 23:15:01,973 - [PROCESSOR] - INFO - Card c6cf86aa-3b77-4dee-8fa5-4e1dd90c712b finished with status 9
2026-01-23 23:15:04,020 - [PROCESSOR] - INFO - Processing Card 41accf53-aa92-4093-9cd8-7d67cb76225e: FILE_WRITE
2026-01-23 23:15:04,020 - [PROCESSOR] - ERROR - Loop Error: expected str, bytes or os.PathLike object, not NoneType
2026-01-23 23:15:06,030 - [PROCESSOR] - INFO - Processing Card 83c78a59-8a51-410b-9ead-8498021ec1b9: FILE_WRITE
2026-01-23 23:15:06,031 - [PROCESSOR] - ERROR - Loop Error: expected str, bytes or os.PathLike object, not NoneType
2026-01-23 23:15:08,041 - [PROCESSOR] - INFO - Processing Card 7e7ba8f8-8622-4467-ad0b-265aae9fb3a4: FILE_WRITE
2026-01-23 23:15:08,041 - [PROCESSOR] - ERROR - Loop Error: expected str, bytes or os.PathLike object, not NoneType
2026-01-23 23:15:10,052 - [PROCESSOR] - INFO - Processing Card 1ba41cc2-b745-418a-9a04-6de3ff4cb869: FILE_WRITE
2026-01-23 23:15:10,052 - [PROCESSOR] - ERROR - Loop Error: expected str, bytes or os.PathLike object, not NoneType
2026-01-23 23:15:12,066 - [PROCESSOR] - INFO - Processing Card f8d817f4-ba79-48da-887b-e74fab55e5d1: FILE_WRITE
2026-01-23 23:15:12,066 - [PROCESSOR] - ERROR - Loop Error: expected str, bytes or os.PathLike object, not NoneType
2026-01-23 23:15:14,080 - [PROCESSOR] - INFO - Processing Card 8f51e28b-4c60-49fe-97df-980d9b5d90be: FILE_WRITE
2026-01-23 23:15:14,080 - [PROCESSOR] - ERROR - Loop Error: expected str, bytes or os.PathLike object, not NoneType
2026-01-23 23:15:16,092 - [PROCESSOR] - INFO - Processing Card 7605dc46-47e0-45b7-bdb9-b062ea842708: SYS_CMD
2026-01-23 23:15:16,093 - [PROCESSOR] - INFO - Executing System Command: emerge --update --deep --with-bdeps=y --newuse @world
2026-01-23 23:15:16,097 - [PROCESSOR] - INFO - Card 7605dc46-47e0-45b7-bdb9-b062ea842708 finished with status 9
2026-01-23 23:15:18,109 - [PROCESSOR] - INFO - Processing Card 8cc0b845-40f0-48bf-ad71-1f3eb4bacc47: FILE_WRITE
2026-01-23 23:15:18,110 - [PROCESSOR] - INFO - Writing to File: /mnt/anvil_temp/github/anvilos_alpha/firecracker
2026-01-23 23:15:18,112 - [PROCESSOR] - INFO - Card 8cc0b845-40f0-48bf-ad71-1f3eb4bacc47 finished with status 2
2026-01-23 23:15:20,143 - [PROCESSOR] - INFO - Processing Card e9cab031-4a6a-49ef-8a4c-49c483e2e7fd: SYS_CMD
2026-01-23 23:15:20,143 - [PROCESSOR] - INFO - Executing System Command: python3 oss_sovereignty/sys_09_Anvil/source/anvil.py transpile firecracker firecracker.c
2026-01-23 23:15:20,170 - [PROCESSOR] - INFO - Card e9cab031-4a6a-49ef-8a4c-49c483e2e7fd finished with status 2
2026-01-23 23:15:22,181 - [PROCESSOR] - INFO - Processing Card 8d553bd9-56a2-409f-bec2-e3323124e5a9: SYS_CMD
2026-01-23 23:15:22,181 - [PROCESSOR] - INFO - Executing System Command: ext/toolchain/bin/x86_64-unknown-linux-musl-gcc -static -o /mnt/anvil_temp/ascii_oss/bin/anvil-vmm firecracker.c
2026-01-23 23:15:22,198 - [PROCESSOR] - INFO - Card 8d553bd9-56a2-409f-bec2-e3323124e5a9 finished with status 9
