2026-01-23 00:30:05,242 - [PROCESSOR] - INFO - Processor Daemon Online. Monitoring card_stack...
2026-01-23 00:30:07,243 - [PROCESSOR] - INFO - Processing Card f95c0988-5557-4387-be93-3e37b9adbda7: FILE_WRITE
2026-01-23 00:30:07,258 - [PROCESSOR] - INFO - Writing to File: /mnt/anvil_temp/github/anvilos_alpha/hello_mainframe.txt
2026-01-23 00:30:07,259 - [PROCESSOR] - INFO - Card f95c0988-5557-4387-be93-3e37b9adbda7 finished with status 2
2026-01-23 00:30:09,262 - [PROCESSOR] - INFO - Processing Card 161a116e-5759-4cb5-a52a-b538ef6addc9: SYS_CMD
2026-01-23 00:30:09,266 - [PROCESSOR] - INFO - Executing System Command: ls -l
2026-01-23 00:30:09,273 - [PROCESSOR] - INFO - Card 161a116e-5759-4cb5-a52a-b538ef6addc9 finished with status 2
2026-01-23 00:32:10,004 - [PROCESSOR] - INFO - Processor Daemon Online. Monitoring card_stack...
2026-01-23 00:32:12,006 - [PROCESSOR] - INFO - Processing Card 6174f562-c06e-4c2b-8b83-d66231bd7360: FILE_WRITE
2026-01-23 00:32:12,010 - [PROCESSOR] - INFO - Writing to File: /mnt/anvil_temp/github/anvilos_alpha/hello_mainframe.txt
2026-01-23 00:32:12,011 - [PROCESSOR] - INFO - Card 6174f562-c06e-4c2b-8b83-d66231bd7360 finished with status 2
2026-01-23 00:32:14,014 - [PROCESSOR] - INFO - Processing Card a38c7dd8-5b33-4072-8675-822f4492690d: SYS_CMD
2026-01-23 00:32:14,018 - [PROCESSOR] - INFO - Executing System Command: ls -l
2026-01-23 00:32:14,025 - [PROCESSOR] - INFO - Card a38c7dd8-5b33-4072-8675-822f4492690d finished with status 2
2026-01-23 00:32:26,034 - [PROCESSOR] - INFO - Processing Card 316ff09f-67c0-4e3a-860a-6ad9bf1c6dbc: SYS_CMD
2026-01-23 00:32:26,039 - [PROCESSOR] - INFO - Executing System Command: mkdir -p /mnt/anvil_temp
2026-01-23 00:32:26,043 - [PROCESSOR] - INFO - Card 316ff09f-67c0-4e3a-860a-6ad9bf1c6dbc finished with status 2
2026-01-23 00:32:28,046 - [PROCESSOR] - INFO - Processing Card 92f6a5f2-9aa1-4c0f-a9fd-192bcc606c2e: SYS_CMD
2026-01-23 00:32:28,050 - [PROCESSOR] - INFO - Executing System Command: truncate -s 20G /mnt/anvil_temp/anvil_root.img
2026-01-23 00:32:28,055 - [PROCESSOR] - INFO - Card 92f6a5f2-9aa1-4c0f-a9fd-192bcc606c2e finished with status 2
2026-01-23 00:32:48,171 - [PROCESSOR] - INFO - Processor Daemon Online. Monitoring card_stack...
2026-01-23 00:32:48,172 - [PROCESSOR] - INFO - Processing Card 4f4a9ef3-0111-4b91-8b1b-a579d7e6932e: SYS_CMD
2026-01-23 00:32:48,173 - [PROCESSOR] - INFO - Executing System Command: parted -s /mnt/anvil_temp/anvil_root.img mklabel gpt
2026-01-23 00:32:48,193 - [PROCESSOR] - INFO - Card 4f4a9ef3-0111-4b91-8b1b-a579d7e6932e finished with status 2
2026-01-23 00:32:50,196 - [PROCESSOR] - INFO - Processing Card a4ba050f-99ed-4690-9331-418c85ec75f5: SYS_CMD
2026-01-23 00:32:50,200 - [PROCESSOR] - INFO - Executing System Command: parted -s /mnt/anvil_temp/anvil_root.img mkpart ESP fat32 1MiB 513MiB
2026-01-23 00:32:50,219 - [PROCESSOR] - INFO - Card a4ba050f-99ed-4690-9331-418c85ec75f5 finished with status 2
2026-01-23 00:32:52,222 - [PROCESSOR] - INFO - Processing Card f5f0d219-b2cc-46cc-a16b-99edc91d3d99: SYS_CMD
2026-01-23 00:32:52,227 - [PROCESSOR] - INFO - Executing System Command: parted -s /mnt/anvil_temp/anvil_root.img mkpart ROOT xfs 513MiB 100%
2026-01-23 00:32:52,251 - [PROCESSOR] - INFO - Card f5f0d219-b2cc-46cc-a16b-99edc91d3d99 finished with status 2
2026-01-23 00:32:54,254 - [PROCESSOR] - INFO - Processing Card ad49f220-1d7c-4e1c-a6c1-bdc8d681f815: SYS_CMD
2026-01-23 00:32:54,260 - [PROCESSOR] - INFO - Executing System Command: parted -s /mnt/anvil_temp/anvil_root.img set 1 esp on
2026-01-23 00:32:54,288 - [PROCESSOR] - INFO - Card ad49f220-1d7c-4e1c-a6c1-bdc8d681f815 finished with status 2
2026-01-23 00:32:56,291 - [PROCESSOR] - INFO - Processing Card be851a6d-b8c3-4397-b7dd-f1044309847e: SYS_CMD
2026-01-23 00:32:56,294 - [PROCESSOR] - INFO - Executing System Command: mkfs.vfat -F 32 /dev/loop0p1
2026-01-23 00:32:56,299 - [PROCESSOR] - INFO - Card be851a6d-b8c3-4397-b7dd-f1044309847e finished with status 9
2026-01-23 00:32:58,301 - [PROCESSOR] - INFO - Processing Card b2f09d53-fd23-4ebc-8046-a05e5da90910: SYS_CMD
2026-01-23 00:32:58,305 - [PROCESSOR] - INFO - Executing System Command: mkfs.xfs /dev/loop0p2
2026-01-23 00:32:58,312 - [PROCESSOR] - INFO - Card b2f09d53-fd23-4ebc-8046-a05e5da90910 finished with status 9
2026-01-23 00:33:00,316 - [PROCESSOR] - INFO - Processing Card cca3c3a2-09f7-493c-8ff8-3011530a6403: SYS_CMD
2026-01-23 00:33:00,319 - [PROCESSOR] - INFO - Executing System Command: mkdir -p /mnt/anvil_root
2026-01-23 00:33:00,324 - [PROCESSOR] - INFO - Card cca3c3a2-09f7-493c-8ff8-3011530a6403 finished with status 9
2026-01-23 00:33:02,326 - [PROCESSOR] - INFO - Processing Card e3ce64ab-a9cd-4fc1-919d-6d72e145d241: SYS_CMD
2026-01-23 00:33:02,331 - [PROCESSOR] - INFO - Executing System Command: mount /dev/loop0p2 /mnt/anvil_root
2026-01-23 00:33:02,336 - [PROCESSOR] - INFO - Card e3ce64ab-a9cd-4fc1-919d-6d72e145d241 finished with status 9
2026-01-23 00:33:04,338 - [PROCESSOR] - INFO - Processing Card 59ad0803-e446-4195-8ee4-e38712287883: SYS_CMD
2026-01-23 00:33:04,342 - [PROCESSOR] - INFO - Executing System Command: mkdir -p /mnt/anvil_root/boot
2026-01-23 00:33:04,347 - [PROCESSOR] - INFO - Card 59ad0803-e446-4195-8ee4-e38712287883 finished with status 9
2026-01-23 00:33:06,350 - [PROCESSOR] - INFO - Processing Card c6a0a18c-6999-460d-973a-55bf502c2cf2: SYS_CMD
2026-01-23 00:33:06,354 - [PROCESSOR] - INFO - Executing System Command: mount /dev/loop0p1 /mnt/anvil_root/boot
2026-01-23 00:33:06,360 - [PROCESSOR] - INFO - Card c6a0a18c-6999-460d-973a-55bf502c2cf2 finished with status 9
2026-01-23 00:33:08,363 - [PROCESSOR] - INFO - Processing Card ca721466-2f6b-44b7-86b5-5200b0882614: SYS_CMD
2026-01-23 00:33:08,367 - [PROCESSOR] - INFO - Executing System Command: wget https://www.gentoo.org/downloads/mirrors/ -qO - | grep -Eo 'https://.*stage3-hardened.*selinux.*openrc.*xz'
2026-01-23 00:33:09,667 - [PROCESSOR] - INFO - Card ca721466-2f6b-44b7-86b5-5200b0882614 finished with status 9
2026-01-23 00:33:11,671 - [PROCESSOR] - INFO - Processing Card 2dd68a05-1a92-4458-b12a-81e7ad09dc98: SYS_CMD
2026-01-23 00:33:11,676 - [PROCESSOR] - INFO - Executing System Command: wget https://www.gentoo.org/downloads/mirrors/ -qO - | grep -Eo 'https://.*stage3-hardened.*selinux.*openrc.*xz.DIGESTS'
2026-01-23 00:33:11,831 - [PROCESSOR] - INFO - Card 2dd68a05-1a92-4458-b12a-81e7ad09dc98 finished with status 9
2026-01-23 00:33:13,835 - [PROCESSOR] - INFO - Processing Card 547cb7de-ef66-4651-b008-7f5fd31f4d76: SYS_CMD
2026-01-23 00:33:13,840 - [PROCESSOR] - INFO - Executing System Command: wget https://www.gentoo.org/downloads/mirrors/ -qO - | grep -Eo 'https://.*stage3-hardened.*selinux.*openrc.*xz.DIGESTS.asc'
2026-01-23 00:33:13,989 - [PROCESSOR] - INFO - Card 547cb7de-ef66-4651-b008-7f5fd31f4d76 finished with status 9
2026-01-23 00:33:15,992 - [PROCESSOR] - INFO - Processing Card 33bbd0ec-7295-44b9-b4f6-89161daaa0b7: SYS_CMD
2026-01-23 00:33:15,997 - [PROCESSOR] - INFO - Executing System Command: wget -qO stage3.tar.xz "$(wget https://www.gentoo.org/downloads/mirrors/ -qO - | grep -Eo 'https://.*stage3-hardened.*selinux.*openrc.*xz')"
2026-01-23 00:33:16,153 - [PROCESSOR] - INFO - Card 33bbd0ec-7295-44b9-b4f6-89161daaa0b7 finished with status 9
2026-01-23 00:33:18,156 - [PROCESSOR] - INFO - Processing Card 917d3b77-adfb-48cf-96c5-2e8a733be8f3: SYS_CMD
2026-01-23 00:33:18,159 - [PROCESSOR] - INFO - Executing System Command: wget -qO stage3.tar.xz.DIGESTS "$(wget https://www.gentoo.org/downloads/mirrors/ -qO - | grep -Eo 'https://.*stage3-hardened.*selinux.*openrc.*xz.DIGESTS')"
2026-01-23 00:33:18,358 - [PROCESSOR] - INFO - Card 917d3b77-adfb-48cf-96c5-2e8a733be8f3 finished with status 9
2026-01-23 00:33:20,361 - [PROCESSOR] - INFO - Processing Card c84b481d-601b-4b7c-8f1d-b919a68637bb: SYS_CMD
2026-01-23 00:33:20,366 - [PROCESSOR] - INFO - Executing System Command: wget -qO stage3.tar.xz.DIGESTS.asc "$(wget https://www.gentoo.org/downloads/mirrors/ -qO - | grep -Eo 'https://.*stage3-hardened.*selinux.*openrc.*xz.DIGESTS.asc')"
2026-01-23 00:33:20,502 - [PROCESSOR] - INFO - Card c84b481d-601b-4b7c-8f1d-b919a68637bb finished with status 9
2026-01-23 00:33:22,505 - [PROCESSOR] - INFO - Processing Card d5f13b7e-2004-4ac0-ab09-0319d3bfe896: SYS_CMD
2026-01-23 00:33:22,510 - [PROCESSOR] - INFO - Executing System Command: gpg --verify stage3.tar.xz.DIGESTS.asc
2026-01-23 00:33:22,518 - [PROCESSOR] - INFO - Card d5f13b7e-2004-4ac0-ab09-0319d3bfe896 finished with status 9
2026-01-23 00:33:24,521 - [PROCESSOR] - INFO - Processing Card 10ac9c36-2f60-4fdb-bd38-937aa0940ae2: SYS_CMD
2026-01-23 00:33:24,525 - [PROCESSOR] - INFO - Executing System Command: grep SHA512 stage3.tar.xz.DIGESTS | sha512sum -c
2026-01-23 00:33:24,530 - [PROCESSOR] - INFO - Card 10ac9c36-2f60-4fdb-bd38-937aa0940ae2 finished with status 9
2026-01-23 00:33:26,533 - [PROCESSOR] - INFO - Processing Card f90ac3cf-b3b8-43b6-a2bb-e2a515f05fd2: SYS_CMD
2026-01-23 00:33:26,538 - [PROCESSOR] - INFO - Executing System Command: tar xpvf stage3.tar.xz --xattrs --numeric-owner -C /mnt/anvil_root
2026-01-23 00:33:26,546 - [PROCESSOR] - INFO - Card f90ac3cf-b3b8-43b6-a2bb-e2a515f05fd2 finished with status 9
2026-01-23 00:33:28,550 - [PROCESSOR] - INFO - Processing Card a4ebff27-5c12-4736-bdc0-422c6382dec5: SYS_CMD
2026-01-23 00:33:28,554 - [PROCESSOR] - INFO - Executing System Command: umount /mnt/anvil_root/boot
2026-01-23 00:33:28,560 - [PROCESSOR] - INFO - Card a4ebff27-5c12-4736-bdc0-422c6382dec5 finished with status 9
2026-01-23 00:33:30,563 - [PROCESSOR] - INFO - Processing Card f5933b3b-3715-4bc3-ac37-148783dc749b: SYS_CMD
2026-01-23 00:33:30,568 - [PROCESSOR] - INFO - Executing System Command: umount /mnt/anvil_root
2026-01-23 00:33:30,575 - [PROCESSOR] - INFO - Card f5933b3b-3715-4bc3-ac37-148783dc749b finished with status 9
2026-01-23 00:33:32,578 - [PROCESSOR] - INFO - Processing Card 5af38589-19c2-4a04-8e13-bd2db81545c7: SYS_CMD
2026-01-23 00:33:32,583 - [PROCESSOR] - INFO - Executing System Command: losetup -d /dev/loop0
2026-01-23 00:33:32,589 - [PROCESSOR] - INFO - Card 5af38589-19c2-4a04-8e13-bd2db81545c7 finished with status 9
2026-01-23 00:34:14,741 - [PROCESSOR] - INFO - Processor Daemon Online. Monitoring card_stack...
2026-01-23 00:34:16,742 - [PROCESSOR] - INFO - Processing Card e260d0a4-d387-4bf8-aa8f-b7062a987427: FILE_WRITE
2026-01-23 00:34:16,744 - [PROCESSOR] - INFO - Writing to File: /root/hello_mainframe.txt
2026-01-23 00:34:16,744 - [PROCESSOR] - INFO - Card e260d0a4-d387-4bf8-aa8f-b7062a987427 finished with status 9
2026-01-23 00:34:18,746 - [PROCESSOR] - INFO - Processing Card 6d08dcda-8c14-4bd5-ae5a-b762ddd3d47c: SYS_CMD
2026-01-23 00:34:18,751 - [PROCESSOR] - INFO - Executing System Command: ls -l /root
2026-01-23 00:34:18,756 - [PROCESSOR] - INFO - Card 6d08dcda-8c14-4bd5-ae5a-b762ddd3d47c finished with status 9
2026-01-23 00:34:24,762 - [PROCESSOR] - INFO - Processing Card c6f7dfec-f73c-4248-b608-0d2995fa9f40: FILE_WRITE
2026-01-23 00:34:24,767 - [PROCESSOR] - INFO - Writing to File: /root/hello_mainframe.txt
2026-01-23 00:34:24,767 - [PROCESSOR] - INFO - Card c6f7dfec-f73c-4248-b608-0d2995fa9f40 finished with status 9
2026-01-23 00:34:26,771 - [PROCESSOR] - INFO - Processing Card 9b1987d1-cc2c-4888-a838-74f38e43e46d: SYS_CMD
2026-01-23 00:34:26,775 - [PROCESSOR] - INFO - Executing System Command: ls -l /root
2026-01-23 00:34:26,781 - [PROCESSOR] - INFO - Card 9b1987d1-cc2c-4888-a838-74f38e43e46d finished with status 9
2026-01-23 00:34:38,793 - [PROCESSOR] - INFO - Processing Card a6018f44-f5f5-48b0-a048-9b3bdf007b4f: SYS_CMD
2026-01-23 00:34:38,797 - [PROCESSOR] - INFO - Executing System Command: mkdir -p /mnt/anvil_temp
2026-01-23 00:34:38,801 - [PROCESSOR] - INFO - Card a6018f44-f5f5-48b0-a048-9b3bdf007b4f finished with status 2
2026-01-23 00:34:40,804 - [PROCESSOR] - INFO - Processing Card a7f0cef2-f58b-48ad-98b4-7f7c09b0624e: SYS_CMD
2026-01-23 00:34:40,808 - [PROCESSOR] - INFO - Executing System Command: truncate -s 20G /mnt/anvil_temp/anvil_root.img
2026-01-23 00:34:40,814 - [PROCESSOR] - INFO - Card a7f0cef2-f58b-48ad-98b4-7f7c09b0624e finished with status 2
2026-01-23 00:34:42,817 - [PROCESSOR] - INFO - Processing Card 7ea1325a-1777-44c8-80e3-5f4b5f718707: SYS_CMD
2026-01-23 00:34:42,821 - [PROCESSOR] - INFO - Executing System Command: parted -s /mnt/anvil_temp/anvil_root.img mklabel gpt
2026-01-23 00:34:42,850 - [PROCESSOR] - INFO - Card 7ea1325a-1777-44c8-80e3-5f4b5f718707 finished with status 2
2026-01-23 00:34:44,852 - [PROCESSOR] - INFO - Processing Card c8cdc8c2-f443-4f1b-87bf-2b1d7871d092: SYS_CMD
2026-01-23 00:34:44,856 - [PROCESSOR] - INFO - Executing System Command: parted -s /mnt/anvil_temp/anvil_root.img mkpart ESP fat32 1MiB 513MiB
2026-01-23 00:34:44,888 - [PROCESSOR] - INFO - Card c8cdc8c2-f443-4f1b-87bf-2b1d7871d092 finished with status 2
2026-01-23 00:34:46,891 - [PROCESSOR] - INFO - Processing Card 7a888424-c6ce-4a52-8604-61b34da3bab5: SYS_CMD
2026-01-23 00:34:46,896 - [PROCESSOR] - INFO - Executing System Command: parted -s /mnt/anvil_temp/anvil_root.img mkpart ROOT xfs 513MiB 100%
2026-01-23 00:34:46,919 - [PROCESSOR] - INFO - Card 7a888424-c6ce-4a52-8604-61b34da3bab5 finished with status 2
2026-01-23 00:34:48,921 - [PROCESSOR] - INFO - Processing Card 8864e56c-d150-4094-9236-311ca186ab6c: SYS_CMD
2026-01-23 00:34:48,925 - [PROCESSOR] - INFO - Executing System Command: losetup -P /dev/loop0 /mnt/anvil_temp/anvil_root.img
2026-01-23 00:34:48,929 - [PROCESSOR] - INFO - Card 8864e56c-d150-4094-9236-311ca186ab6c finished with status 9
2026-01-23 00:34:50,932 - [PROCESSOR] - INFO - Processing Card 63258f09-fd7d-4be7-8d31-c618785dcc4d: SYS_CMD
2026-01-23 00:34:50,936 - [PROCESSOR] - INFO - Executing System Command: sleep 5
2026-01-23 00:34:55,940 - [PROCESSOR] - INFO - Card 63258f09-fd7d-4be7-8d31-c618785dcc4d finished with status 2
2026-01-23 00:34:57,950 - [PROCESSOR] - INFO - Processing Card ae3798ad-f63b-4b51-ba18-e374ecc88e16: SYS_CMD
2026-01-23 00:34:57,954 - [PROCESSOR] - INFO - Executing System Command: mkfs.vfat -F 32 /dev/loop0p1
2026-01-23 00:34:57,959 - [PROCESSOR] - INFO - Card ae3798ad-f63b-4b51-ba18-e374ecc88e16 finished with status 9
2026-01-23 00:34:59,962 - [PROCESSOR] - INFO - Processing Card 32b3f24c-2e38-4b67-8d39-324ae166ce7e: SYS_CMD
2026-01-23 00:34:59,967 - [PROCESSOR] - INFO - Executing System Command: mkfs.xfs /dev/loop0p2
2026-01-23 00:34:59,974 - [PROCESSOR] - INFO - Card 32b3f24c-2e38-4b67-8d39-324ae166ce7e finished with status 9
2026-01-23 00:35:01,977 - [PROCESSOR] - INFO - Processing Card 0d8617ae-243b-4a7f-bdfb-7329b12e1287: SYS_CMD
2026-01-23 00:35:01,981 - [PROCESSOR] - INFO - Executing System Command: mkdir -p /mnt/anvil_root
2026-01-23 00:35:01,987 - [PROCESSOR] - INFO - Card 0d8617ae-243b-4a7f-bdfb-7329b12e1287 finished with status 9
2026-01-23 00:35:03,990 - [PROCESSOR] - INFO - Processing Card 08e82769-a686-46f0-8dd3-a099ea52993a: SYS_CMD
2026-01-23 00:35:03,994 - [PROCESSOR] - INFO - Executing System Command: mount /dev/loop0p2 /mnt/anvil_root
2026-01-23 00:35:04,001 - [PROCESSOR] - INFO - Card 08e82769-a686-46f0-8dd3-a099ea52993a finished with status 9
2026-01-23 00:35:06,004 - [PROCESSOR] - INFO - Processing Card 62cad900-beac-4373-b661-fbcf84db8ca3: SYS_CMD
2026-01-23 00:35:06,009 - [PROCESSOR] - INFO - Executing System Command: mkdir -p /mnt/anvil_root/boot
2026-01-23 00:35:06,016 - [PROCESSOR] - INFO - Card 62cad900-beac-4373-b661-fbcf84db8ca3 finished with status 9
2026-01-23 00:35:08,019 - [PROCESSOR] - INFO - Processing Card 0b5124da-f23d-4c20-b7d8-b7d54e4326b5: SYS_CMD
2026-01-23 00:35:08,023 - [PROCESSOR] - INFO - Executing System Command: mount /dev/loop0p1 /mnt/anvil_root/boot
2026-01-23 00:35:08,029 - [PROCESSOR] - INFO - Card 0b5124da-f23d-4c20-b7d8-b7d54e4326b5 finished with status 9
2026-01-23 00:35:10,032 - [PROCESSOR] - INFO - Processing Card f1b6f7a4-7368-47b4-8279-70d17ca35b41: SYS_CMD
2026-01-23 00:35:10,037 - [PROCESSOR] - INFO - Executing System Command: mkdir -p /mnt/anvil_temp
2026-01-23 00:35:10,042 - [PROCESSOR] - INFO - Card f1b6f7a4-7368-47b4-8279-70d17ca35b41 finished with status 2
2026-01-23 00:35:12,046 - [PROCESSOR] - INFO - Processing Card a35b73bd-81ff-42c2-9026-a7561ba781ef: SYS_CMD
2026-01-23 00:35:12,051 - [PROCESSOR] - INFO - Executing System Command: wget -qO- https://distfiles.gentoo.org/releases/amd64/autobuilds/latest-stage3-amd64-hardened-selinux-openrc.txt | grep -v '^#' > /mnt/anvil_temp/stage3_url.txt
2026-01-23 00:35:12,487 - [PROCESSOR] - INFO - Card a35b73bd-81ff-42c2-9026-a7561ba781ef finished with status 2
2026-01-23 00:35:14,491 - [PROCESSOR] - INFO - Processing Card 443a33fd-2120-41dc-8ba0-7f524fa206fb: SYS_CMD
2026-01-23 00:35:14,495 - [PROCESSOR] - INFO - Executing System Command: STAGE3_URL=$(cat /mnt/anvil_temp/stage3_url.txt)
2026-01-23 00:35:14,501 - [PROCESSOR] - INFO - Card 443a33fd-2120-41dc-8ba0-7f524fa206fb finished with status 2
2026-01-23 00:35:46,666 - [PROCESSOR] - INFO - Processor Daemon Online. Monitoring card_stack...
2026-01-23 00:35:56,670 - [PROCESSOR] - INFO - Processing Card 60924b74-d80f-4c8a-9ca8-4e930fc2606d: SYS_CMD
2026-01-23 00:35:56,674 - [PROCESSOR] - INFO - Executing System Command: sudo truncate -s 20G /mnt/anvil_temp/anvil_root.img
2026-01-23 00:35:56,717 - [PROCESSOR] - INFO - Card 60924b74-d80f-4c8a-9ca8-4e930fc2606d finished with status 2
2026-01-23 00:35:58,721 - [PROCESSOR] - INFO - Processing Card fb9e98ac-f16d-42d3-85c5-85c3703d8a83: SYS_CMD
2026-01-23 00:35:58,726 - [PROCESSOR] - INFO - Executing System Command: sudo parted /mnt/anvil_temp/anvil_root.img mklabel gpt
2026-01-23 00:37:09,121 - [PROCESSOR] - INFO - Processor Daemon Online. Monitoring card_stack...
2026-01-23 00:37:19,125 - [PROCESSOR] - INFO - Processing Card d3c298a3-3501-4c6a-a9db-394ca1d87896: SYS_CMD
2026-01-23 00:37:19,132 - [PROCESSOR] - INFO - Executing System Command: sudo mkdir -p /mnt/anvil_temp
2026-01-23 00:37:19,155 - [PROCESSOR] - INFO - Card d3c298a3-3501-4c6a-a9db-394ca1d87896 finished with status 2
2026-01-23 00:37:21,158 - [PROCESSOR] - INFO - Processing Card cadc09b8-c035-4f49-bd0a-9795ee71fbd3: SYS_CMD
2026-01-23 00:37:21,164 - [PROCESSOR] - INFO - Executing System Command: sudo truncate -s 20G /mnt/anvil_temp/anvil_root.img
2026-01-23 00:37:21,204 - [PROCESSOR] - INFO - Card cadc09b8-c035-4f49-bd0a-9795ee71fbd3 finished with status 2
2026-01-23 00:37:23,207 - [PROCESSOR] - INFO - Processing Card fe516a1b-3238-4333-816a-f69c3026c1be: SYS_CMD
2026-01-23 00:37:23,211 - [PROCESSOR] - INFO - Executing System Command: sudo losetup -P /dev/loop0 /mnt/anvil_temp/anvil_root.img
2026-01-23 00:37:23,245 - [PROCESSOR] - INFO - Card fe516a1b-3238-4333-816a-f69c3026c1be finished with status 9
2026-01-23 00:37:25,249 - [PROCESSOR] - INFO - Processing Card 3e292f28-a18c-49ab-bcd5-ee18f050f672: SYS_CMD
2026-01-23 00:37:25,253 - [PROCESSOR] - INFO - Executing System Command: sudo parted -s /dev/loop0 mklabel gpt
2026-01-23 00:37:25,303 - [PROCESSOR] - INFO - Card 3e292f28-a18c-49ab-bcd5-ee18f050f672 finished with status 9
2026-01-23 00:37:27,307 - [PROCESSOR] - INFO - Processing Card ddf5705b-cf34-4d31-aa8b-96aea07d0f61: SYS_CMD
2026-01-23 00:37:27,312 - [PROCESSOR] - INFO - Executing System Command: sudo parted -s /dev/loop0 mkpart ESP fat32 1MiB 513MiB
2026-01-23 00:37:27,354 - [PROCESSOR] - INFO - Card ddf5705b-cf34-4d31-aa8b-96aea07d0f61 finished with status 9
2026-01-23 00:37:29,357 - [PROCESSOR] - INFO - Processing Card f2b455f3-41e0-4770-a0ed-8449b3a6d14d: SYS_CMD
2026-01-23 00:37:29,360 - [PROCESSOR] - INFO - Executing System Command: sudo parted -s /dev/loop0 set 1 esp on
2026-01-23 00:37:29,410 - [PROCESSOR] - INFO - Card f2b455f3-41e0-4770-a0ed-8449b3a6d14d finished with status 9
2026-01-23 00:37:31,415 - [PROCESSOR] - INFO - Processing Card 191af3ed-389a-402e-9aca-9fcb2bef7c3e: SYS_CMD
2026-01-23 00:37:31,419 - [PROCESSOR] - INFO - Executing System Command: sudo parted -s /dev/loop0 mkpart ROOT xfs 513MiB 100%
2026-01-23 00:37:31,474 - [PROCESSOR] - INFO - Card 191af3ed-389a-402e-9aca-9fcb2bef7c3e finished with status 9
2026-01-23 00:37:33,477 - [PROCESSOR] - INFO - Processing Card 9ce442c8-8500-4981-b3ce-66e9122772c8: SYS_CMD
2026-01-23 00:37:33,481 - [PROCESSOR] - INFO - Executing System Command: sudo mkfs.vfat -F 32 /dev/loop0p1
2026-01-23 00:37:33,506 - [PROCESSOR] - INFO - Card 9ce442c8-8500-4981-b3ce-66e9122772c8 finished with status 9
2026-01-23 00:37:35,509 - [PROCESSOR] - INFO - Processing Card 046f0abf-28a8-470b-a4a2-bdde5ff2b0f7: SYS_CMD
2026-01-23 00:37:35,513 - [PROCESSOR] - INFO - Executing System Command: sudo mkfs.xfs -f /dev/loop0p2
2026-01-23 00:37:35,537 - [PROCESSOR] - INFO - Card 046f0abf-28a8-470b-a4a2-bdde5ff2b0f7 finished with status 9
2026-01-23 00:37:37,540 - [PROCESSOR] - INFO - Processing Card 73b39dd0-ac69-43f1-8225-baeb50126899: SYS_CMD
2026-01-23 00:37:37,544 - [PROCESSOR] - INFO - Executing System Command: sudo mkdir -p /mnt/anvil_root
2026-01-23 00:37:37,568 - [PROCESSOR] - INFO - Card 73b39dd0-ac69-43f1-8225-baeb50126899 finished with status 2
2026-01-23 00:37:39,571 - [PROCESSOR] - INFO - Processing Card 0263577e-6698-4900-b6f2-2e1cb76c8503: SYS_CMD
2026-01-23 00:37:39,574 - [PROCESSOR] - INFO - Executing System Command: sudo mount /dev/loop0p2 /mnt/anvil_root
2026-01-23 00:37:39,603 - [PROCESSOR] - INFO - Card 0263577e-6698-4900-b6f2-2e1cb76c8503 finished with status 9
2026-01-23 00:37:41,606 - [PROCESSOR] - INFO - Processing Card a82bbc5e-4761-4669-893c-175ed23e0429: SYS_CMD
2026-01-23 00:37:41,611 - [PROCESSOR] - INFO - Executing System Command: sudo mkdir -p /mnt/anvil_root/boot/efi
2026-01-23 00:37:41,637 - [PROCESSOR] - INFO - Card a82bbc5e-4761-4669-893c-175ed23e0429 finished with status 2
2026-01-23 00:37:43,641 - [PROCESSOR] - INFO - Processing Card b3d048c7-42e3-4602-a1a3-04916d226b6c: SYS_CMD
2026-01-23 00:37:43,645 - [PROCESSOR] - INFO - Executing System Command: sudo mount /dev/loop0p1 /mnt/anvil_root/boot/efi
2026-01-23 00:37:43,689 - [PROCESSOR] - INFO - Card b3d048c7-42e3-4602-a1a3-04916d226b6c finished with status 9
2026-01-23 00:37:45,694 - [PROCESSOR] - INFO - Processing Card b0db1137-9d2e-4ee0-90d4-18f97b4f29d0: SYS_CMD
2026-01-23 00:37:45,699 - [PROCESSOR] - INFO - Executing System Command: wget -qO- https://distfiles.gentoo.org/releases/amd64/autobuilds/latest-stage3-amd64-hardened-selinux-openrc.txt | grep -v '^#' > /mnt/anvil_temp/stage3_url.txt
2026-01-23 00:37:46,095 - [PROCESSOR] - INFO - Card b0db1137-9d2e-4ee0-90d4-18f97b4f29d0 finished with status 2
2026-01-23 00:37:48,099 - [PROCESSOR] - INFO - Processing Card 48e4381e-76b8-4f6d-b168-a9d45c31eedd: SYS_CMD
2026-01-23 00:37:48,104 - [PROCESSOR] - INFO - Executing System Command: STAGE3_URL=$(cat /mnt/anvil_temp/stage3_url.txt)
2026-01-23 00:37:48,110 - [PROCESSOR] - INFO - Card 48e4381e-76b8-4f6d-b168-a9d45c31eedd finished with status 2
2026-01-23 00:37:50,114 - [PROCESSOR] - INFO - Processing Card fd6eaeed-1a80-4840-8abd-c2085c5ce323: SYS_CMD
2026-01-23 00:37:50,118 - [PROCESSOR] - INFO - Executing System Command: STAGE3_FILENAME=$(basename "$STAGE3_URL")
2026-01-23 00:37:50,124 - [PROCESSOR] - INFO - Card fd6eaeed-1a80-4840-8abd-c2085c5ce323 finished with status 2
2026-01-23 00:37:52,127 - [PROCESSOR] - INFO - Processing Card 1f091e30-d4c7-4418-9be6-e724082c30bd: SYS_CMD
2026-01-23 00:37:52,131 - [PROCESSOR] - INFO - Executing System Command: wget "$STAGE3_URL" -P /mnt/anvil_temp/
2026-01-23 00:37:52,138 - [PROCESSOR] - INFO - Card 1f091e30-d4c7-4418-9be6-e724082c30bd finished with status 9
2026-01-23 00:37:54,141 - [PROCESSOR] - INFO - Processing Card 85a9f57a-4202-4cf2-9115-68a7f9401e69: SYS_CMD
2026-01-23 00:37:54,146 - [PROCESSOR] - INFO - Executing System Command: STAGE3_SHA512_URL="$STAGE3_URL.DIGESTS"
2026-01-23 00:37:54,150 - [PROCESSOR] - INFO - Card 85a9f57a-4202-4cf2-9115-68a7f9401e69 finished with status 2
2026-01-23 00:37:56,153 - [PROCESSOR] - INFO - Processing Card 72c95dcf-4037-47dc-b46d-983b3ec86de1: SYS_CMD
2026-01-23 00:37:56,158 - [PROCESSOR] - INFO - Executing System Command: wget "$STAGE3_SHA512_URL" -P /mnt/anvil_temp/
2026-01-23 00:37:56,166 - [PROCESSOR] - INFO - Card 72c95dcf-4037-47dc-b46d-983b3ec86de1 finished with status 9
2026-01-23 00:37:58,170 - [PROCESSOR] - INFO - Processing Card b7d6c245-ce4b-4b0d-a8c3-8a88601202d5: SYS_CMD
2026-01-23 00:37:58,174 - [PROCESSOR] - INFO - Executing System Command: SHA512_SUM=$(grep "$STAGE3_FILENAME" /mnt/anvil_temp/*.DIGESTS | awk '{print $1}')
2026-01-23 00:37:58,183 - [PROCESSOR] - INFO - Card b7d6c245-ce4b-4b0d-a8c3-8a88601202d5 finished with status 2
2026-01-23 00:38:00,185 - [PROCESSOR] - INFO - Processing Card db620ae1-f95f-40d0-a061-91a1333856b6: SYS_CMD
2026-01-23 00:38:00,190 - [PROCESSOR] - INFO - Executing System Command: echo "$SHA512_SUM  /mnt/anvil_temp/$STAGE3_FILENAME" | sha512sum -c --strict
2026-01-23 00:38:00,196 - [PROCESSOR] - INFO - Card db620ae1-f95f-40d0-a061-91a1333856b6 finished with status 9
2026-01-23 00:38:02,199 - [PROCESSOR] - INFO - Processing Card 35db4da4-6979-488f-a054-797e38db5255: SYS_CMD
2026-01-23 00:38:02,204 - [PROCESSOR] - INFO - Executing System Command: sudo tar xpvf /mnt/anvil_temp/$STAGE3_FILENAME -C /mnt/anvil_root --xattrs --numeric-owner
2026-01-23 00:38:02,235 - [PROCESSOR] - INFO - Card 35db4da4-6979-488f-a054-797e38db5255 finished with status 9
2026-01-23 00:39:42,513 - [PROCESSOR] - INFO - Processor Daemon Online. Monitoring card_stack...
2026-01-23 00:39:48,516 - [PROCESSOR] - INFO - Processing Card a1f72947-6de2-4457-8370-4aafb0439220: SYS_CMD
2026-01-23 00:39:48,518 - [PROCESSOR] - INFO - Executing System Command: sudo truncate -s 20G /mnt/anvil_temp/anvil_root.img
2026-01-23 00:39:48,540 - [PROCESSOR] - INFO - Card a1f72947-6de2-4457-8370-4aafb0439220 finished with status 2
2026-01-23 00:39:50,543 - [PROCESSOR] - INFO - Processing Card 361fe206-1734-4575-a5d8-4b3ab0b48088: SYS_CMD
2026-01-23 00:39:50,547 - [PROCESSOR] - INFO - Executing System Command: sudo parted -s /mnt/anvil_temp/anvil_root.img mklabel gpt && sudo parted -s /mnt/anvil_temp/anvil_root.img mkpart ESP fat32 1MiB 513MiB && sudo parted -s /mnt/anvil_temp/anvil_root.img set 1 esp on && sudo parted -s /mnt/anvil_temp/anvil_root.img mkpart ROOT xfs 513MiB 100%
2026-01-23 00:39:50,730 - [PROCESSOR] - INFO - Card 361fe206-1734-4575-a5d8-4b3ab0b48088 finished with status 2
2026-01-23 00:39:52,733 - [PROCESSOR] - INFO - Processing Card 02859932-6f87-4697-89d6-c3bbe8c0d219: SYS_CMD
2026-01-23 00:39:52,762 - [PROCESSOR] - INFO - Remapped /dev/loop0 to /dev/loop11
2026-01-23 00:39:52,762 - [PROCESSOR] - INFO - Executing System Command: sudo losetup -P /dev/loop11 /mnt/anvil_temp/anvil_root.img
2026-01-23 00:39:52,787 - [PROCESSOR] - INFO - Card 02859932-6f87-4697-89d6-c3bbe8c0d219 finished with status 2
2026-01-23 00:39:54,790 - [PROCESSOR] - INFO - Processing Card 6a047ed1-29fb-4c11-9f9e-dc3fa79609e8: SYS_CMD
2026-01-23 00:39:54,837 - [PROCESSOR] - INFO - Remapped /dev/loop0 to /dev/loop12
2026-01-23 00:39:54,838 - [PROCESSOR] - INFO - Executing System Command: sudo mkfs.vfat -F32 /dev/loop12p1 && sudo mkfs.xfs -f /dev/loop12p2
2026-01-23 00:39:54,861 - [PROCESSOR] - INFO - Card 6a047ed1-29fb-4c11-9f9e-dc3fa79609e8 finished with status 9
2026-01-23 00:39:56,865 - [PROCESSOR] - INFO - Processing Card b906c7a5-5db9-4a29-9538-fa182876abf6: SYS_CMD
2026-01-23 00:39:56,913 - [PROCESSOR] - INFO - Remapped /dev/loop0 to /dev/loop12
2026-01-23 00:39:56,913 - [PROCESSOR] - INFO - Executing System Command: sudo mkdir -p /mnt/anvil_root && sudo mount /dev/loop12p2 /mnt/anvil_root
2026-01-23 00:39:56,955 - [PROCESSOR] - INFO - Card b906c7a5-5db9-4a29-9538-fa182876abf6 finished with status 9
2026-01-23 00:39:58,960 - [PROCESSOR] - INFO - Processing Card e5f24572-8301-49f4-8a61-b78e58e77586: SYS_CMD
2026-01-23 00:39:58,965 - [PROCESSOR] - INFO - Executing System Command: STAGE3_URL=$(curl -s https://www.gentoo.org/downloads/mirrors/ | grep -oP 'https://.*stage3-hardened.*xz' | head -n 1) && STAGE3_SHA512=$(curl -s "${STAGE3_URL}.DIGESTS" | grep SHA512 | awk '{print $1}') && sudo curl -L "${STAGE3_URL}" -o /mnt/anvil_temp/stage3.tar.xz && echo "${STAGE3_SHA512}  /mnt/anvil_temp/stage3.tar.xz" | sha512sum -c --strict && sudo tar xpvf /mnt/anvil_temp/stage3.tar.xz -C /mnt/anvil_root
2026-01-23 00:41:45,591 - [PROCESSOR] - INFO - Processor Daemon Online. Monitoring card_stack...
2026-01-23 00:41:45,592 - [PROCESSOR] - INFO - Processing Card 6a047ed1-29fb-4c11-9f9e-dc3fa79609e8: SYS_CMD
2026-01-23 00:41:45,614 - [PROCESSOR] - INFO - Remapped /dev/loop0 to /dev/loop12
2026-01-23 00:41:45,615 - [PROCESSOR] - INFO - Executing System Command: sudo mkfs.vfat -F32 /dev/loop12p1 && sudo mkfs.xfs -f /dev/loop12p2
2026-01-23 00:41:45,632 - [PROCESSOR] - INFO - Card 6a047ed1-29fb-4c11-9f9e-dc3fa79609e8 finished with status 9
2026-01-23 00:41:47,635 - [PROCESSOR] - INFO - Processing Card b906c7a5-5db9-4a29-9538-fa182876abf6: SYS_CMD
2026-01-23 00:41:47,665 - [PROCESSOR] - INFO - Remapped /dev/loop0 to /dev/loop12
2026-01-23 00:41:47,666 - [PROCESSOR] - INFO - Executing System Command: sudo mkdir -p /mnt/anvil_root && sudo mount /dev/loop12p2 /mnt/anvil_root
2026-01-23 00:41:47,708 - [PROCESSOR] - INFO - Card b906c7a5-5db9-4a29-9538-fa182876abf6 finished with status 9
2026-01-23 00:41:49,712 - [PROCESSOR] - INFO - Processing Card e5f24572-8301-49f4-8a61-b78e58e77586: SYS_CMD
2026-01-23 00:41:49,716 - [PROCESSOR] - INFO - Executing System Command: STAGE3_URL=$(curl -s https://www.gentoo.org/downloads/mirrors/ | grep -oP 'https://.*stage3-hardened.*xz' | head -n 1) && STAGE3_SHA512=$(curl -s "${STAGE3_URL}.DIGESTS" | grep SHA512 | awk '{print $1}') && sudo curl -L "${STAGE3_URL}" -o /mnt/anvil_temp/stage3.tar.xz && echo "${STAGE3_SHA512}  /mnt/anvil_temp/stage3.tar.xz" | sha512sum -c --strict && sudo tar xpvf /mnt/anvil_temp/stage3.tar.xz -C /mnt/anvil_root
2026-01-23 00:41:49,932 - [PROCESSOR] - INFO - Card e5f24572-8301-49f4-8a61-b78e58e77586 finished with status 9
2026-01-23 00:47:33,362 - [PROCESSOR] - INFO - Processor Daemon Online. Monitoring card_stack...
2026-01-23 00:47:37,364 - [PROCESSOR] - INFO - Processing Card f9ca7d27-a07a-42e0-b16f-d195aad5c7dd: SYS_CMD
2026-01-23 00:47:37,367 - [PROCESSOR] - INFO - Executing System Command: sudo mkfs.vfat -F32 /dev/loop12p1
2026-01-23 00:47:37,413 - [PROCESSOR] - INFO - Card f9ca7d27-a07a-42e0-b16f-d195aad5c7dd finished with status 2
2026-01-23 00:47:39,416 - [PROCESSOR] - INFO - Processing Card 36f483dd-f3a6-4a08-8a4b-979cb16dda41: SYS_CMD
2026-01-23 00:47:39,420 - [PROCESSOR] - INFO - Executing System Command: sudo mkfs.xfs -f /dev/loop12p2
2026-01-23 00:47:39,471 - [PROCESSOR] - INFO - Card 36f483dd-f3a6-4a08-8a4b-979cb16dda41 finished with status 2
2026-01-23 00:47:41,475 - [PROCESSOR] - INFO - Processing Card e736f373-5592-49db-a30f-62883577dd0b: SYS_CMD
2026-01-23 00:47:41,478 - [PROCESSOR] - INFO - Executing System Command: sudo mkdir -p /mnt/anvil_root && sudo mount /dev/loop12p2 /mnt/anvil_root
2026-01-23 00:47:41,769 - [PROCESSOR] - INFO - Card e736f373-5592-49db-a30f-62883577dd0b finished with status 2
2026-01-23 00:47:43,774 - [PROCESSOR] - INFO - Processing Card ce03e82e-fbd6-4c23-a8f0-1912f3ddf4d7: SYS_CMD
2026-01-23 00:47:43,779 - [PROCESSOR] - INFO - Executing System Command: sudo mkdir -p /mnt/anvil_root/boot && sudo mount /dev/loop12p1 /mnt/anvil_root/boot
2026-01-23 00:47:43,824 - [PROCESSOR] - INFO - Card ce03e82e-fbd6-4c23-a8f0-1912f3ddf4d7 finished with status 2
2026-01-23 00:47:45,829 - [PROCESSOR] - INFO - Processing Card 252e25df-b670-40ab-af63-179fe6573f6f: SYS_CMD
2026-01-23 00:47:45,834 - [PROCESSOR] - INFO - Executing System Command: STAGE3_URL=$(curl -s https://www.gentoo.org/downloads/mirrors/ | grep -oP 'https://.*stage3-hardened.*xz' | head -n 1) && STAGE3_SHA512_URL=$(echo "$STAGE3_URL" | sed 's/xz$/xz.DIGESTS/') && STAGE3_SHA512=$(curl -s "$STAGE3_SHA512_URL" | grep SHA512 | awk '{print $1}') && curl -L "$STAGE3_URL" -o /tmp/stage3.tar.xz && echo "${STAGE3_SHA512}  /tmp/stage3.tar.xz" | sha512sum -c --strict && sudo tar xpvf /tmp/stage3.tar.xz -C /mnt/anvil_root
2026-01-23 00:47:46,051 - [PROCESSOR] - INFO - Card 252e25df-b670-40ab-af63-179fe6573f6f finished with status 9
2026-01-23 00:53:03,348 - [PROCESSOR] - INFO - Processor Daemon Online. Monitoring card_stack...
2026-01-23 00:53:07,350 - [PROCESSOR] - INFO - Processing Card 845f6d70-f244-44f4-9db0-6912ff6d861b: SYS_CMD
2026-01-23 00:53:07,354 - [PROCESSOR] - INFO - Executing System Command: mkdir -p /mnt/anvil_temp && cd /mnt/anvil_temp && wget https://distfiles.gentoo.org/releases/amd64/autobuilds/20260121T111559Z/stage3-amd64-hardened-selinux-openrc-20260121T111559Z.tar.xz && wget https://distfiles.gentoo.org/releases/amd64/autobuilds/20260121T111559Z/stage3-amd64-hardened-selinux-openrc-20260121T111559Z.tar.xz.DIGESTS
2026-01-23 00:54:01,357 - [PROCESSOR] - INFO - Processor Daemon Online. Monitoring card_stack...
2026-01-23 00:54:01,357 - [PROCESSOR] - INFO - Processing Card 845f6d70-f244-44f4-9db0-6912ff6d861b: SYS_CMD
2026-01-23 00:54:01,359 - [PROCESSOR] - INFO - Executing System Command: mkdir -p /mnt/anvil_temp && cd /mnt/anvil_temp && wget https://distfiles.gentoo.org/releases/amd64/autobuilds/20260121T111559Z/stage3-amd64-hardened-selinux-openrc-20260121T111559Z.tar.xz && wget https://distfiles.gentoo.org/releases/amd64/autobuilds/20260121T111559Z/stage3-amd64-hardened-selinux-openrc-20260121T111559Z.tar.xz.DIGESTS
2026-01-23 00:54:40,309 - [PROCESSOR] - INFO - Card 845f6d70-f244-44f4-9db0-6912ff6d861b finished with status 2
2026-01-23 00:54:42,320 - [PROCESSOR] - INFO - Processing Card 3ccfbc0b-f060-4075-86e4-4b8505854848: SYS_CMD
2026-01-23 00:54:42,324 - [PROCESSOR] - INFO - Executing System Command: cd /mnt/anvil_temp && grep SHA512 stage3-amd64-hardened-selinux-openrc-20260121T111559Z.tar.xz.DIGESTS | sha512sum --check
2026-01-23 00:54:42,330 - [PROCESSOR] - INFO - Card 3ccfbc0b-f060-4075-86e4-4b8505854848 finished with status 9
2026-01-23 00:54:44,332 - [PROCESSOR] - INFO - Processing Card a5ba872b-2c31-4c8b-8125-5b0ab2176a6a: SYS_CMD
2026-01-23 00:54:44,336 - [PROCESSOR] - INFO - Executing System Command: sudo mkdir -p /mnt/anvil_root && sudo tar xpf /mnt/anvil_temp/stage3-amd64-hardened-selinux-openrc-20260121T111559Z.tar.xz -C /mnt/anvil_root --xattrs --numeric-owner
2026-01-23 00:54:45,028 - [PROCESSOR] - INFO - Card a5ba872b-2c31-4c8b-8125-5b0ab2176a6a finished with status 9
2026-01-23 00:59:38,847 - [PROCESSOR] - INFO - Processor Daemon Online. Monitoring card_stack...
2026-01-23 00:59:42,849 - [PROCESSOR] - INFO - Processing Card e5126290-1139-4909-8ef0-6e5558d95ce3: SYS_CMD
2026-01-23 00:59:42,853 - [PROCESSOR] - INFO - Executing System Command: mv /mnt/anvil_temp/stage3-amd64-hardened-selinux-openrc-20260121T111559Z.tar.xz.1 /mnt/anvil_temp/stage3.tar.xz
2026-01-23 00:59:42,858 - [PROCESSOR] - INFO - Card e5126290-1139-4909-8ef0-6e5558d95ce3 finished with status 2
2026-01-23 00:59:44,862 - [PROCESSOR] - INFO - Processing Card 4b8d4d3a-9afb-4650-9e8b-0e23ca83ea04: SYS_CMD
2026-01-23 00:59:44,866 - [PROCESSOR] - INFO - Executing System Command: grep stage3.tar.xz /mnt/anvil_temp/stage3-amd64-hardened-selinux-openrc-20260121T111559Z.tar.xz.DIGESTS | sha512sum --check
2026-01-23 00:59:44,874 - [PROCESSOR] - INFO - Card 4b8d4d3a-9afb-4650-9e8b-0e23ca83ea04 finished with status 9
2026-01-23 00:59:46,878 - [PROCESSOR] - INFO - Processing Card b71c077d-3680-4c0a-a7d7-28008eea4240: SYS_CMD
2026-01-23 00:59:46,882 - [PROCESSOR] - INFO - Executing System Command: sudo tar -xpvf /mnt/anvil_temp/stage3.tar.xz -C /mnt/anvil_root
2026-01-23 01:00:03,057 - [PROCESSOR] - INFO - Card b71c077d-3680-4c0a-a7d7-28008eea4240 finished with status 2
2026-01-23 01:05:36,580 - [PROCESSOR] - INFO - Processor Daemon Online. Monitoring card_stack...
2026-01-23 01:05:40,592 - [PROCESSOR] - INFO - Processing Card 632c95c1-080d-4f10-bbc7-02a9af77560b: SYS_CMD
2026-01-23 01:05:40,595 - [PROCESSOR] - INFO - Executing System Command: cp /etc/resolv.conf /mnt/anvil_root/etc/resolv.conf
2026-01-23 01:05:40,599 - [PROCESSOR] - INFO - Card 632c95c1-080d-4f10-bbc7-02a9af77560b finished with status 9
2026-01-23 01:05:42,604 - [PROCESSOR] - INFO - Processing Card ebf46a45-5ce2-456a-b046-66d9647d9738: SYS_CMD
2026-01-23 01:05:42,607 - [PROCESSOR] - INFO - Executing System Command: mount --bind /dev /mnt/anvil_root/dev && mount --bind /proc /mnt/anvil_root/proc && mount --bind /sys /mnt/anvil_root/sys
2026-01-23 01:05:42,611 - [PROCESSOR] - INFO - Card ebf46a45-5ce2-456a-b046-66d9647d9738 finished with status 9
2026-01-23 01:05:44,616 - [PROCESSOR] - INFO - Processing Card 3d10c959-8503-4550-a125-2c3d1e0b24ea: SYS_CMD
2026-01-23 01:05:44,619 - [PROCESSOR] - INFO - Executing System Command: chroot /mnt/anvil_root /usr/bin/emerge-webrsync
2026-01-23 01:05:44,623 - [PROCESSOR] - INFO - Card 3d10c959-8503-4550-a125-2c3d1e0b24ea finished with status 9
2026-01-23 01:05:46,628 - [PROCESSOR] - INFO - Processing Card 1ff3ace6-8839-4d62-9f3a-1a17f5ad7cf8: SYS_CMD
2026-01-23 01:05:46,631 - [PROCESSOR] - INFO - Executing System Command: chroot /mnt/anvil_root /usr/bin/eselect profile set hardened/selinux/amd64
2026-01-23 01:05:46,635 - [PROCESSOR] - INFO - Card 1ff3ace6-8839-4d62-9f3a-1a17f5ad7cf8 finished with status 9
2026-01-23 01:05:48,641 - [PROCESSOR] - INFO - Processing Card 40a86889-7dca-4aa1-aced-0406a3843c8b: SYS_CMD
2026-01-23 01:05:48,643 - [PROCESSOR] - INFO - Executing System Command: chroot /mnt/anvil_root /usr/bin/eselect profile show
2026-01-23 01:05:48,646 - [PROCESSOR] - INFO - Card 40a86889-7dca-4aa1-aced-0406a3843c8b finished with status 9
2026-01-23 01:11:03,595 - [PROCESSOR] - INFO - Processor Daemon Online. Monitoring card_stack...
2026-01-23 01:11:07,597 - [PROCESSOR] - INFO - Processing Card 3a51df40-2527-4328-8fcc-fe92a4328939: SYS_CMD
2026-01-23 01:11:07,601 - [PROCESSOR] - INFO - Executing System Command: sudo cp -L /etc/resolv.conf /mnt/anvil_root/etc/resolv.conf
2026-01-23 01:11:07,622 - [PROCESSOR] - INFO - Card 3a51df40-2527-4328-8fcc-fe92a4328939 finished with status 2
2026-01-23 01:11:09,625 - [PROCESSOR] - INFO - Processing Card 44b789ac-3542-474a-8083-8b759b91539b: SYS_CMD
2026-01-23 01:11:09,627 - [PROCESSOR] - INFO - Executing System Command: sudo mount --bind /dev /mnt/anvil_root/dev && sudo mount --bind /proc /mnt/anvil_root/proc && sudo mount --bind /sys /mnt/anvil_root/sys
2026-01-23 01:11:09,675 - [PROCESSOR] - INFO - Card 44b789ac-3542-474a-8083-8b759b91539b finished with status 2
2026-01-23 01:11:11,678 - [PROCESSOR] - INFO - Processing Card 963a900c-4924-48c4-88ee-3e7ab76a0c05: SYS_CMD
2026-01-23 01:11:11,682 - [PROCESSOR] - INFO - Executing System Command: sudo chroot /mnt/anvil_root /bin/bash -c 'emerge-webrsync'
2026-01-23 01:11:31,307 - [PROCESSOR] - INFO - Card 963a900c-4924-48c4-88ee-3e7ab76a0c05 finished with status 2
2026-01-23 01:11:33,319 - [PROCESSOR] - INFO - Processing Card fdee77af-d4d8-495e-a1d3-58797cca1002: SYS_CMD
2026-01-23 01:11:33,331 - [PROCESSOR] - INFO - Executing System Command: sudo chroot /mnt/anvil_root /bin/bash -c 'eselect profile list | grep hardened | grep selinux'
2026-01-23 01:11:34,012 - [PROCESSOR] - INFO - Card fdee77af-d4d8-495e-a1d3-58797cca1002 finished with status 2
2026-01-23 01:11:36,041 - [PROCESSOR] - INFO - Processing Card e240df04-7052-47b5-a66e-c16a2b32d035: SYS_CMD
2026-01-23 01:11:36,053 - [PROCESSOR] - INFO - Executing System Command: sudo chroot /mnt/anvil_root /bin/bash -c 'eselect profile set default/linux/amd64/17.1/hardened/selinux'
2026-01-23 01:11:36,444 - [PROCESSOR] - INFO - Card e240df04-7052-47b5-a66e-c16a2b32d035 finished with status 9
