make: Entering directory '/home/aimeat/anvilos/oss_sovereignty/linux-6.6.14'
  MODPOST /home/aimeat/anvilos/oss_sovereignty/zfs-2.2.2/build/Module.symvers
WARNING: modpost: "blk_register_queue" [/home/aimeat/anvilos/oss_sovereignty/zfs-2.2.2/build/bio_bdev_disk/bio_bdev_disk.ko] undefined!
  CC [M]  /home/aimeat/anvilos/oss_sovereignty/zfs-2.2.2/build/objtool/objtool.mod.o
  CC [M]  /home/aimeat/anvilos/oss_sovereignty/zfs-2.2.2/build/stack_frame_non_standard/stack_frame_non_standard.mod.o
  CC [M]  /home/aimeat/anvilos/oss_sovereignty/zfs-2.2.2/build/global_node_page_state/global_node_page_state.mod.o
  CC [M]  /home/aimeat/anvilos/oss_sovereignty/zfs-2.2.2/build/global_zone_page_state/global_zone_page_state.mod.o
  CC [M]  /home/aimeat/anvilos/oss_sovereignty/zfs-2.2.2/build/pde_data/pde_data.mod.o
  CC [M]  /home/aimeat/anvilos/oss_sovereignty/zfs-2.2.2/build/file_fallocate/file_fallocate.mod.o
  CC [M]  /home/aimeat/anvilos/oss_sovereignty/zfs-2.2.2/build/falloc_fl_zero_range/falloc_fl_zero_range.mod.o
  CC [M]  /home/aimeat/anvilos/oss_sovereignty/zfs-2.2.2/build/file_fadvise/file_fadvise.mod.o
  CC [M]  /home/aimeat/anvilos/oss_sovereignty/zfs-2.2.2/build/generic_fadvise/generic_fadvise.mod.o
  CC [M]  /home/aimeat/anvilos/oss_sovereignty/zfs-2.2.2/build/2args_zlib_deflate_workspacesize/2args_zlib_deflate_workspacesize.mod.o
  CC [M]  /home/aimeat/anvilos/oss_sovereignty/zfs-2.2.2/build/rwsem_atomic_long_count/rwsem_atomic_long_count.mod.o
  CC [M]  /home/aimeat/anvilos/oss_sovereignty/zfs-2.2.2/build/sched_rt_header/sched_rt_header.mod.o
  CC [M]  /home/aimeat/anvilos/oss_sovereignty/zfs-2.2.2/build/sched_signal_header/sched_signal_header.mod.o
  CC [M]  /home/aimeat/anvilos/oss_sovereignty/zfs-2.2.2/build/io_schedule_timeout/io_schedule_timeout.mod.o
  CC [M]  /home/aimeat/anvilos/oss_sovereignty/zfs-2.2.2/build/usleep_range/usleep_range.mod.o
  CC [M]  /home/aimeat/anvilos/oss_sovereignty/zfs-2.2.2/build/kmem_cache_create_usercopy/kmem_cache_create_usercopy.mod.o
  CC [M]  /home/aimeat/anvilos/oss_sovereignty/zfs-2.2.2/build/kvmalloc/kvmalloc.mod.o
  CC [M]  /home/aimeat/anvilos/oss_sovereignty/zfs-2.2.2/build/wait_queue_head_entry/wait_queue_head_entry.mod.o
  CC [M]  /home/aimeat/anvilos/oss_sovereignty/zfs-2.2.2/build/timestamp_truncate/timestamp_truncate.mod.o
  CC [M]  /home/aimeat/anvilos/oss_sovereignty/zfs-2.2.2/build/inode_get_ctime/inode_get_ctime.mod.o
  CC [M]  /home/aimeat/anvilos/oss_sovereignty/zfs-2.2.2/build/inode_set_ctime_to_ts/inode_set_ctime_to_ts.mod.o
  CC [M]  /home/aimeat/anvilos/oss_sovereignty/zfs-2.2.2/build/inode_lock/inode_lock.mod.o
  CC [M]  /home/aimeat/anvilos/oss_sovereignty/zfs-2.2.2/build/group_info_gid/group_info_gid.mod.o
  CC [M]  /home/aimeat/anvilos/oss_sovereignty/zfs-2.2.2/build/kernel_write/kernel_write.mod.o
  CC [M]  /home/aimeat/anvilos/oss_sovereignty/zfs-2.2.2/build/kernel_read/kernel_read.mod.o
  CC [M]  /home/aimeat/anvilos/oss_sovereignty/zfs-2.2.2/build/timer_setup/timer_setup.mod.o
  CC [M]  /home/aimeat/anvilos/oss_sovereignty/zfs-2.2.2/build/timer_list_function/timer_list_function.mod.o
  CC [M]  /home/aimeat/anvilos/oss_sovereignty/zfs-2.2.2/build/timer_list_flags/timer_list_flags.mod.o
  CC [M]  /home/aimeat/anvilos/oss_sovereignty/zfs-2.2.2/build/super_user_ns/super_user_ns.mod.o
  CC [M]  /home/aimeat/anvilos/oss_sovereignty/zfs-2.2.2/build/proc_ops_struct/proc_ops_struct.mod.o
  CC [M]  /home/aimeat/anvilos/oss_sovereignty/zfs-2.2.2/build/block_device_operations_check_events/block_device_operations_check_events.mod.o
  CC [M]  /home/aimeat/anvilos/oss_sovereignty/zfs-2.2.2/build/block_device_operations_release_void_1arg/block_device_operations_release_void_1arg.mod.o
  CC [M]  /home/aimeat/anvilos/oss_sovereignty/zfs-2.2.2/build/req_failfast_mask/req_failfast_mask.mod.o
  CC [M]  /home/aimeat/anvilos/oss_sovereignty/zfs-2.2.2/build/req_preflush/req_preflush.mod.o
  CC [M]  /home/aimeat/anvilos/oss_sovereignty/zfs-2.2.2/build/req_op_discard/req_op_discard.mod.o
  CC [M]  /home/aimeat/anvilos/oss_sovereignty/zfs-2.2.2/build/req_op_secure_erase/req_op_secure_erase.mod.o
  CC [M]  /home/aimeat/anvilos/oss_sovereignty/zfs-2.2.2/build/req_op_flush/req_op_flush.mod.o
  CC [M]  /home/aimeat/anvilos/oss_sovereignty/zfs-2.2.2/build/bio_bi_opf/bio_bi_opf.mod.o
  CC [M]  /home/aimeat/anvilos/oss_sovereignty/zfs-2.2.2/build/bio_set_dev/bio_set_dev.mod.o
  CC [M]  /home/aimeat/anvilos/oss_sovereignty/zfs-2.2.2/build/bio_end_io_t_args/bio_end_io_t_args.mod.o
  CC [M]  /home/aimeat/anvilos/oss_sovereignty/zfs-2.2.2/build/bio_bi_status/bio_bi_status.mod.o
  CC [M]  /home/aimeat/anvilos/oss_sovereignty/zfs-2.2.2/build/bio_bvec_iter/bio_bvec_iter.mod.o
  CC [M]  /home/aimeat/anvilos/oss_sovereignty/zfs-2.2.2/build/submit_bio/submit_bio.mod.o
  CC [M]  /home/aimeat/anvilos/oss_sovereignty/zfs-2.2.2/build/current_bio_list/current_bio_list.mod.o
  CC [M]  /home/aimeat/anvilos/oss_sovereignty/zfs-2.2.2/build/bio_bdev_disk/bio_bdev_disk.mod.o
  CC [M]  /home/aimeat/anvilos/oss_sovereignty/zfs-2.2.2/build/bio_bdev_submit_bio_void/bio_bdev_submit_bio_void.mod.o
  CC [M]  /home/aimeat/anvilos/oss_sovereignty/zfs-2.2.2/build/blk_cgroup_header/blk_cgroup_header.mod.o
  CC [M]  /home/aimeat/anvilos/oss_sovereignty/zfs-2.2.2/build/bio_alloc_4arg/bio_alloc_4arg.mod.o
  CC [M]  /home/aimeat/anvilos/oss_sovereignty/zfs-2.2.2/build/blkdev_get_by_path_4arg/blkdev_get_by_path_4arg.mod.o
  CC [M]  /home/aimeat/anvilos/oss_sovereignty/zfs-2.2.2/build/blkdev_put_holder/blkdev_put_holder.mod.o
  CC [M]  /home/aimeat/anvilos/oss_sovereignty/zfs-2.2.2/build/invalidate_bdev/invalidate_bdev.mod.o
  CC [M]  /home/aimeat/anvilos/oss_sovereignty/zfs-2.2.2/build/lookup_bdev_devt/lookup_bdev_devt.mod.o
  CC [M]  /home/aimeat/anvilos/oss_sovereignty/zfs-2.2.2/build/bdev_logical_block_size/bdev_logical_block_size.mod.o
  CC [M]  /home/aimeat/anvilos/oss_sovereignty/zfs-2.2.2/build/bdev_physical_block_size/bdev_physical_block_size.mod.o
  CC [M]  /home/aimeat/anvilos/oss_sovereignty/zfs-2.2.2/build/bdev_whole/bdev_whole.mod.o
  CC [M]  /home/aimeat/anvilos/oss_sovereignty/zfs-2.2.2/build/blkdev_issue_secure_erase/blkdev_issue_secure_erase.mod.o
  CC [M]  /home/aimeat/anvilos/oss_sovereignty/zfs-2.2.2/build/bdev_kobj/bdev_kobj.mod.o
  CC [M]  /home/aimeat/anvilos/oss_sovereignty/zfs-2.2.2/build/disk_check_media_change/disk_check_media_change.mod.o
  CC [M]  /home/aimeat/anvilos/oss_sovereignty/zfs-2.2.2/build/blk_sts_resv_conflict/blk_sts_resv_conflict.mod.o
  CC [M]  /home/aimeat/anvilos/oss_sovereignty/zfs-2.2.2/build/blk_mode_t/blk_mode_t.mod.o
  CC [M]  /home/aimeat/anvilos/oss_sovereignty/zfs-2.2.2/build/blk_plug/blk_plug.mod.o
  CC [M]  /home/aimeat/anvilos/oss_sovereignty/zfs-2.2.2/build/disk_update_readahead/disk_update_readahead.mod.o
  CC [M]  /home/aimeat/anvilos/oss_sovereignty/zfs-2.2.2/build/bdev_max_discard_sectors/bdev_max_discard_sectors.mod.o
  CC [M]  /home/aimeat/anvilos/oss_sovereignty/zfs-2.2.2/build/bdev_max_secure_erase_sectors/bdev_max_secure_erase_sectors.mod.o
  CC [M]  /home/aimeat/anvilos/oss_sovereignty/zfs-2.2.2/build/blk_queue_flag_set/blk_queue_flag_set.mod.o
  CC [M]  /home/aimeat/anvilos/oss_sovereignty/zfs-2.2.2/build/blk_queue_flag_clear/blk_queue_flag_clear.mod.o
  CC [M]  /home/aimeat/anvilos/oss_sovereignty/zfs-2.2.2/build/blk_queue_write_cache/blk_queue_write_cache.mod.o
  CC [M]  /home/aimeat/anvilos/oss_sovereignty/zfs-2.2.2/build/blk_queue_max_hw_sectors/blk_queue_max_hw_sectors.mod.o
  CC [M]  /home/aimeat/anvilos/oss_sovereignty/zfs-2.2.2/build/blk_queue_max_segments/blk_queue_max_segments.mod.o
  CC [M]  /home/aimeat/anvilos/oss_sovereignty/zfs-2.2.2/build/blk_mq/blk_mq.mod.o
  CC [M]  /home/aimeat/anvilos/oss_sovereignty/zfs-2.2.2/build/genhd_fl_no_part/genhd_fl_no_part.mod.o
  CC [M]  /home/aimeat/anvilos/oss_sovereignty/zfs-2.2.2/build/get_disk_ro/get_disk_ro.mod.o
  CC [M]  /home/aimeat/anvilos/oss_sovereignty/zfs-2.2.2/build/discard_granularity/discard_granularity.mod.o
  CC [M]  /home/aimeat/anvilos/oss_sovereignty/zfs-2.2.2/build/inode_owner_or_capable_mnt_idmap/inode_owner_or_capable_mnt_idmap.mod.o
  CC [M]  /home/aimeat/anvilos/oss_sovereignty/zfs-2.2.2/build/const_xattr_handler/const_xattr_handler.mod.o
  CC [M]  /home/aimeat/anvilos/oss_sovereignty/zfs-2.2.2/build/xattr_handler_name/xattr_handler_name.mod.o
  CC [M]  /home/aimeat/anvilos/oss_sovereignty/zfs-2.2.2/build/xattr_handler_get_dentry_inode/xattr_handler_get_dentry_inode.mod.o
  CC [M]  /home/aimeat/anvilos/oss_sovereignty/zfs-2.2.2/build/xattr_handler_set_mnt_idmap/xattr_handler_set_mnt_idmap.mod.o
  CC [M]  /home/aimeat/anvilos/oss_sovereignty/zfs-2.2.2/build/xattr_handler_list_simple/xattr_handler_list_simple.mod.o
  CC [M]  /home/aimeat/anvilos/oss_sovereignty/zfs-2.2.2/build/posix_acl_from_xattr_userns/posix_acl_from_xattr_userns.mod.o
  CC [M]  /home/aimeat/anvilos/oss_sovereignty/zfs-2.2.2/build/posix_acl_release/posix_acl_release.mod.o
  CC [M]  /home/aimeat/anvilos/oss_sovereignty/zfs-2.2.2/build/set_cached_acl/set_cached_acl.mod.o
  CC [M]  /home/aimeat/anvilos/oss_sovereignty/zfs-2.2.2/build/posix_acl_chmod/posix_acl_chmod.mod.o
  CC [M]  /home/aimeat/anvilos/oss_sovereignty/zfs-2.2.2/build/__posix_acl_chmod/__posix_acl_chmod.mod.o
  CC [M]  /home/aimeat/anvilos/oss_sovereignty/zfs-2.2.2/build/posix_acl_equiv_mode/posix_acl_equiv_mode.mod.o
  CC [M]  /home/aimeat/anvilos/oss_sovereignty/zfs-2.2.2/build/posix_acl_valid_with_ns/posix_acl_valid_with_ns.mod.o
  CC [M]  /home/aimeat/anvilos/oss_sovereignty/zfs-2.2.2/build/inode_operations_get_inode_acl/inode_operations_get_inode_acl.mod.o
  CC [M]  /home/aimeat/anvilos/oss_sovereignty/zfs-2.2.2/build/inode_operations_set_acl_mnt_idmap_dentry/inode_operations_set_acl_mnt_idmap_dentry.mod.o
  CC [M]  /home/aimeat/anvilos/oss_sovereignty/zfs-2.2.2/build/get_acl_handle_cache/get_acl_handle_cache.mod.o
  CC [M]  /home/aimeat/anvilos/oss_sovereignty/zfs-2.2.2/build/acl_refcount/acl_refcount.mod.o
  CC [M]  /home/aimeat/anvilos/oss_sovereignty/zfs-2.2.2/build/inode_operations_setattr_mnt_idmap/inode_operations_setattr_mnt_idmap.mod.o
  CC [M]  /home/aimeat/anvilos/oss_sovereignty/zfs-2.2.2/build/inode_operations_getattr_mnt_idmap/inode_operations_getattr_mnt_idmap.mod.o
  CC [M]  /home/aimeat/anvilos/oss_sovereignty/zfs-2.2.2/build/inode_set_flags/inode_set_flags.mod.o
  CC [M]  /home/aimeat/anvilos/oss_sovereignty/zfs-2.2.2/build/inode_set_iversion/inode_set_iversion.mod.o
  CC [M]  /home/aimeat/anvilos/oss_sovereignty/zfs-2.2.2/build/super_operations_show_options/super_operations_show_options.mod.o
  CC [M]  /home/aimeat/anvilos/oss_sovereignty/zfs-2.2.2/build/file_inode/file_inode.mod.o
  CC [M]  /home/aimeat/anvilos/oss_sovereignty/zfs-2.2.2/build/file_dentry/file_dentry.mod.o
  CC [M]  /home/aimeat/anvilos/oss_sovereignty/zfs-2.2.2/build/fsync_range/fsync_range.mod.o
  CC [M]  /home/aimeat/anvilos/oss_sovereignty/zfs-2.2.2/build/evict_inode/evict_inode.mod.o
  CC [M]  /home/aimeat/anvilos/oss_sovereignty/zfs-2.2.2/build/dirty_inode_with_flags/dirty_inode_with_flags.mod.o
  CC [M]  /home/aimeat/anvilos/oss_sovereignty/zfs-2.2.2/build/super_block_s_shrink/super_block_s_shrink.mod.o
  CC [M]  /home/aimeat/anvilos/oss_sovereignty/zfs-2.2.2/build/shrink_control_nid/shrink_control_nid.mod.o
  CC [M]  /home/aimeat/anvilos/oss_sovereignty/zfs-2.2.2/build/shrink_control_struct/shrink_control_struct.mod.o
  CC [M]  /home/aimeat/anvilos/oss_sovereignty/zfs-2.2.2/build/register_shrinker_vararg/register_shrinker_vararg.mod.o
  CC [M]  /home/aimeat/anvilos/oss_sovereignty/zfs-2.2.2/build/mkdir_mnt_idmap/mkdir_mnt_idmap.mod.o
  CC [M]  /home/aimeat/anvilos/oss_sovereignty/zfs-2.2.2/build/lookup_flags/lookup_flags.mod.o
  CC [M]  /home/aimeat/anvilos/oss_sovereignty/zfs-2.2.2/build/create_mnt_idmap/create_mnt_idmap.mod.o
  CC [M]  /home/aimeat/anvilos/oss_sovereignty/zfs-2.2.2/build/permission_mnt_idmap/permission_mnt_idmap.mod.o
  CC [M]  /home/aimeat/anvilos/oss_sovereignty/zfs-2.2.2/build/inode_operations_get_link/inode_operations_get_link.mod.o
  CC [M]  /home/aimeat/anvilos/oss_sovereignty/zfs-2.2.2/build/inode_operations_tmpfile_mnt_idmap/inode_operations_tmpfile_mnt_idmap.mod.o
  CC [M]  /home/aimeat/anvilos/oss_sovereignty/zfs-2.2.2/build/dentry_operations_d_automount/dentry_operations_d_automount.mod.o
  CC [M]  /home/aimeat/anvilos/oss_sovereignty/zfs-2.2.2/build/export_operations_encode_fh/export_operations_encode_fh.mod.o
  CC [M]  /home/aimeat/anvilos/oss_sovereignty/zfs-2.2.2/build/export_operations_commit_metadata/export_operations_commit_metadata.mod.o
  CC [M]  /home/aimeat/anvilos/oss_sovereignty/zfs-2.2.2/build/clear_inode/clear_inode.mod.o
  CC [M]  /home/aimeat/anvilos/oss_sovereignty/zfs-2.2.2/build/setattr_prepare_mnt_idmap/setattr_prepare_mnt_idmap.mod.o
  CC [M]  /home/aimeat/anvilos/oss_sovereignty/zfs-2.2.2/build/insert_inode_locked/insert_inode_locked.mod.o
  CC [M]  /home/aimeat/anvilos/oss_sovereignty/zfs-2.2.2/build/d_make_root/d_make_root.mod.o
  CC [M]  /home/aimeat/anvilos/oss_sovereignty/zfs-2.2.2/build/d_obtain_alias/d_obtain_alias.mod.o
  CC [M]  /home/aimeat/anvilos/oss_sovereignty/zfs-2.2.2/build/d_prune_aliases/d_prune_aliases.mod.o
  CC [M]  /home/aimeat/anvilos/oss_sovereignty/zfs-2.2.2/build/d_set_d_op/d_set_d_op.mod.o
  CC [M]  /home/aimeat/anvilos/oss_sovereignty/zfs-2.2.2/build/dentry_operations_const/dentry_operations_const.mod.o
  CC [M]  /home/aimeat/anvilos/oss_sovereignty/zfs-2.2.2/build/super_block_s_d_op/super_block_s_d_op.mod.o
  CC [M]  /home/aimeat/anvilos/oss_sovereignty/zfs-2.2.2/build/dentry_alias_d_u/dentry_alias_d_u.mod.o
  CC [M]  /home/aimeat/anvilos/oss_sovereignty/zfs-2.2.2/build/truncate_setsize/truncate_setsize.mod.o
  CC [M]  /home/aimeat/anvilos/oss_sovereignty/zfs-2.2.2/build/security_inode_init_security/security_inode_init_security.mod.o
  CC [M]  /home/aimeat/anvilos/oss_sovereignty/zfs-2.2.2/build/file_system_type_mount/file_system_type_mount.mod.o
  CC [M]  /home/aimeat/anvilos/oss_sovereignty/zfs-2.2.2/build/super_setup_bdi_name/super_setup_bdi_name.mod.o
  CC [M]  /home/aimeat/anvilos/oss_sovereignty/zfs-2.2.2/build/set_nlink/set_nlink.mod.o
  CC [M]  /home/aimeat/anvilos/oss_sovereignty/zfs-2.2.2/build/sget_5args/sget_5args.mod.o
  CC [M]  /home/aimeat/anvilos/oss_sovereignty/zfs-2.2.2/build/vfs_has_filemap_dirty_folio/vfs_has_filemap_dirty_folio.mod.o
  CC [M]  /home/aimeat/anvilos/oss_sovereignty/zfs-2.2.2/build/vfs_has_read_folio/vfs_has_read_folio.mod.o
  CC [M]  /home/aimeat/anvilos/oss_sovereignty/zfs-2.2.2/build/vfs_getattr_4args/vfs_getattr_4args.mod.o
  CC [M]  /home/aimeat/anvilos/oss_sovereignty/zfs-2.2.2/build/vfs_fsync_2args/vfs_fsync_2args.mod.o
  CC [M]  /home/aimeat/anvilos/oss_sovereignty/zfs-2.2.2/build/file_operations_iterate_shared/file_operations_iterate_shared.mod.o
  CC [M]  /home/aimeat/anvilos/oss_sovereignty/zfs-2.2.2/build/direct_io_iter/direct_io_iter.mod.o
  CC [M]  /home/aimeat/anvilos/oss_sovereignty/zfs-2.2.2/build/file_operations_rw/file_operations_rw.mod.o
  CC [M]  /home/aimeat/anvilos/oss_sovereignty/zfs-2.2.2/build/generic_write_checks/generic_write_checks.mod.o
  CC [M]  /home/aimeat/anvilos/oss_sovereignty/zfs-2.2.2/build/iov_iter_types/iov_iter_types.mod.o
  CC [M]  /home/aimeat/anvilos/oss_sovereignty/zfs-2.2.2/build/iov_iter_advance/iov_iter_advance.mod.o
  CC [M]  /home/aimeat/anvilos/oss_sovereignty/zfs-2.2.2/build/iov_iter_revert/iov_iter_revert.mod.o
  CC [M]  /home/aimeat/anvilos/oss_sovereignty/zfs-2.2.2/build/fault_in_iov_iter_readable/fault_in_iov_iter_readable.mod.o
  CC [M]  /home/aimeat/anvilos/oss_sovereignty/zfs-2.2.2/build/iov_iter_count/iov_iter_count.mod.o
  CC [M]  /home/aimeat/anvilos/oss_sovereignty/zfs-2.2.2/build/copy_to_iter/copy_to_iter.mod.o
  CC [M]  /home/aimeat/anvilos/oss_sovereignty/zfs-2.2.2/build/copy_from_iter/copy_from_iter.mod.o
  CC [M]  /home/aimeat/anvilos/oss_sovereignty/zfs-2.2.2/build/iov_iter_type/iov_iter_type.mod.o
  CC [M]  /home/aimeat/anvilos/oss_sovereignty/zfs-2.2.2/build/iter_iov/iter_iov.mod.o
  CC [M]  /home/aimeat/anvilos/oss_sovereignty/zfs-2.2.2/build/vfs_copy_file_range/vfs_copy_file_range.mod.o
  CC [M]  /home/aimeat/anvilos/oss_sovereignty/zfs-2.2.2/build/generic_copy_file_range/generic_copy_file_range.mod.o
  CC [M]  /home/aimeat/anvilos/oss_sovereignty/zfs-2.2.2/build/vfs_remap_file_range/vfs_remap_file_range.mod.o
  CC [M]  /home/aimeat/anvilos/oss_sovereignty/zfs-2.2.2/build/kmap_atomic/kmap_atomic.mod.o
  CC [M]  /home/aimeat/anvilos/oss_sovereignty/zfs-2.2.2/build/follow_down_one/follow_down_one.mod.o
  CC [M]  /home/aimeat/anvilos/oss_sovereignty/zfs-2.2.2/build/block_device_operations_submit_bio/block_device_operations_submit_bio.mod.o
  CC [M]  /home/aimeat/anvilos/oss_sovereignty/zfs-2.2.2/build/blk_alloc_disk/blk_alloc_disk.mod.o
  CC [M]  /home/aimeat/anvilos/oss_sovereignty/zfs-2.2.2/build/bdev_io_acct_63/bdev_io_acct_63.mod.o
  CC [M]  /home/aimeat/anvilos/oss_sovereignty/zfs-2.2.2/build/bio_io_acct/bio_io_acct.mod.o
  CC [M]  /home/aimeat/anvilos/oss_sovereignty/zfs-2.2.2/build/kernel_fpu/kernel_fpu.mod.o
  CC [M]  /home/aimeat/anvilos/oss_sovereignty/zfs-2.2.2/build/type_fmode_t/type_fmode_t.mod.o
  CC [M]  /home/aimeat/anvilos/oss_sovereignty/zfs-2.2.2/build/kuidgid_t/kuidgid_t.mod.o
  CC [M]  /home/aimeat/anvilos/oss_sovereignty/zfs-2.2.2/build/i_uid_read/i_uid_read.mod.o
  CC [M]  /home/aimeat/anvilos/oss_sovereignty/zfs-2.2.2/build/inode_operations_rename_mnt_idmap/inode_operations_rename_mnt_idmap.mod.o
  CC [M]  /home/aimeat/anvilos/oss_sovereignty/zfs-2.2.2/build/current_time/current_time.mod.o
  CC [M]  /home/aimeat/anvilos/oss_sovereignty/zfs-2.2.2/build/ns_capable/ns_capable.mod.o
  CC [M]  /home/aimeat/anvilos/oss_sovereignty/zfs-2.2.2/build/has_capability/has_capability.mod.o
  CC [M]  /home/aimeat/anvilos/oss_sovereignty/zfs-2.2.2/build/cred_user_ns/cred_user_ns.mod.o
  CC [M]  /home/aimeat/anvilos/oss_sovereignty/zfs-2.2.2/build/kuid_has_mapping/kuid_has_mapping.mod.o
  CC [M]  /home/aimeat/anvilos/oss_sovereignty/zfs-2.2.2/build/in_compat_syscall/in_compat_syscall.mod.o
  CC [M]  /home/aimeat/anvilos/oss_sovereignty/zfs-2.2.2/build/ktime_get_coarse_real_ts64/ktime_get_coarse_real_ts64.mod.o
  CC [M]  /home/aimeat/anvilos/oss_sovereignty/zfs-2.2.2/build/ktime_get_raw_ts64/ktime_get_raw_ts64.mod.o
  CC [M]  /home/aimeat/anvilos/oss_sovereignty/zfs-2.2.2/build/totalram_pages/totalram_pages.mod.o
  CC [M]  /home/aimeat/anvilos/oss_sovereignty/zfs-2.2.2/build/totalhigh_pages/totalhigh_pages.mod.o
  CC [M]  /home/aimeat/anvilos/oss_sovereignty/zfs-2.2.2/build/kstrtoul/kstrtoul.mod.o
  CC [M]  /home/aimeat/anvilos/oss_sovereignty/zfs-2.2.2/build/percpu_counter_init_with_gfp/percpu_counter_init_with_gfp.mod.o
  CC [M]  /home/aimeat/anvilos/oss_sovereignty/zfs-2.2.2/build/percpu_counter_add_batch/percpu_counter_add_batch.mod.o
  CC [M]  /home/aimeat/anvilos/oss_sovereignty/zfs-2.2.2/build/percpu_ref_count_in_data/percpu_ref_count_in_data.mod.o
  CC [M]  /home/aimeat/anvilos/oss_sovereignty/zfs-2.2.2/build/cpu_hotplug/cpu_hotplug.mod.o
  CC [M]  /home/aimeat/anvilos/oss_sovereignty/zfs-2.2.2/build/generic_fillattr_mnt_idmap_reqmask/generic_fillattr_mnt_idmap_reqmask.mod.o
  CC [M]  /home/aimeat/anvilos/oss_sovereignty/zfs-2.2.2/build/mknod_mnt_idmap/mknod_mnt_idmap.mod.o
  CC [M]  /home/aimeat/anvilos/oss_sovereignty/zfs-2.2.2/build/symlink_mnt_idmap/symlink_mnt_idmap.mod.o
  CC [M]  /home/aimeat/anvilos/oss_sovereignty/zfs-2.2.2/build/bio_max_segs/bio_max_segs.mod.o
  CC [M]  /home/aimeat/anvilos/oss_sovereignty/zfs-2.2.2/build/signal_stop/signal_stop.mod.o
  CC [M]  /home/aimeat/anvilos/oss_sovereignty/zfs-2.2.2/build/siginfo/siginfo.mod.o
  CC [M]  /home/aimeat/anvilos/oss_sovereignty/zfs-2.2.2/build/sysfs_default_groups/sysfs_default_groups.mod.o
  CC [M]  /home/aimeat/anvilos/oss_sovereignty/zfs-2.2.2/build/set_special_state/set_special_state.mod.o
  CC [M]  /home/aimeat/anvilos/oss_sovereignty/zfs-2.2.2/build/has_standalone_linux_stdarg/has_standalone_linux_stdarg.mod.o
  CC [M]  /home/aimeat/anvilos/oss_sovereignty/zfs-2.2.2/build/pagemap_has_folio_wait_bit/pagemap_has_folio_wait_bit.mod.o
  CC [M]  /home/aimeat/anvilos/oss_sovereignty/zfs-2.2.2/build/add_disk_ret/add_disk_ret.mod.o
  CC [M]  /home/aimeat/anvilos/oss_sovereignty/zfs-2.2.2/build/kthread_complete_and_exit/kthread_complete_and_exit.mod.o
  CC [M]  /home/aimeat/anvilos/oss_sovereignty/zfs-2.2.2/build/kthread_dequeue_signal/kthread_dequeue_signal.mod.o
  CC [M]  /home/aimeat/anvilos/oss_sovereignty/zfs-2.2.2/build/zero_page/zero_page.mod.o
  CC [M]  /home/aimeat/anvilos/oss_sovereignty/zfs-2.2.2/build/__copy_from_user_inatomic/__copy_from_user_inatomic.mod.o
  CC [M]  /home/aimeat/anvilos/oss_sovereignty/zfs-2.2.2/build/user_ns_common_inum/user_ns_common_inum.mod.o
  CC [M]  /home/aimeat/anvilos/oss_sovereignty/zfs-2.2.2/build/idmap_mnt_api/idmap_mnt_api.mod.o
  CC [M]  /home/aimeat/anvilos/oss_sovereignty/zfs-2.2.2/build/iattr_vfsid/iattr_vfsid.mod.o
  CC [M]  /home/aimeat/anvilos/oss_sovereignty/zfs-2.2.2/build/writepage_t_folio/writepage_t_folio.mod.o
  CC [M]  /home/aimeat/anvilos/oss_sovereignty/zfs-2.2.2/build/reclaim_state_reclaimed/reclaim_state_reclaimed.mod.o
  CC [M]  /home/aimeat/anvilos/oss_sovereignty/zfs-2.2.2/build/has_copy_splice_read/has_copy_splice_read.mod.o
  CC [M]  /home/aimeat/anvilos/oss_sovereignty/zfs-2.2.2/build/sync_blockdev/sync_blockdev.mod.o
  LD [M]  /home/aimeat/anvilos/oss_sovereignty/zfs-2.2.2/build/objtool/objtool.ko
  LD [M]  /home/aimeat/anvilos/oss_sovereignty/zfs-2.2.2/build/stack_frame_non_standard/stack_frame_non_standard.ko
  LD [M]  /home/aimeat/anvilos/oss_sovereignty/zfs-2.2.2/build/global_node_page_state/global_node_page_state.ko
  LD [M]  /home/aimeat/anvilos/oss_sovereignty/zfs-2.2.2/build/global_zone_page_state/global_zone_page_state.ko
  LD [M]  /home/aimeat/anvilos/oss_sovereignty/zfs-2.2.2/build/pde_data/pde_data.ko
  LD [M]  /home/aimeat/anvilos/oss_sovereignty/zfs-2.2.2/build/file_fallocate/file_fallocate.ko
  LD [M]  /home/aimeat/anvilos/oss_sovereignty/zfs-2.2.2/build/falloc_fl_zero_range/falloc_fl_zero_range.ko
  LD [M]  /home/aimeat/anvilos/oss_sovereignty/zfs-2.2.2/build/file_fadvise/file_fadvise.ko
  LD [M]  /home/aimeat/anvilos/oss_sovereignty/zfs-2.2.2/build/generic_fadvise/generic_fadvise.ko
  LD [M]  /home/aimeat/anvilos/oss_sovereignty/zfs-2.2.2/build/2args_zlib_deflate_workspacesize/2args_zlib_deflate_workspacesize.ko
  LD [M]  /home/aimeat/anvilos/oss_sovereignty/zfs-2.2.2/build/rwsem_atomic_long_count/rwsem_atomic_long_count.ko
  LD [M]  /home/aimeat/anvilos/oss_sovereignty/zfs-2.2.2/build/sched_rt_header/sched_rt_header.ko
  LD [M]  /home/aimeat/anvilos/oss_sovereignty/zfs-2.2.2/build/sched_signal_header/sched_signal_header.ko
  LD [M]  /home/aimeat/anvilos/oss_sovereignty/zfs-2.2.2/build/io_schedule_timeout/io_schedule_timeout.ko
  LD [M]  /home/aimeat/anvilos/oss_sovereignty/zfs-2.2.2/build/usleep_range/usleep_range.ko
  LD [M]  /home/aimeat/anvilos/oss_sovereignty/zfs-2.2.2/build/kmem_cache_create_usercopy/kmem_cache_create_usercopy.ko
  LD [M]  /home/aimeat/anvilos/oss_sovereignty/zfs-2.2.2/build/kvmalloc/kvmalloc.ko
  LD [M]  /home/aimeat/anvilos/oss_sovereignty/zfs-2.2.2/build/wait_queue_head_entry/wait_queue_head_entry.ko
  LD [M]  /home/aimeat/anvilos/oss_sovereignty/zfs-2.2.2/build/timestamp_truncate/timestamp_truncate.ko
  LD [M]  /home/aimeat/anvilos/oss_sovereignty/zfs-2.2.2/build/inode_get_ctime/inode_get_ctime.ko
  LD [M]  /home/aimeat/anvilos/oss_sovereignty/zfs-2.2.2/build/inode_set_ctime_to_ts/inode_set_ctime_to_ts.ko
  LD [M]  /home/aimeat/anvilos/oss_sovereignty/zfs-2.2.2/build/inode_lock/inode_lock.ko
  LD [M]  /home/aimeat/anvilos/oss_sovereignty/zfs-2.2.2/build/group_info_gid/group_info_gid.ko
  LD [M]  /home/aimeat/anvilos/oss_sovereignty/zfs-2.2.2/build/kernel_write/kernel_write.ko
  LD [M]  /home/aimeat/anvilos/oss_sovereignty/zfs-2.2.2/build/kernel_read/kernel_read.ko
  LD [M]  /home/aimeat/anvilos/oss_sovereignty/zfs-2.2.2/build/timer_setup/timer_setup.ko
  LD [M]  /home/aimeat/anvilos/oss_sovereignty/zfs-2.2.2/build/timer_list_function/timer_list_function.ko
  LD [M]  /home/aimeat/anvilos/oss_sovereignty/zfs-2.2.2/build/timer_list_flags/timer_list_flags.ko
  LD [M]  /home/aimeat/anvilos/oss_sovereignty/zfs-2.2.2/build/super_user_ns/super_user_ns.ko
  LD [M]  /home/aimeat/anvilos/oss_sovereignty/zfs-2.2.2/build/proc_ops_struct/proc_ops_struct.ko
  LD [M]  /home/aimeat/anvilos/oss_sovereignty/zfs-2.2.2/build/block_device_operations_check_events/block_device_operations_check_events.ko
  LD [M]  /home/aimeat/anvilos/oss_sovereignty/zfs-2.2.2/build/block_device_operations_release_void_1arg/block_device_operations_release_void_1arg.ko
  LD [M]  /home/aimeat/anvilos/oss_sovereignty/zfs-2.2.2/build/req_failfast_mask/req_failfast_mask.ko
  LD [M]  /home/aimeat/anvilos/oss_sovereignty/zfs-2.2.2/build/req_preflush/req_preflush.ko
  LD [M]  /home/aimeat/anvilos/oss_sovereignty/zfs-2.2.2/build/req_op_discard/req_op_discard.ko
  LD [M]  /home/aimeat/anvilos/oss_sovereignty/zfs-2.2.2/build/req_op_secure_erase/req_op_secure_erase.ko
  LD [M]  /home/aimeat/anvilos/oss_sovereignty/zfs-2.2.2/build/req_op_flush/req_op_flush.ko
  LD [M]  /home/aimeat/anvilos/oss_sovereignty/zfs-2.2.2/build/bio_bi_opf/bio_bi_opf.ko
  LD [M]  /home/aimeat/anvilos/oss_sovereignty/zfs-2.2.2/build/bio_set_dev/bio_set_dev.ko
  LD [M]  /home/aimeat/anvilos/oss_sovereignty/zfs-2.2.2/build/bio_end_io_t_args/bio_end_io_t_args.ko
  LD [M]  /home/aimeat/anvilos/oss_sovereignty/zfs-2.2.2/build/bio_bi_status/bio_bi_status.ko
  LD [M]  /home/aimeat/anvilos/oss_sovereignty/zfs-2.2.2/build/bio_bvec_iter/bio_bvec_iter.ko
  LD [M]  /home/aimeat/anvilos/oss_sovereignty/zfs-2.2.2/build/submit_bio/submit_bio.ko
  LD [M]  /home/aimeat/anvilos/oss_sovereignty/zfs-2.2.2/build/current_bio_list/current_bio_list.ko
  LD [M]  /home/aimeat/anvilos/oss_sovereignty/zfs-2.2.2/build/bio_bdev_disk/bio_bdev_disk.ko
  LD [M]  /home/aimeat/anvilos/oss_sovereignty/zfs-2.2.2/build/bio_bdev_submit_bio_void/bio_bdev_submit_bio_void.ko
  LD [M]  /home/aimeat/anvilos/oss_sovereignty/zfs-2.2.2/build/blk_cgroup_header/blk_cgroup_header.ko
  LD [M]  /home/aimeat/anvilos/oss_sovereignty/zfs-2.2.2/build/bio_alloc_4arg/bio_alloc_4arg.ko
  LD [M]  /home/aimeat/anvilos/oss_sovereignty/zfs-2.2.2/build/blkdev_get_by_path_4arg/blkdev_get_by_path_4arg.ko
  LD [M]  /home/aimeat/anvilos/oss_sovereignty/zfs-2.2.2/build/blkdev_put_holder/blkdev_put_holder.ko
  LD [M]  /home/aimeat/anvilos/oss_sovereignty/zfs-2.2.2/build/invalidate_bdev/invalidate_bdev.ko
  LD [M]  /home/aimeat/anvilos/oss_sovereignty/zfs-2.2.2/build/lookup_bdev_devt/lookup_bdev_devt.ko
  LD [M]  /home/aimeat/anvilos/oss_sovereignty/zfs-2.2.2/build/bdev_logical_block_size/bdev_logical_block_size.ko
  LD [M]  /home/aimeat/anvilos/oss_sovereignty/zfs-2.2.2/build/bdev_physical_block_size/bdev_physical_block_size.ko
  LD [M]  /home/aimeat/anvilos/oss_sovereignty/zfs-2.2.2/build/bdev_whole/bdev_whole.ko
  LD [M]  /home/aimeat/anvilos/oss_sovereignty/zfs-2.2.2/build/blkdev_issue_secure_erase/blkdev_issue_secure_erase.ko
  LD [M]  /home/aimeat/anvilos/oss_sovereignty/zfs-2.2.2/build/bdev_kobj/bdev_kobj.ko
  LD [M]  /home/aimeat/anvilos/oss_sovereignty/zfs-2.2.2/build/disk_check_media_change/disk_check_media_change.ko
  LD [M]  /home/aimeat/anvilos/oss_sovereignty/zfs-2.2.2/build/blk_sts_resv_conflict/blk_sts_resv_conflict.ko
  LD [M]  /home/aimeat/anvilos/oss_sovereignty/zfs-2.2.2/build/blk_mode_t/blk_mode_t.ko
  LD [M]  /home/aimeat/anvilos/oss_sovereignty/zfs-2.2.2/build/blk_plug/blk_plug.ko
  LD [M]  /home/aimeat/anvilos/oss_sovereignty/zfs-2.2.2/build/disk_update_readahead/disk_update_readahead.ko
  LD [M]  /home/aimeat/anvilos/oss_sovereignty/zfs-2.2.2/build/bdev_max_discard_sectors/bdev_max_discard_sectors.ko
  LD [M]  /home/aimeat/anvilos/oss_sovereignty/zfs-2.2.2/build/bdev_max_secure_erase_sectors/bdev_max_secure_erase_sectors.ko
  LD [M]  /home/aimeat/anvilos/oss_sovereignty/zfs-2.2.2/build/blk_queue_flag_set/blk_queue_flag_set.ko
  LD [M]  /home/aimeat/anvilos/oss_sovereignty/zfs-2.2.2/build/blk_queue_flag_clear/blk_queue_flag_clear.ko
  LD [M]  /home/aimeat/anvilos/oss_sovereignty/zfs-2.2.2/build/blk_queue_write_cache/blk_queue_write_cache.ko
  LD [M]  /home/aimeat/anvilos/oss_sovereignty/zfs-2.2.2/build/blk_queue_max_hw_sectors/blk_queue_max_hw_sectors.ko
  LD [M]  /home/aimeat/anvilos/oss_sovereignty/zfs-2.2.2/build/blk_queue_max_segments/blk_queue_max_segments.ko
  LD [M]  /home/aimeat/anvilos/oss_sovereignty/zfs-2.2.2/build/blk_mq/blk_mq.ko
  LD [M]  /home/aimeat/anvilos/oss_sovereignty/zfs-2.2.2/build/genhd_fl_no_part/genhd_fl_no_part.ko
  LD [M]  /home/aimeat/anvilos/oss_sovereignty/zfs-2.2.2/build/get_disk_ro/get_disk_ro.ko
  LD [M]  /home/aimeat/anvilos/oss_sovereignty/zfs-2.2.2/build/discard_granularity/discard_granularity.ko
  LD [M]  /home/aimeat/anvilos/oss_sovereignty/zfs-2.2.2/build/inode_owner_or_capable_mnt_idmap/inode_owner_or_capable_mnt_idmap.ko
  LD [M]  /home/aimeat/anvilos/oss_sovereignty/zfs-2.2.2/build/const_xattr_handler/const_xattr_handler.ko
  LD [M]  /home/aimeat/anvilos/oss_sovereignty/zfs-2.2.2/build/xattr_handler_name/xattr_handler_name.ko
  LD [M]  /home/aimeat/anvilos/oss_sovereignty/zfs-2.2.2/build/xattr_handler_get_dentry_inode/xattr_handler_get_dentry_inode.ko
  LD [M]  /home/aimeat/anvilos/oss_sovereignty/zfs-2.2.2/build/xattr_handler_set_mnt_idmap/xattr_handler_set_mnt_idmap.ko
  LD [M]  /home/aimeat/anvilos/oss_sovereignty/zfs-2.2.2/build/xattr_handler_list_simple/xattr_handler_list_simple.ko
  LD [M]  /home/aimeat/anvilos/oss_sovereignty/zfs-2.2.2/build/posix_acl_from_xattr_userns/posix_acl_from_xattr_userns.ko
  LD [M]  /home/aimeat/anvilos/oss_sovereignty/zfs-2.2.2/build/posix_acl_release/posix_acl_release.ko
  LD [M]  /home/aimeat/anvilos/oss_sovereignty/zfs-2.2.2/build/set_cached_acl/set_cached_acl.ko
  LD [M]  /home/aimeat/anvilos/oss_sovereignty/zfs-2.2.2/build/posix_acl_chmod/posix_acl_chmod.ko
  LD [M]  /home/aimeat/anvilos/oss_sovereignty/zfs-2.2.2/build/__posix_acl_chmod/__posix_acl_chmod.ko
  LD [M]  /home/aimeat/anvilos/oss_sovereignty/zfs-2.2.2/build/posix_acl_equiv_mode/posix_acl_equiv_mode.ko
  LD [M]  /home/aimeat/anvilos/oss_sovereignty/zfs-2.2.2/build/posix_acl_valid_with_ns/posix_acl_valid_with_ns.ko
  LD [M]  /home/aimeat/anvilos/oss_sovereignty/zfs-2.2.2/build/inode_operations_get_inode_acl/inode_operations_get_inode_acl.ko
  LD [M]  /home/aimeat/anvilos/oss_sovereignty/zfs-2.2.2/build/inode_operations_set_acl_mnt_idmap_dentry/inode_operations_set_acl_mnt_idmap_dentry.ko
  LD [M]  /home/aimeat/anvilos/oss_sovereignty/zfs-2.2.2/build/get_acl_handle_cache/get_acl_handle_cache.ko
  LD [M]  /home/aimeat/anvilos/oss_sovereignty/zfs-2.2.2/build/acl_refcount/acl_refcount.ko
  LD [M]  /home/aimeat/anvilos/oss_sovereignty/zfs-2.2.2/build/inode_operations_setattr_mnt_idmap/inode_operations_setattr_mnt_idmap.ko
  LD [M]  /home/aimeat/anvilos/oss_sovereignty/zfs-2.2.2/build/inode_operations_getattr_mnt_idmap/inode_operations_getattr_mnt_idmap.ko
  LD [M]  /home/aimeat/anvilos/oss_sovereignty/zfs-2.2.2/build/inode_set_flags/inode_set_flags.ko
  LD [M]  /home/aimeat/anvilos/oss_sovereignty/zfs-2.2.2/build/inode_set_iversion/inode_set_iversion.ko
  LD [M]  /home/aimeat/anvilos/oss_sovereignty/zfs-2.2.2/build/super_operations_show_options/super_operations_show_options.ko
  LD [M]  /home/aimeat/anvilos/oss_sovereignty/zfs-2.2.2/build/file_inode/file_inode.ko
  LD [M]  /home/aimeat/anvilos/oss_sovereignty/zfs-2.2.2/build/file_dentry/file_dentry.ko
  LD [M]  /home/aimeat/anvilos/oss_sovereignty/zfs-2.2.2/build/fsync_range/fsync_range.ko
  LD [M]  /home/aimeat/anvilos/oss_sovereignty/zfs-2.2.2/build/evict_inode/evict_inode.ko
  LD [M]  /home/aimeat/anvilos/oss_sovereignty/zfs-2.2.2/build/dirty_inode_with_flags/dirty_inode_with_flags.ko
  LD [M]  /home/aimeat/anvilos/oss_sovereignty/zfs-2.2.2/build/shrink_control_nid/shrink_control_nid.ko
  LD [M]  /home/aimeat/anvilos/oss_sovereignty/zfs-2.2.2/build/super_block_s_shrink/super_block_s_shrink.ko
  LD [M]  /home/aimeat/anvilos/oss_sovereignty/zfs-2.2.2/build/shrink_control_struct/shrink_control_struct.ko
  LD [M]  /home/aimeat/anvilos/oss_sovereignty/zfs-2.2.2/build/register_shrinker_vararg/register_shrinker_vararg.ko
  LD [M]  /home/aimeat/anvilos/oss_sovereignty/zfs-2.2.2/build/mkdir_mnt_idmap/mkdir_mnt_idmap.ko
  LD [M]  /home/aimeat/anvilos/oss_sovereignty/zfs-2.2.2/build/create_mnt_idmap/create_mnt_idmap.ko
  LD [M]  /home/aimeat/anvilos/oss_sovereignty/zfs-2.2.2/build/lookup_flags/lookup_flags.ko
  LD [M]  /home/aimeat/anvilos/oss_sovereignty/zfs-2.2.2/build/permission_mnt_idmap/permission_mnt_idmap.ko
  LD [M]  /home/aimeat/anvilos/oss_sovereignty/zfs-2.2.2/build/inode_operations_get_link/inode_operations_get_link.ko
  LD [M]  /home/aimeat/anvilos/oss_sovereignty/zfs-2.2.2/build/inode_operations_tmpfile_mnt_idmap/inode_operations_tmpfile_mnt_idmap.ko
  LD [M]  /home/aimeat/anvilos/oss_sovereignty/zfs-2.2.2/build/dentry_operations_d_automount/dentry_operations_d_automount.ko
  LD [M]  /home/aimeat/anvilos/oss_sovereignty/zfs-2.2.2/build/export_operations_encode_fh/export_operations_encode_fh.ko
  LD [M]  /home/aimeat/anvilos/oss_sovereignty/zfs-2.2.2/build/export_operations_commit_metadata/export_operations_commit_metadata.ko
  LD [M]  /home/aimeat/anvilos/oss_sovereignty/zfs-2.2.2/build/clear_inode/clear_inode.ko
  LD [M]  /home/aimeat/anvilos/oss_sovereignty/zfs-2.2.2/build/setattr_prepare_mnt_idmap/setattr_prepare_mnt_idmap.ko
  LD [M]  /home/aimeat/anvilos/oss_sovereignty/zfs-2.2.2/build/insert_inode_locked/insert_inode_locked.ko
  LD [M]  /home/aimeat/anvilos/oss_sovereignty/zfs-2.2.2/build/d_make_root/d_make_root.ko
  LD [M]  /home/aimeat/anvilos/oss_sovereignty/zfs-2.2.2/build/d_obtain_alias/d_obtain_alias.ko
  LD [M]  /home/aimeat/anvilos/oss_sovereignty/zfs-2.2.2/build/d_prune_aliases/d_prune_aliases.ko
  LD [M]  /home/aimeat/anvilos/oss_sovereignty/zfs-2.2.2/build/d_set_d_op/d_set_d_op.ko
  LD [M]  /home/aimeat/anvilos/oss_sovereignty/zfs-2.2.2/build/dentry_operations_const/dentry_operations_const.ko
  LD [M]  /home/aimeat/anvilos/oss_sovereignty/zfs-2.2.2/build/super_block_s_d_op/super_block_s_d_op.ko
  LD [M]  /home/aimeat/anvilos/oss_sovereignty/zfs-2.2.2/build/dentry_alias_d_u/dentry_alias_d_u.ko
  LD [M]  /home/aimeat/anvilos/oss_sovereignty/zfs-2.2.2/build/truncate_setsize/truncate_setsize.ko
  LD [M]  /home/aimeat/anvilos/oss_sovereignty/zfs-2.2.2/build/security_inode_init_security/security_inode_init_security.ko
  LD [M]  /home/aimeat/anvilos/oss_sovereignty/zfs-2.2.2/build/file_system_type_mount/file_system_type_mount.ko
  LD [M]  /home/aimeat/anvilos/oss_sovereignty/zfs-2.2.2/build/super_setup_bdi_name/super_setup_bdi_name.ko
  LD [M]  /home/aimeat/anvilos/oss_sovereignty/zfs-2.2.2/build/set_nlink/set_nlink.ko
  LD [M]  /home/aimeat/anvilos/oss_sovereignty/zfs-2.2.2/build/sget_5args/sget_5args.ko
  LD [M]  /home/aimeat/anvilos/oss_sovereignty/zfs-2.2.2/build/vfs_has_filemap_dirty_folio/vfs_has_filemap_dirty_folio.ko
  LD [M]  /home/aimeat/anvilos/oss_sovereignty/zfs-2.2.2/build/vfs_has_read_folio/vfs_has_read_folio.ko
  LD [M]  /home/aimeat/anvilos/oss_sovereignty/zfs-2.2.2/build/vfs_getattr_4args/vfs_getattr_4args.ko
  LD [M]  /home/aimeat/anvilos/oss_sovereignty/zfs-2.2.2/build/vfs_fsync_2args/vfs_fsync_2args.ko
  LD [M]  /home/aimeat/anvilos/oss_sovereignty/zfs-2.2.2/build/file_operations_iterate_shared/file_operations_iterate_shared.ko
  LD [M]  /home/aimeat/anvilos/oss_sovereignty/zfs-2.2.2/build/direct_io_iter/direct_io_iter.ko
  LD [M]  /home/aimeat/anvilos/oss_sovereignty/zfs-2.2.2/build/file_operations_rw/file_operations_rw.ko
  LD [M]  /home/aimeat/anvilos/oss_sovereignty/zfs-2.2.2/build/generic_write_checks/generic_write_checks.ko
  LD [M]  /home/aimeat/anvilos/oss_sovereignty/zfs-2.2.2/build/iov_iter_types/iov_iter_types.ko
  LD [M]  /home/aimeat/anvilos/oss_sovereignty/zfs-2.2.2/build/iov_iter_advance/iov_iter_advance.ko
  LD [M]  /home/aimeat/anvilos/oss_sovereignty/zfs-2.2.2/build/iov_iter_revert/iov_iter_revert.ko
  LD [M]  /home/aimeat/anvilos/oss_sovereignty/zfs-2.2.2/build/fault_in_iov_iter_readable/fault_in_iov_iter_readable.ko
  LD [M]  /home/aimeat/anvilos/oss_sovereignty/zfs-2.2.2/build/iov_iter_count/iov_iter_count.ko
  LD [M]  /home/aimeat/anvilos/oss_sovereignty/zfs-2.2.2/build/copy_to_iter/copy_to_iter.ko
  LD [M]  /home/aimeat/anvilos/oss_sovereignty/zfs-2.2.2/build/copy_from_iter/copy_from_iter.ko
  LD [M]  /home/aimeat/anvilos/oss_sovereignty/zfs-2.2.2/build/iov_iter_type/iov_iter_type.ko
  LD [M]  /home/aimeat/anvilos/oss_sovereignty/zfs-2.2.2/build/iter_iov/iter_iov.ko
  LD [M]  /home/aimeat/anvilos/oss_sovereignty/zfs-2.2.2/build/vfs_copy_file_range/vfs_copy_file_range.ko
  LD [M]  /home/aimeat/anvilos/oss_sovereignty/zfs-2.2.2/build/generic_copy_file_range/generic_copy_file_range.ko
  LD [M]  /home/aimeat/anvilos/oss_sovereignty/zfs-2.2.2/build/vfs_remap_file_range/vfs_remap_file_range.ko
  LD [M]  /home/aimeat/anvilos/oss_sovereignty/zfs-2.2.2/build/kmap_atomic/kmap_atomic.ko
  LD [M]  /home/aimeat/anvilos/oss_sovereignty/zfs-2.2.2/build/follow_down_one/follow_down_one.ko
  LD [M]  /home/aimeat/anvilos/oss_sovereignty/zfs-2.2.2/build/block_device_operations_submit_bio/block_device_operations_submit_bio.ko
  LD [M]  /home/aimeat/anvilos/oss_sovereignty/zfs-2.2.2/build/blk_alloc_disk/blk_alloc_disk.ko
  LD [M]  /home/aimeat/anvilos/oss_sovereignty/zfs-2.2.2/build/bdev_io_acct_63/bdev_io_acct_63.ko
  LD [M]  /home/aimeat/anvilos/oss_sovereignty/zfs-2.2.2/build/bio_io_acct/bio_io_acct.ko
  LD [M]  /home/aimeat/anvilos/oss_sovereignty/zfs-2.2.2/build/kernel_fpu/kernel_fpu.ko
  LD [M]  /home/aimeat/anvilos/oss_sovereignty/zfs-2.2.2/build/type_fmode_t/type_fmode_t.ko
  LD [M]  /home/aimeat/anvilos/oss_sovereignty/zfs-2.2.2/build/kuidgid_t/kuidgid_t.ko
  LD [M]  /home/aimeat/anvilos/oss_sovereignty/zfs-2.2.2/build/i_uid_read/i_uid_read.ko
  LD [M]  /home/aimeat/anvilos/oss_sovereignty/zfs-2.2.2/build/inode_operations_rename_mnt_idmap/inode_operations_rename_mnt_idmap.ko
  LD [M]  /home/aimeat/anvilos/oss_sovereignty/zfs-2.2.2/build/current_time/current_time.ko
  LD [M]  /home/aimeat/anvilos/oss_sovereignty/zfs-2.2.2/build/ns_capable/ns_capable.ko
  LD [M]  /home/aimeat/anvilos/oss_sovereignty/zfs-2.2.2/build/has_capability/has_capability.ko
  LD [M]  /home/aimeat/anvilos/oss_sovereignty/zfs-2.2.2/build/cred_user_ns/cred_user_ns.ko
  LD [M]  /home/aimeat/anvilos/oss_sovereignty/zfs-2.2.2/build/kuid_has_mapping/kuid_has_mapping.ko
  LD [M]  /home/aimeat/anvilos/oss_sovereignty/zfs-2.2.2/build/in_compat_syscall/in_compat_syscall.ko
  LD [M]  /home/aimeat/anvilos/oss_sovereignty/zfs-2.2.2/build/ktime_get_coarse_real_ts64/ktime_get_coarse_real_ts64.ko
  LD [M]  /home/aimeat/anvilos/oss_sovereignty/zfs-2.2.2/build/ktime_get_raw_ts64/ktime_get_raw_ts64.ko
  LD [M]  /home/aimeat/anvilos/oss_sovereignty/zfs-2.2.2/build/totalram_pages/totalram_pages.ko
  LD [M]  /home/aimeat/anvilos/oss_sovereignty/zfs-2.2.2/build/totalhigh_pages/totalhigh_pages.ko
  LD [M]  /home/aimeat/anvilos/oss_sovereignty/zfs-2.2.2/build/percpu_counter_init_with_gfp/percpu_counter_init_with_gfp.ko
  LD [M]  /home/aimeat/anvilos/oss_sovereignty/zfs-2.2.2/build/kstrtoul/kstrtoul.ko
  LD [M]  /home/aimeat/anvilos/oss_sovereignty/zfs-2.2.2/build/percpu_counter_add_batch/percpu_counter_add_batch.ko
  LD [M]  /home/aimeat/anvilos/oss_sovereignty/zfs-2.2.2/build/percpu_ref_count_in_data/percpu_ref_count_in_data.ko
  LD [M]  /home/aimeat/anvilos/oss_sovereignty/zfs-2.2.2/build/cpu_hotplug/cpu_hotplug.ko
  LD [M]  /home/aimeat/anvilos/oss_sovereignty/zfs-2.2.2/build/generic_fillattr_mnt_idmap_reqmask/generic_fillattr_mnt_idmap_reqmask.ko
  LD [M]  /home/aimeat/anvilos/oss_sovereignty/zfs-2.2.2/build/mknod_mnt_idmap/mknod_mnt_idmap.ko
  LD [M]  /home/aimeat/anvilos/oss_sovereignty/zfs-2.2.2/build/symlink_mnt_idmap/symlink_mnt_idmap.ko
  LD [M]  /home/aimeat/anvilos/oss_sovereignty/zfs-2.2.2/build/bio_max_segs/bio_max_segs.ko
  LD [M]  /home/aimeat/anvilos/oss_sovereignty/zfs-2.2.2/build/signal_stop/signal_stop.ko
  LD [M]  /home/aimeat/anvilos/oss_sovereignty/zfs-2.2.2/build/siginfo/siginfo.ko
  LD [M]  /home/aimeat/anvilos/oss_sovereignty/zfs-2.2.2/build/sysfs_default_groups/sysfs_default_groups.ko
  LD [M]  /home/aimeat/anvilos/oss_sovereignty/zfs-2.2.2/build/set_special_state/set_special_state.ko
  LD [M]  /home/aimeat/anvilos/oss_sovereignty/zfs-2.2.2/build/has_standalone_linux_stdarg/has_standalone_linux_stdarg.ko
  LD [M]  /home/aimeat/anvilos/oss_sovereignty/zfs-2.2.2/build/pagemap_has_folio_wait_bit/pagemap_has_folio_wait_bit.ko
  LD [M]  /home/aimeat/anvilos/oss_sovereignty/zfs-2.2.2/build/add_disk_ret/add_disk_ret.ko
  LD [M]  /home/aimeat/anvilos/oss_sovereignty/zfs-2.2.2/build/kthread_complete_and_exit/kthread_complete_and_exit.ko
  LD [M]  /home/aimeat/anvilos/oss_sovereignty/zfs-2.2.2/build/kthread_dequeue_signal/kthread_dequeue_signal.ko
  LD [M]  /home/aimeat/anvilos/oss_sovereignty/zfs-2.2.2/build/zero_page/zero_page.ko
  LD [M]  /home/aimeat/anvilos/oss_sovereignty/zfs-2.2.2/build/__copy_from_user_inatomic/__copy_from_user_inatomic.ko
  LD [M]  /home/aimeat/anvilos/oss_sovereignty/zfs-2.2.2/build/user_ns_common_inum/user_ns_common_inum.ko
  LD [M]  /home/aimeat/anvilos/oss_sovereignty/zfs-2.2.2/build/idmap_mnt_api/idmap_mnt_api.ko
  LD [M]  /home/aimeat/anvilos/oss_sovereignty/zfs-2.2.2/build/iattr_vfsid/iattr_vfsid.ko
  LD [M]  /home/aimeat/anvilos/oss_sovereignty/zfs-2.2.2/build/writepage_t_folio/writepage_t_folio.ko
  LD [M]  /home/aimeat/anvilos/oss_sovereignty/zfs-2.2.2/build/reclaim_state_reclaimed/reclaim_state_reclaimed.ko
  LD [M]  /home/aimeat/anvilos/oss_sovereignty/zfs-2.2.2/build/has_copy_splice_read/has_copy_splice_read.ko
  LD [M]  /home/aimeat/anvilos/oss_sovereignty/zfs-2.2.2/build/sync_blockdev/sync_blockdev.ko
make: Leaving directory '/home/aimeat/anvilos/oss_sovereignty/linux-6.6.14'
