>> [BUILD] Phase 0: Building mpy-cross (Host Toolchain)...
Use make V=1 or set BUILD_VERBOSE in your environment to increase build verbosity.
rm -f build/mpy-cross
rm -f build/mpy-cross.map
rm -rf build 
Use make V=1 or set BUILD_VERBOSE in your environment to increase build verbosity.
mkdir -p build/genhdr
mkdir -p build/
mkdir -p build/py/
mkdir -p build/shared/runtime/
GEN build/genhdr/mpversion.h
GEN build/genhdr/qstr.i.last
GEN build/genhdr/qstr.split
GEN build/genhdr/moduledefs.split
GEN build/genhdr/root_pointers.split
GEN build/genhdr/moduledefs.collected
GEN build/genhdr/qstrdefs.collected.h
QSTR updated
Module registrations updated
GEN build/genhdr/qstrdefs.generated.h
GEN build/genhdr/moduledefs.h
GEN build/genhdr/root_pointers.collected
Root pointer registrations updated
GEN build/genhdr/root_pointers.h
CC ../py/mpstate.c
CC ../py/nlr.c
CC ../py/nlrx86.c
CC ../py/nlrx64.c
CC ../py/nlrthumb.c
CC ../py/nlraarch64.c
CC ../py/nlrmips.c
CC ../py/nlrpowerpc.c
CC ../py/nlrxtensa.c
CC ../py/malloc.c
CC ../py/nlrsetjmp.c
CC ../py/gc.c
CC ../py/pystack.c
CC ../py/vstr.c
CC ../py/qstr.c
CC ../py/unicode.c
CC ../py/mpprint.c
CC ../py/mpz.c
CC ../py/reader.c
CC ../py/lexer.c
CC ../py/parse.c
CC ../py/scope.c
CC ../py/compile.c
CC ../py/emitcommon.c
CC ../py/emitbc.c
CC ../py/asmbase.c
CC ../py/asmx64.c
CC ../py/emitnx64.c
CC ../py/asmx86.c
CC ../py/emitnx86.c
CC ../py/asmthumb.c
CC ../py/emitnthumb.c
CC ../py/emitinlinethumb.c
CC ../py/asmarm.c
CC ../py/emitnarm.c
CC ../py/asmxtensa.c
CC ../py/emitnxtensa.c
CC ../py/emitinlinextensa.c
CC ../py/emitnxtensawin.c
CC ../py/formatfloat.c
CC ../py/parsenumbase.c
CC ../py/parsenum.c
CC ../py/emitglue.c
CC ../py/persistentcode.c
CC ../py/runtime.c
CC ../py/runtime_utils.c
CC ../py/scheduler.c
CC ../py/nativeglue.c
CC ../py/pairheap.c
CC ../py/ringbuf.c
CC ../py/stackctrl.c
CC ../py/argcheck.c
CC ../py/warning.c
CC ../py/profile.c
CC ../py/map.c
CC ../py/obj.c
CC ../py/objarray.c
CC ../py/objattrtuple.c
CC ../py/objbool.c
CC ../py/objboundmeth.c
CC ../py/objcell.c
CC ../py/objclosure.c
CC ../py/objcomplex.c
CC ../py/objdeque.c
CC ../py/objdict.c
CC ../py/objenumerate.c
CC ../py/objexcept.c
CC ../py/objfilter.c
CC ../py/objfloat.c
CC ../py/objfun.c
CC ../py/objgenerator.c
CC ../py/objgetitemiter.c
CC ../py/objint.c
CC ../py/objint_longlong.c
CC ../py/objint_mpz.c
CC ../py/objlist.c
CC ../py/objmap.c
CC ../py/objmodule.c
CC ../py/objobject.c
CC ../py/objpolyiter.c
CC ../py/objproperty.c
CC ../py/objnone.c
CC ../py/objnamedtuple.c
CC ../py/objrange.c
CC ../py/objreversed.c
CC ../py/objset.c
CC ../py/objsingleton.c
CC ../py/objslice.c
CC ../py/objstr.c
CC ../py/objstrunicode.c
CC ../py/objstringio.c
CC ../py/objtuple.c
CC ../py/objtype.c
CC ../py/objzip.c
CC ../py/opmethods.c
CC ../py/sequence.c
CC ../py/stream.c
CC ../py/binary.c
CC ../py/builtinimport.c
CC ../py/builtinevex.c
CC ../py/builtinhelp.c
CC ../py/modarray.c
CC ../py/modbuiltins.c
CC ../py/modcollections.c
CC ../py/modgc.c
CC ../py/modio.c
CC ../py/modmath.c
CC ../py/modcmath.c
CC ../py/modstruct.c
CC ../py/modmicropython.c
CC ../py/modsys.c
CC ../py/moderrno.c
CC ../py/modthread.c
CC ../py/vm.c
CC ../py/bc.c
CC ../py/showbc.c
CC ../py/repl.c
CC ../py/smallint.c
CC ../py/frozenmod.c
CC main.c
CC gccollect.c
CC ../shared/runtime/gchelper_generic.c
LINK build/mpy-cross
   text	   data	    bss	    dec	    hex	filename
 323632	    540	   2640	 326812	  4fc9c	build/mpy-cross
>> [BUILD] Configuring MicroPython for Static Musl Build...
Use make V=1 or set BUILD_VERBOSE in your environment to increase build verbosity.
make: pkg-config: No such file or directory
make: pkg-config: No such file or directory
rm -f build-standard/micropython
rm -f build-standard/micropython.map
rm -rf build-standard 
>> [BUILD] Running Make (Static)...
Use make V=1 or set BUILD_VERBOSE in your environment to increase build verbosity.
mkdir -p build-standard/genhdr
mkdir -p build-standard/extmod/
mkdir -p build-standard/lib/littlefs/
mkdir -p build-standard/lib/oofatfs/
mkdir -p build-standard/py/
mkdir -p build-standard/shared/libc/
mkdir -p build-standard/shared/readline/
mkdir -p build-standard/shared/runtime/
mkdir -p build-standard/shared/timeutils/
GEN build-standard/genhdr/mpversion.h
GEN build-standard/genhdr/qstr.i.last
GEN build-standard/genhdr/qstr.split
GEN build-standard/genhdr/moduledefs.split
GEN build-standard/genhdr/root_pointers.split
GEN build-standard/genhdr/compressed.split
GEN build-standard/genhdr/root_pointers.collected
GEN build-standard/genhdr/moduledefs.collected
Module registrations updated
GEN build-standard/genhdr/moduledefs.h
Root pointer registrations updated
GEN build-standard/genhdr/root_pointers.h
GEN build-standard/genhdr/qstrdefs.collected.h
GEN build-standard/genhdr/compressed.collected
QSTR updated
GEN build-standard/genhdr/qstrdefs.generated.h
Compressed data updated
GEN build-standard/genhdr/compressed.data.h
CC ../../extmod/machine_adc.c
CC ../../extmod/machine_adc_block.c
CC ../../extmod/machine_bitstream.c
CC ../../extmod/machine_i2c.c
CC ../../extmod/machine_i2s.c
CC ../../extmod/machine_mem.c
CC ../../extmod/machine_pinbase.c
CC ../../extmod/machine_pulse.c
CC ../../extmod/machine_pwm.c
CC ../../extmod/machine_signal.c
CC ../../extmod/machine_spi.c
CC ../../extmod/machine_timer.c
CC ../../extmod/machine_usb_device.c
CC ../../extmod/machine_uart.c
CC ../../extmod/machine_wdt.c
CC ../../extmod/modasyncio.c
CC ../../extmod/modbinascii.c
CC ../../extmod/modbluetooth.c
CC ../../extmod/modbtree.c
CC ../../extmod/modcryptolib.c
CC ../../extmod/moddeflate.c
CC ../../extmod/modframebuf.c
CC ../../extmod/modhashlib.c
CC ../../extmod/modheapq.c
CC ../../extmod/modjson.c
CC ../../extmod/modlwip.c
CC ../../extmod/modmachine.c
CC ../../extmod/modnetwork.c
CC ../../extmod/modonewire.c
CC ../../extmod/modopenamp.c
CC ../../extmod/modopenamp_remoteproc.c
MPY anvil.py
GEN build-standard/frozen_content.c
CC ../../extmod/modopenamp_remoteproc_store.c
CC ../../extmod/modos.c
CC ../../extmod/modplatform.c
CC ../../extmod/modrandom.c
CC ../../extmod/modre.c
CC ../../extmod/modselect.c
CC ../../extmod/modsocket.c
CC ../../extmod/modtls_axtls.c
CC ../../extmod/modtls_mbedtls.c
CC ../../extmod/modtime.c
CC ../../extmod/moductypes.c
CC ../../extmod/modvfs.c
CC ../../extmod/modwebrepl.c
CC ../../extmod/modwebsocket.c
CC ../../extmod/network_cyw43.c
CC ../../extmod/network_esp_hosted.c
CC ../../extmod/network_lwip.c
CC ../../extmod/network_ninaw10.c
CC ../../extmod/network_wiznet5k.c
CC ../../extmod/os_dupterm.c
CC ../../extmod/vfs.c
CC ../../extmod/vfs_blockdev.c
CC ../../extmod/vfs_fat.c
CC ../../extmod/vfs_fat_diskio.c
CC ../../extmod/vfs_fat_file.c
CC ../../extmod/vfs_lfs.c
CC ../../extmod/vfs_posix.c
CC ../../extmod/vfs_posix_file.c
CC ../../extmod/vfs_reader.c
CC ../../extmod/virtpin.c
CC ../../shared/libc/abort_.c
CC ../../shared/libc/printf.c
CC ../../lib/oofatfs/ff.c
CC ../../lib/oofatfs/ffunicode.c
CC ../../lib/littlefs/lfs1.c
CC ../../lib/littlefs/lfs1_util.c
CC ../../lib/littlefs/lfs2.c
CC ../../lib/littlefs/lfs2_util.c
CC main.c
CC gccollect.c
CC unix_mphal.c
CC mpthreadport.c
CC input.c
CC alloc.c
CC fatfs_port.c
CC mpbthciport.c
CC mpbtstackport_common.c
CC mpbtstackport_h4.c
CC mpbtstackport_usb.c
CC mpnimbleport.c
CC modtermios.c
CC modsocket.c
CC modffi.c
CC modjni.c
CC ../../shared/runtime/gchelper_generic.c
CC ../../shared/timeutils/timeutils.c
CC ../../shared/readline/readline.c
CC ../../py/mpstate.c
CC ../../py/nlr.c
CC ../../py/nlrx86.c
CC ../../py/nlrx64.c
CC ../../py/nlrthumb.c
CC ../../py/nlraarch64.c
CC ../../py/nlrmips.c
CC ../../py/nlrpowerpc.c
CC ../../py/nlrxtensa.c
CC ../../py/nlrsetjmp.c
CC ../../py/malloc.c
CC ../../py/gc.c
CC ../../py/pystack.c
CC ../../py/qstr.c
CC ../../py/vstr.c
CC ../../py/mpprint.c
CC ../../py/unicode.c
CC ../../py/mpz.c
CC ../../py/reader.c
CC ../../py/lexer.c
CC ../../py/parse.c
CC ../../py/scope.c
CC ../../py/compile.c
CC ../../py/emitcommon.c
CC ../../py/emitbc.c
CC ../../py/asmbase.c
CC ../../py/asmx64.c
CC ../../py/emitnx64.c
CC ../../py/asmx86.c
CC ../../py/emitnx86.c
CC ../../py/asmthumb.c
CC ../../py/emitnthumb.c
CC ../../py/emitinlinethumb.c
CC ../../py/asmarm.c
CC ../../py/emitnarm.c
CC ../../py/asmxtensa.c
CC ../../py/emitnxtensa.c
CC ../../py/emitinlinextensa.c
CC ../../py/emitnxtensawin.c
CC ../../py/formatfloat.c
CC ../../py/parsenumbase.c
CC ../../py/parsenum.c
CC ../../py/emitglue.c
CC ../../py/persistentcode.c
CC ../../py/runtime.c
CC ../../py/runtime_utils.c
CC ../../py/scheduler.c
CC ../../py/nativeglue.c
CC ../../py/pairheap.c
CC ../../py/ringbuf.c
CC ../../py/stackctrl.c
CC ../../py/argcheck.c
CC ../../py/warning.c
CC ../../py/profile.c
CC ../../py/map.c
CC ../../py/obj.c
CC ../../py/objarray.c
CC ../../py/objattrtuple.c
CC ../../py/objbool.c
CC ../../py/objboundmeth.c
CC ../../py/objcell.c
CC ../../py/objclosure.c
CC ../../py/objcomplex.c
CC ../../py/objdeque.c
CC ../../py/objdict.c
CC ../../py/objenumerate.c
CC ../../py/objexcept.c
CC ../../py/objfilter.c
CC ../../py/objfloat.c
CC ../../py/objfun.c
CC ../../py/objgenerator.c
CC ../../py/objgetitemiter.c
CC ../../py/objint.c
CC ../../py/objint_longlong.c
CC ../../py/objint_mpz.c
CC ../../py/objlist.c
CC ../../py/objmap.c
CC ../../py/objmodule.c
CC ../../py/objobject.c
CC ../../py/objpolyiter.c
CC ../../py/objproperty.c
CC ../../py/objnone.c
CC ../../py/objnamedtuple.c
CC ../../py/objrange.c
CC ../../py/objreversed.c
CC ../../py/objset.c
CC ../../py/objsingleton.c
CC ../../py/objslice.c
CC ../../py/objstr.c
CC ../../py/objstrunicode.c
CC ../../py/objstringio.c
CC ../../py/objtuple.c
CC ../../py/objtype.c
CC ../../py/objzip.c
CC ../../py/opmethods.c
CC ../../py/sequence.c
CC ../../py/stream.c
CC ../../py/binary.c
CC ../../py/builtinimport.c
CC ../../py/builtinevex.c
CC ../../py/builtinhelp.c
CC ../../py/modarray.c
CC ../../py/modbuiltins.c
CC ../../py/modcollections.c
CC ../../py/modgc.c
CC ../../py/modio.c
CC ../../py/modmath.c
CC ../../py/modcmath.c
CC ../../py/modmicropython.c
CC ../../py/modstruct.c
CC ../../py/modsys.c
CC ../../py/moderrno.c
CC ../../py/modthread.c
CC ../../py/vm.c
CC ../../py/bc.c
CC ../../py/showbc.c
CC ../../py/repl.c
CC ../../py/smallint.c
CC ../../py/frozenmod.c
CC build-standard/frozen_content.c
LINK build-standard/micropython
   text	   data	    bss	    dec	    hex	filename
 492622	    448	  11184	 504254	  7b1be	build-standard/micropython
>> [BUILD] Build Complete.
>> [BUILD] Artifact: /mnt/anvil_temp/github/anvilos_alpha/oss_sovereignty/sys_09_Anvil/build/anvil
>> [BUILD] Binary stripped.
