This file contains any messages produced by compilers while
running configure, to aid debugging if configure makes a mistake.

It was created by zfs configure 2.2.2, which was
generated by GNU Autoconf 2.71.  Invocation command line was

  $ ./configure --with-linux=/home/aimeat/anvilos/oss_sovereignty/linux-6.6.14 --with-linux-obj=/home/aimeat/anvilos/oss_sovereignty/linux-6.6.14 --with-config=kernel

## --------- ##
## Platform. ##
## --------- ##

hostname = anvilosalpha
uname -m = x86_64
uname -r = 6.8.0-90-generic
uname -s = Linux
uname -v = #91-Ubuntu SMP PREEMPT_DYNAMIC Tue Nov 18 14:14:30 UTC 2025

/usr/bin/uname -p = x86_64
/bin/uname -X     = unknown

/bin/arch              = x86_64
/usr/bin/arch -k       = unknown
/usr/convex/getsysinfo = unknown
/usr/bin/hostinfo      = unknown
/bin/machine           = unknown
/usr/bin/oslevel       = unknown
/bin/universe          = unknown

PATH: /home/aimeat/bin/
PATH: /home/aimeat/bin/
PATH: /usr/local/sbin/
PATH: /usr/local/bin/
PATH: /usr/sbin/
PATH: /usr/bin/
PATH: /sbin/
PATH: /bin/
PATH: /usr/games/
PATH: /usr/local/games/
PATH: /snap/bin/


## ----------- ##
## Core tests. ##
## ----------- ##

configure:2892: looking for aux files: config.rpath compile ltmain.sh missing install-sh config.guess config.sub
configure:2905:  trying ./config/
configure:2934:   ./config/config.rpath found
configure:2934:   ./config/compile found
configure:2934:   ./config/ltmain.sh found
configure:2934:   ./config/missing found
configure:2916:   ./config/install-sh found
configure:2934:   ./config/config.guess found
configure:2934:   ./config/config.sub found
configure:3060: checking for gawk
configure:3081: found /usr/bin/gawk
configure:3092: result: gawk
configure:3103: checking metadata
configure:3240: result: META file
configure:3253: checking build system type
configure:3268: result: x86_64-pc-linux-gnu
configure:3288: checking host system type
configure:3302: result: x86_64-pc-linux-gnu
configure:3322: checking target system type
configure:3336: result: x86_64-pc-linux-gnu
configure:3363: checking whether to enable maintainer-specific portions of Makefiles
configure:3373: result: no
configure:3398: checking whether make supports nested variables
configure:3416: result: yes
configure:3444: checking for a BSD-compatible install
configure:3517: result: /usr/bin/install -c
configure:3528: checking whether build environment is sane
configure:3583: result: yes
configure:3742: checking for a race-free mkdir -p
configure:3786: result: /usr/bin/mkdir -p
configure:3789: checking whether make sets $(MAKE)
configure:3812: result: yes
configure:4007: checking how to print strings
configure:4034: result: printf
configure:4068: checking whether make supports the include directive
configure:4083: make -f confmf.GNU && cat confinc.out
this is the am__doit target
configure:4086: $? = 0
configure:4105: result: yes (GNU style)
configure:4181: checking for gcc
configure:4202: found /usr/bin/gcc
configure:4213: result: gcc
configure:4566: checking for C compiler version
configure:4575: gcc --version >&5
gcc (Ubuntu 13.3.0-6ubuntu2~24.04) 13.3.0
Copyright (C) 2023 Free Software Foundation, Inc.
This is free software; see the source for copying conditions.  There is NO
warranty; not even for MERCHANTABILITY or FITNESS FOR A PARTICULAR PURPOSE.

configure:4586: $? = 0
configure:4575: gcc -v >&5
Using built-in specs.
COLLECT_GCC=gcc
COLLECT_LTO_WRAPPER=/usr/libexec/gcc/x86_64-linux-gnu/13/lto-wrapper
OFFLOAD_TARGET_NAMES=nvptx-none:amdgcn-amdhsa
OFFLOAD_TARGET_DEFAULT=1
Target: x86_64-linux-gnu
Configured with: ../src/configure -v --with-pkgversion='Ubuntu 13.3.0-6ubuntu2~24.04' --with-bugurl=file:///usr/share/doc/gcc-13/README.Bugs --enable-languages=c,ada,c++,go,d,fortran,objc,obj-c++,m2 --prefix=/usr --with-gcc-major-version-only --program-suffix=-13 --program-prefix=x86_64-linux-gnu- --enable-shared --enable-linker-build-id --libexecdir=/usr/libexec --without-included-gettext --enable-threads=posix --libdir=/usr/lib --enable-nls --enable-bootstrap --enable-clocale=gnu --enable-libstdcxx-debug --enable-libstdcxx-time=yes --with-default-libstdcxx-abi=new --enable-libstdcxx-backtrace --enable-gnu-unique-object --disable-vtable-verify --enable-plugin --enable-default-pie --with-system-zlib --enable-libphobos-checking=release --with-target-system-zlib=auto --enable-objc-gc=auto --enable-multiarch --disable-werror --enable-cet --with-arch-32=i686 --with-abi=m64 --with-multilib-list=m32,m64,mx32 --enable-multilib --with-tune=generic --enable-offload-targets=nvptx-none=/build/gcc-13-fG75Ri/gcc-13-13.3.0/debian/tmp-nvptx/usr,amdgcn-amdhsa=/build/gcc-13-fG75Ri/gcc-13-13.3.0/debian/tmp-gcn/usr --enable-offload-defaulted --without-cuda-driver --enable-checking=release --build=x86_64-linux-gnu --host=x86_64-linux-gnu --target=x86_64-linux-gnu --with-build-config=bootstrap-lto-lean --enable-link-serialization=2
Thread model: posix
Supported LTO compression algorithms: zlib zstd
gcc version 13.3.0 (Ubuntu 13.3.0-6ubuntu2~24.04) 
... rest of stderr output deleted ...
configure:4586: $? = 0
configure:4575: gcc -V >&5
gcc: error: unrecognized command-line option '-V'
gcc: fatal error: no input files
compilation terminated.
configure:4586: $? = 1
configure:4575: gcc -qversion >&5
gcc: error: unrecognized command-line option '-qversion'; did you mean '--version'?
gcc: fatal error: no input files
compilation terminated.
configure:4586: $? = 1
configure:4575: gcc -version >&5
gcc: error: unrecognized command-line option '-version'
gcc: fatal error: no input files
compilation terminated.
configure:4586: $? = 1
configure:4606: checking whether the C compiler works
configure:4628: gcc    conftest.c  >&5
configure:4632: $? = 0
configure:4682: result: yes
configure:4685: checking for C compiler default output file name
configure:4687: result: a.out
configure:4693: checking for suffix of executables
configure:4700: gcc -o conftest    conftest.c  >&5
configure:4704: $? = 0
configure:4727: result: 
configure:4749: checking whether we are cross compiling
configure:4757: gcc -o conftest    conftest.c  >&5
configure:4761: $? = 0
configure:4768: ./conftest
configure:4772: $? = 0
configure:4787: result: no
configure:4792: checking for suffix of object files
configure:4815: gcc -c   conftest.c >&5
configure:4819: $? = 0
configure:4841: result: o
configure:4845: checking whether the compiler supports GNU C
configure:4865: gcc -c   conftest.c >&5
configure:4865: $? = 0
configure:4875: result: yes
configure:4886: checking whether gcc accepts -g
configure:4907: gcc -c -g  conftest.c >&5
configure:4907: $? = 0
configure:4951: result: yes
configure:4971: checking for gcc option to enable C11 features
configure:4986: gcc  -c -g -O2  conftest.c >&5
configure:4986: $? = 0
configure:5004: result: none needed
configure:5120: checking whether gcc understands -c and -o together
configure:5143: gcc -c conftest.c -o conftest2.o
configure:5146: $? = 0
configure:5143: gcc -c conftest.c -o conftest2.o
configure:5146: $? = 0
configure:5158: result: yes
configure:5177: checking dependency style of gcc
configure:5289: result: gcc3
configure:5304: checking for a sed that does not truncate output
configure:5374: result: /usr/bin/sed
configure:5392: checking for grep that handles long lines and -e
configure:5456: result: /usr/bin/grep
configure:5461: checking for egrep
configure:5529: result: /usr/bin/grep -E
configure:5534: checking for fgrep
configure:5602: result: /usr/bin/grep -F
configure:5638: checking for ld used by gcc
configure:5706: result: /usr/bin/ld
configure:5713: checking if the linker (/usr/bin/ld) is GNU ld
configure:5729: result: yes
configure:5741: checking for BSD- or MS-compatible name lister (nm)
configure:5796: result: /usr/bin/nm -B
configure:5936: checking the name lister (/usr/bin/nm -B) interface
configure:5944: gcc -c -g -O2  conftest.c >&5
configure:5947: /usr/bin/nm -B "conftest.o"
configure:5950: output
0000000000000000 B some_variable
configure:5957: result: BSD nm
configure:5960: checking whether ln -s works
configure:5964: result: yes
configure:5972: checking the maximum length of command line arguments
configure:6104: result: 1572864
configure:6152: checking how to convert x86_64-pc-linux-gnu file names to x86_64-pc-linux-gnu format
configure:6193: result: func_convert_file_noop
configure:6200: checking how to convert x86_64-pc-linux-gnu file names to toolchain format
configure:6221: result: func_convert_file_noop
configure:6228: checking for /usr/bin/ld option to reload object files
configure:6236: result: -r
configure:6315: checking for file
configure:6350: result: no
configure:6423: checking for objdump
configure:6444: found /usr/bin/objdump
configure:6455: result: objdump
configure:6487: checking how to recognize dependent libraries
configure:6688: result: pass_all
configure:6778: checking for dlltool
configure:6813: result: no
configure:6843: checking how to associate runtime and link libraries
configure:6871: result: printf %s\n
configure:6937: checking for ar
configure:6958: found /usr/bin/ar
configure:6969: result: ar
configure:7022: checking for archiver @FILE support
configure:7040: gcc -c -g -O2  conftest.c >&5
configure:7040: $? = 0
configure:7044: ar cr libconftest.a @conftest.lst >&5
configure:7047: $? = 0
configure:7052: ar cr libconftest.a @conftest.lst >&5
ar: conftest.o: No such file or directory
configure:7055: $? = 1
configure:7067: result: @
configure:7130: checking for strip
configure:7151: found /usr/bin/strip
configure:7162: result: strip
configure:7239: checking for ranlib
configure:7260: found /usr/bin/ranlib
configure:7271: result: ranlib
configure:7373: checking command to parse /usr/bin/nm -B output from gcc object
configure:7527: gcc -c -g -O2  conftest.c >&5
configure:7530: $? = 0
configure:7534: /usr/bin/nm -B conftest.o \| /usr/bin/sed -n -e 's/^.*[ ]\([ABCDGIRSTW][ABCDGIRSTW]*\)[ ][ ]*\([_A-Za-z][_A-Za-z0-9]*\)$/\1 \2 \2/p' | /usr/bin/sed '/ __gnu_lto/d' \> conftest.nm
configure:7537: $? = 0
configure:7603: gcc -o conftest -g -O2   conftest.c conftstm.o >&5
configure:7606: $? = 0
configure:7644: result: ok
configure:7691: checking for sysroot
configure:7722: result: no
configure:7729: checking for a working dd
configure:7773: result: /usr/bin/dd
configure:7777: checking how to truncate binary pipes
configure:7793: result: /usr/bin/dd bs=4096 count=1
configure:7930: gcc -c -g -O2  conftest.c >&5
configure:7933: $? = 0
configure:8130: checking for mt
configure:8151: found /usr/bin/mt
configure:8162: result: mt
configure:8185: checking if mt is a manifest tool
configure:8192: mt '-?'
configure:8200: result: no
configure:8925: checking for stdio.h
configure:8925: gcc -c -g -O2  conftest.c >&5
configure:8925: $? = 0
configure:8925: result: yes
configure:8925: checking for stdlib.h
configure:8925: gcc -c -g -O2  conftest.c >&5
configure:8925: $? = 0
configure:8925: result: yes
configure:8925: checking for string.h
configure:8925: gcc -c -g -O2  conftest.c >&5
configure:8925: $? = 0
configure:8925: result: yes
configure:8925: checking for inttypes.h
configure:8925: gcc -c -g -O2  conftest.c >&5
configure:8925: $? = 0
configure:8925: result: yes
configure:8925: checking for stdint.h
configure:8925: gcc -c -g -O2  conftest.c >&5
configure:8925: $? = 0
configure:8925: result: yes
configure:8925: checking for strings.h
configure:8925: gcc -c -g -O2  conftest.c >&5
configure:8925: $? = 0
configure:8925: result: yes
configure:8925: checking for sys/stat.h
configure:8925: gcc -c -g -O2  conftest.c >&5
configure:8925: $? = 0
configure:8925: result: yes
configure:8925: checking for sys/types.h
configure:8925: gcc -c -g -O2  conftest.c >&5
configure:8925: $? = 0
configure:8925: result: yes
configure:8925: checking for unistd.h
configure:8925: gcc -c -g -O2  conftest.c >&5
configure:8925: $? = 0
configure:8925: result: yes
configure:8950: checking for dlfcn.h
configure:8950: gcc -c -g -O2  conftest.c >&5
configure:8950: $? = 0
configure:8950: result: yes
configure:9209: checking for objdir
configure:9225: result: .libs
configure:9489: checking if gcc supports -fno-rtti -fno-exceptions
configure:9508: gcc -c -g -O2  -fno-rtti -fno-exceptions conftest.c >&5
cc1: warning: command-line option '-fno-rtti' is valid for C++/D/ObjC++ but not for C
configure:9512: $? = 0
configure:9525: result: no
configure:9883: checking for gcc option to produce PIC
configure:9891: result: -fPIC -DPIC
configure:9899: checking if gcc PIC flag -fPIC -DPIC works
configure:9918: gcc -c -g -O2  -fPIC -DPIC -DPIC conftest.c >&5
configure:9922: $? = 0
configure:9935: result: yes
configure:9964: checking if gcc static flag -static works
configure:9993: result: yes
configure:10008: checking if gcc supports -c -o file.o
configure:10030: gcc -c -g -O2  -o out/conftest2.o conftest.c >&5
configure:10034: $? = 0
configure:10056: result: yes
configure:10064: checking if gcc supports -c -o file.o
configure:10112: result: yes
configure:10145: checking whether the gcc linker (/usr/bin/ld) supports shared libraries
configure:11413: result: yes
configure:11450: checking whether -lc should be explicitly linked in
configure:11459: gcc -c -g -O2  conftest.c >&5
configure:11462: $? = 0
configure:11477: gcc -shared  -fPIC -DPIC conftest.o  -v -Wl,-soname -Wl,conftest -o conftest 2\>\&1 \| /usr/bin/grep  -lc  \>/dev/null 2\>\&1
configure:11480: $? = 0
configure:11494: result: no
configure:11654: checking dynamic linker characteristics
configure:12236: gcc -o conftest -g -O2   -Wl,-rpath -Wl,/foo conftest.c  >&5
configure:12236: $? = 0
configure:12478: result: GNU/Linux ld.so
configure:12600: checking how to hardcode library paths into programs
configure:12625: result: immediate
configure:13177: checking whether stripping libraries is possible
configure:13186: result: yes
configure:13228: checking if libtool supports shared libraries
configure:13230: result: yes
configure:13233: checking whether to build shared libraries
configure:13258: result: yes
configure:13261: checking whether to build static libraries
configure:13265: result: yes
configure:13356: checking for gcc
configure:13388: result: gcc
configure:13741: checking for C compiler version
configure:13750: gcc --version >&5
gcc (Ubuntu 13.3.0-6ubuntu2~24.04) 13.3.0
Copyright (C) 2023 Free Software Foundation, Inc.
This is free software; see the source for copying conditions.  There is NO
warranty; not even for MERCHANTABILITY or FITNESS FOR A PARTICULAR PURPOSE.

configure:13761: $? = 0
configure:13750: gcc -v >&5
Using built-in specs.
COLLECT_GCC=gcc
COLLECT_LTO_WRAPPER=/usr/libexec/gcc/x86_64-linux-gnu/13/lto-wrapper
OFFLOAD_TARGET_NAMES=nvptx-none:amdgcn-amdhsa
OFFLOAD_TARGET_DEFAULT=1
Target: x86_64-linux-gnu
Configured with: ../src/configure -v --with-pkgversion='Ubuntu 13.3.0-6ubuntu2~24.04' --with-bugurl=file:///usr/share/doc/gcc-13/README.Bugs --enable-languages=c,ada,c++,go,d,fortran,objc,obj-c++,m2 --prefix=/usr --with-gcc-major-version-only --program-suffix=-13 --program-prefix=x86_64-linux-gnu- --enable-shared --enable-linker-build-id --libexecdir=/usr/libexec --without-included-gettext --enable-threads=posix --libdir=/usr/lib --enable-nls --enable-bootstrap --enable-clocale=gnu --enable-libstdcxx-debug --enable-libstdcxx-time=yes --with-default-libstdcxx-abi=new --enable-libstdcxx-backtrace --enable-gnu-unique-object --disable-vtable-verify --enable-plugin --enable-default-pie --with-system-zlib --enable-libphobos-checking=release --with-target-system-zlib=auto --enable-objc-gc=auto --enable-multiarch --disable-werror --enable-cet --with-arch-32=i686 --with-abi=m64 --with-multilib-list=m32,m64,mx32 --enable-multilib --with-tune=generic --enable-offload-targets=nvptx-none=/build/gcc-13-fG75Ri/gcc-13-13.3.0/debian/tmp-nvptx/usr,amdgcn-amdhsa=/build/gcc-13-fG75Ri/gcc-13-13.3.0/debian/tmp-gcn/usr --enable-offload-defaulted --without-cuda-driver --enable-checking=release --build=x86_64-linux-gnu --host=x86_64-linux-gnu --target=x86_64-linux-gnu --with-build-config=bootstrap-lto-lean --enable-link-serialization=2
Thread model: posix
Supported LTO compression algorithms: zlib zstd
gcc version 13.3.0 (Ubuntu 13.3.0-6ubuntu2~24.04) 
... rest of stderr output deleted ...
configure:13761: $? = 0
configure:13750: gcc -V >&5
gcc: error: unrecognized command-line option '-V'
gcc: fatal error: no input files
compilation terminated.
configure:13761: $? = 1
configure:13750: gcc -qversion >&5
gcc: error: unrecognized command-line option '-qversion'; did you mean '--version'?
gcc: fatal error: no input files
compilation terminated.
configure:13761: $? = 1
configure:13750: gcc -version >&5
gcc: error: unrecognized command-line option '-version'
gcc: fatal error: no input files
compilation terminated.
configure:13761: $? = 1
configure:13765: checking whether the compiler supports GNU C
configure:13795: result: yes
configure:13806: checking whether gcc accepts -g
configure:13871: result: yes
configure:13891: checking for gcc option to enable C11 features
configure:13924: result: none needed
configure:14040: checking whether gcc understands -c and -o together
configure:14078: result: yes
configure:14097: checking dependency style of gcc
configure:14209: result: gcc3
configure:14224: checking whether ln -s works
configure:14228: result: yes
configure:14294: checking for pkg-config
configure:14332: result: no
configure:14374: checking dependency style of gcc
configure:14484: result: gcc3
configure:14514: checking whether to build with code coverage support
configure:14535: result: no
configure:14912: checking how to create a pax tar archive
configure:14923: tar --version
tar (GNU tar) 1.35
Copyright (C) 2023 Free Software Foundation, Inc.
License GPLv3+: GNU GPL version 3 or later <https://gnu.org/licenses/gpl.html>.
This is free software: you are free to change and redistribute it.
There is NO WARRANTY, to the extent permitted by law.

Written by John Gilmore and Jay Fenlason.
configure:14926: $? = 0
configure:14966: tardir=conftest.dir && eval tar --format=posix -chf - "$tardir" >conftest.tar
configure:14969: $? = 0
configure:14973: tar -xf - <conftest.tar
configure:14976: $? = 0
configure:14978: cat conftest.dir/file
GrepMe
configure:14981: $? = 0
configure:14995: result: gnutar
configure:15003: checking zfs author
configure:15005: result: OpenZFS
configure:15008: checking zfs license
configure:15010: result: CDDL
configure:15014: checking whether NLS is requested
configure:15024: result: yes
configure:15064: checking for msgfmt
configure:15100: result: no
configure:15106: checking for gmsgfmt
configure:15142: result: :
configure:15187: checking for xgettext
configure:15223: result: no
configure:15265: checking for msgmerge
configure:15300: result: no
configure:15362: checking for ld
configure:15493: result: /usr/bin/ld
configure:15500: checking if the linker (/usr/bin/ld) is GNU ld
configure:15516: result: yes
configure:15524: checking for shared library run path origin
configure:15538: result: done
configure:15560: checking 32-bit host C ABI
configure:15599: gcc -c -g -O2  conftest.c >&5
configure:15599: $? = 0
configure:15795: result: no
configure:15834: checking for the common suffixes of directories in the library search path
configure:15886: result: lib,lib
configure:16378: checking zfs config
configure:16380: result: kernel
configure:16385: checking the number of available CPUs
configure:16474: result: 8
configure:16486: checking whether gcc supports -Wno-clobbered
configure:16503: gcc -c -g -O2 -Werror -Wclobbered  conftest.c >&5
configure:16503: $? = 0
configure:16507: result: yes
configure:16523: checking whether gcc supports -Winfinite-recursion
configure:16540: gcc -c -g -O2 -Werror -Winfinite-recursion  conftest.c >&5
configure:16540: $? = 0
configure:16547: result: yes
configure:16563: checking whether  supports -Winfinite-recursion
configure:16595: gcc -c -g -O2 -Werror -Winfinite-recursion  conftest.c >&5
configure:16595: $? = 0
configure:16602: result: yes
configure:16619: checking whether gcc supports -Wimplicit-fallthrough
configure:16636: gcc -c -g -O2 -Werror -Wimplicit-fallthrough  conftest.c >&5
configure:16636: $? = 0
configure:16643: result: yes
configure:16659: checking whether gcc supports -Wframe-larger-than=<size>
configure:16676: gcc -c -g -O2 -Werror -Wframe-larger-than=4096  conftest.c >&5
configure:16676: $? = 0
configure:16680: result: yes
configure:16696: checking whether gcc supports -Wno-format-truncation
configure:16713: gcc -c -g -O2 -Werror -Wno-format-truncation  conftest.c >&5
configure:16713: $? = 0
configure:16717: result: yes
configure:16733: checking whether gcc supports -Wno-format-zero-length
configure:16750: gcc -c -g -O2 -Werror -Wno-format-zero-length  conftest.c >&5
configure:16750: $? = 0
configure:16754: result: yes
configure:16770: checking whether gcc supports -Wformat-overflow
configure:16787: gcc -c -g -O2 -Werror -Wformat-overflow  conftest.c >&5
configure:16787: $? = 0
configure:16794: result: yes
configure:16810: checking whether gcc supports -fno-omit-frame-pointer
configure:16827: gcc -c -g -O2 -Werror -fno-omit-frame-pointer  conftest.c >&5
configure:16827: $? = 0
configure:16831: result: yes
configure:16847: checking whether gcc supports -fno-ipa-sra
configure:16864: gcc -c -g -O2 -Werror -fno-ipa-sra  conftest.c >&5
configure:16864: $? = 0
configure:16868: result: yes
configure:16884: checking whether  supports -fno-ipa-sra
configure:16916: gcc -c -g -O2 -Werror -fno-ipa-sra  conftest.c >&5
configure:16916: $? = 0
configure:16920: result: yes
configure:16937: checking whether to build with -fsanitize=address support
configure:16958: result: no
configure:17005: checking whether to build with -fsanitize=undefined support
configure:17026: result: no
configure:17076: checking whether host toolchain supports SSE
configure:17088: gcc -o conftest -g -O2   conftest.c  >&5
configure:17088: $? = 0
configure:17094: result: yes
configure:17107: checking whether host toolchain supports SSE2
configure:17119: gcc -o conftest -g -O2   conftest.c  >&5
configure:17119: $? = 0
configure:17125: result: yes
configure:17138: checking whether host toolchain supports SSE3
configure:17151: gcc -o conftest -g -O2   conftest.c  >&5
configure:17151: $? = 0
configure:17157: result: yes
configure:17170: checking whether host toolchain supports SSSE3
configure:17182: gcc -o conftest -g -O2   conftest.c  >&5
configure:17182: $? = 0
configure:17188: result: yes
configure:17201: checking whether host toolchain supports SSE4.1
configure:17213: gcc -o conftest -g -O2   conftest.c  >&5
configure:17213: $? = 0
configure:17219: result: yes
configure:17232: checking whether host toolchain supports SSE4.2
configure:17244: gcc -o conftest -g -O2   conftest.c  >&5
configure:17244: $? = 0
configure:17250: result: yes
configure:17263: checking whether host toolchain supports AVX
configure:17276: gcc -o conftest -g -O2   conftest.c  >&5
configure:17276: $? = 0
configure:17279: result: yes
configure:17295: checking whether host toolchain supports AVX2
configure:17308: gcc -o conftest -g -O2   conftest.c  >&5
configure:17308: $? = 0
configure:17311: result: yes
configure:17327: checking whether host toolchain supports AVX512F
configure:17340: gcc -o conftest -g -O2   conftest.c  >&5
configure:17340: $? = 0
configure:17343: result: yes
configure:17359: checking whether host toolchain supports AVX512CD
configure:17372: gcc -o conftest -g -O2   conftest.c  >&5
configure:17372: $? = 0
configure:17375: result: yes
configure:17391: checking whether host toolchain supports AVX512DQ
configure:17404: gcc -o conftest -g -O2   conftest.c  >&5
configure:17404: $? = 0
configure:17407: result: yes
configure:17423: checking whether host toolchain supports AVX512BW
configure:17436: gcc -o conftest -g -O2   conftest.c  >&5
configure:17436: $? = 0
configure:17439: result: yes
configure:17455: checking whether host toolchain supports AVX512IFMA
configure:17468: gcc -o conftest -g -O2   conftest.c  >&5
configure:17468: $? = 0
configure:17471: result: yes
configure:17487: checking whether host toolchain supports AVX512VBMI
configure:17500: gcc -o conftest -g -O2   conftest.c  >&5
configure:17500: $? = 0
configure:17503: result: yes
configure:17519: checking whether host toolchain supports AVX512PF
configure:17532: gcc -o conftest -g -O2   conftest.c  >&5
configure:17532: $? = 0
configure:17535: result: yes
configure:17551: checking whether host toolchain supports AVX512ER
configure:17564: gcc -o conftest -g -O2   conftest.c  >&5
configure:17564: $? = 0
configure:17567: result: yes
configure:17583: checking whether host toolchain supports AVX512VL
configure:17596: gcc -o conftest -g -O2   conftest.c  >&5
configure:17596: $? = 0
configure:17599: result: yes
configure:17615: checking whether host toolchain supports AES
configure:17628: gcc -o conftest -g -O2   conftest.c  >&5
configure:17628: $? = 0
configure:17631: result: yes
configure:17647: checking whether host toolchain supports PCLMULQDQ
configure:17660: gcc -o conftest -g -O2   conftest.c  >&5
configure:17660: $? = 0
configure:17663: result: yes
configure:17679: checking whether host toolchain supports MOVBE
configure:17692: gcc -o conftest -g -O2   conftest.c  >&5
configure:17692: $? = 0
configure:17695: result: yes
configure:17711: checking whether host toolchain supports XSAVE
configure:17725: gcc -o conftest -g -O2   conftest.c  >&5
configure:17725: $? = 0
configure:17728: result: yes
configure:17744: checking whether host toolchain supports XSAVEOPT
configure:17758: gcc -o conftest -g -O2   conftest.c  >&5
configure:17758: $? = 0
configure:17761: result: yes
configure:17777: checking whether host toolchain supports XSAVES
configure:17791: gcc -o conftest -g -O2   conftest.c  >&5
configure:17791: $? = 0
configure:17794: result: yes
configure:17813: checking for system type (linux-gnu)
configure:17835: result: Linux
configure:17940: checking for python3
configure:17961: found /usr/bin/python3
configure:17972: result: python3
configure:18062: checking for python version
configure:18070: result: 3.12
configure:18075: checking for python platform
configure:18083: result: linux
configure:18144: checking for GNU default python prefix
configure:18146: result: ${prefix}
configure:18212: checking for GNU default python exec_prefix
configure:18214: result: ${exec_prefix}
configure:18245: checking for python script directory (pythondir)
configure:18280: result: ${PYTHON_PREFIX}/local/lib/python3.12/dist-packages
configure:18288: checking for python extension module directory (pyexecdir)
configure:18323: result: ${PYTHON_EXEC_PREFIX}/local/lib/python3.12/dist-packages
configure:18433: Disabling pyzfs for kernel/srpm config
configure:18989: checking whether to enable pyzfs: 
configure:18991: result: no
configure:18995: checking for sed --in-place
configure:19015: result: --in-place
configure:19023: checking for cppcheck
configure:19058: result: no
configure:19070: checking for shellcheck
configure:19105: result: no
configure:19112: checking for checkbashisms
configure:19147: result: no
configure:19173: checking for parallel
configure:19208: result: no
configure:19260: checking kernel source and build directories
configure:19343: result: done
configure:19345: checking kernel source directory
configure:19347: result: /home/aimeat/anvilos/oss_sovereignty/linux-6.6.14
configure:19349: checking kernel build directory
configure:19351: result: /home/aimeat/anvilos/oss_sovereignty/linux-6.6.14
configure:19364: checking kernel source version
configure:19417: result: 6.6.14
configure:19581: gcc -o conftest -g -O2   conftest.c  >&5
In file included from conftest.c:64:
/home/aimeat/anvilos/oss_sovereignty/linux-6.6.14/include/linux/license.h: In function 'license_is_gpl_compatible':
/home/aimeat/anvilos/oss_sovereignty/linux-6.6.14/include/linux/license.h:7:17: warning: implicit declaration of function 'strcmp' [-Wimplicit-function-declaration]
    7 |         return (strcmp(license, "GPL") == 0
      |                 ^~~~~~
/home/aimeat/anvilos/oss_sovereignty/linux-6.6.14/include/linux/license.h:1:1: note: include '<string.h>' or provide a declaration of 'strcmp'
  +++ |+#include <string.h>
    1 | /* SPDX-License-Identifier: GPL-2.0-only */
configure:19581: $? = 0
configure:19581: ./conftest
configure:19581: $? = 1
configure: program exited with status 1
configure: failed program was:
| /* confdefs.h */
| #define PACKAGE_NAME "zfs"
| #define PACKAGE_TARNAME "zfs"
| #define PACKAGE_VERSION "2.2.2"
| #define PACKAGE_STRING "zfs 2.2.2"
| #define PACKAGE_BUGREPORT ""
| #define PACKAGE_URL ""
| #define ZFS_META_NAME "zfs"
| #define ZFS_META_VERSION "2.2.2"
| #define SPL_META_VERSION ZFS_META_VERSION
| #define ZFS_META_RELEASE "1"
| #define SPL_META_RELEASE ZFS_META_RELEASE
| #define ZFS_META_LICENSE "CDDL"
| #define ZFS_META_ALIAS "zfs-2.2.2-1"
| #define SPL_META_ALIAS ZFS_META_ALIAS
| #define ZFS_META_AUTHOR "OpenZFS"
| #define ZFS_META_KVER_MIN "3.10"
| #define ZFS_META_KVER_MAX "6.6"
| #define PACKAGE "zfs"
| #define VERSION "2.2.2"
| #define HAVE_STDIO_H 1
| #define HAVE_STDLIB_H 1
| #define HAVE_STRING_H 1
| #define HAVE_INTTYPES_H 1
| #define HAVE_STDINT_H 1
| #define HAVE_STRINGS_H 1
| #define HAVE_SYS_STAT_H 1
| #define HAVE_SYS_TYPES_H 1
| #define HAVE_UNISTD_H 1
| #define STDC_HEADERS 1
| #define HAVE_DLFCN_H 1
| #define LT_OBJDIR ".libs/"
| #define HAVE_INFINITE_RECURSION 1
| #define HAVE_KERNEL_INFINITE_RECURSION 1
| #define HAVE_IMPLICIT_FALLTHROUGH 1
| #define HAVE_FORMAT_OVERFLOW 1
| #define HAVE_SSE 1
| #define HAVE_SSE2 1
| #define HAVE_SSE3 1
| #define HAVE_SSSE3 1
| #define HAVE_SSE4_1 1
| #define HAVE_SSE4_2 1
| #define HAVE_AVX 1
| #define HAVE_AVX2 1
| #define HAVE_AVX512F 1
| #define HAVE_AVX512CD 1
| #define HAVE_AVX512DQ 1
| #define HAVE_AVX512BW 1
| #define HAVE_AVX512IFMA 1
| #define HAVE_AVX512VBMI 1
| #define HAVE_AVX512PF 1
| #define HAVE_AVX512ER 1
| #define HAVE_AVX512VL 1
| #define HAVE_AES 1
| #define HAVE_PCLMULQDQ 1
| #define HAVE_MOVBE 1
| #define HAVE_XSAVE 1
| #define HAVE_XSAVEOPT 1
| #define HAVE_XSAVES 1
| #define SYSTEM_LINUX 1
| /* end confdefs.h.  */
| 
| 
| 				#include "/home/aimeat/anvilos/oss_sovereignty/linux-6.6.14/include/linux/license.h"
| 
| int
| main (void)
| {
| 
| 				return !license_is_gpl_compatible(
| 				    "CDDL");
| 
|   ;
|   return 0;
| }
| 
configure:20245: checking for kernel config option compatibility
configure:20259: 
	    KBUILD_MODPOST_NOFINAL=yes KBUILD_MODPOST_WARN=
	    make modules -k -j8 
	     
	    CONFIG_MODULES=y CFLAGS_MODULE=-DCONFIG_MODULES
	    -C /home/aimeat/anvilos/oss_sovereignty/linux-6.6.14  M=/home/aimeat/anvilos/oss_sovereignty/zfs-2.2.2/build >build/build.log 2>&1
configure:20262: $? = 0
configure:20265: test -f build/build.log
configure:20268: $? = 0
configure:20307: 
	    KBUILD_MODPOST_NOFINAL= KBUILD_MODPOST_WARN=yes
	    make modules -k -j8 
	     
	    CONFIG_MODULES=y CFLAGS_MODULE=-DCONFIG_MODULES
	    -C /home/aimeat/anvilos/oss_sovereignty/linux-6.6.14  M=/home/aimeat/anvilos/oss_sovereignty/zfs-2.2.2/build/config_debug_lock_alloc_license >build/config_debug_lock_alloc_license/build.log 2>&1
configure:20310: $? = 0
configure:20313: test -f build/config_debug_lock_alloc_license/build.log
configure:20316: $? = 0
configure:20357: 
	    KBUILD_MODPOST_NOFINAL= KBUILD_MODPOST_WARN=yes
	    make modules -k -j8 
	     
	    CONFIG_MODULES=y CFLAGS_MODULE=-DCONFIG_MODULES
	    -C /home/aimeat/anvilos/oss_sovereignty/linux-6.6.14  M=/home/aimeat/anvilos/oss_sovereignty/zfs-2.2.2/build >build/build.log 2>&1
configure:20360: $? = 0
configure:20363: test -f build/build.log
configure:20366: $? = 0
configure:20397: result: done
configure:20401: checking whether CONFIG_MODULES is defined
configure:20413: result: yes
configure:20666: checking whether CONFIG_BLOCK is defined
configure:20675: result: yes
configure:20699: checking whether mutex_lock() is GPL-only
configure:20708: result: no
configure:20734: checking whether CONFIG_TRIM_UNUSED_KSYM is disabled
configure:20743: result: yes
configure:20772: checking whether CONFIG_ZLIB_DEFLATE is defined
configure:20781: result: yes
configure:20805: checking whether CONFIG_ZLIB_INFLATE is defined
configure:20814: result: yes
configure:20840: checking kernel file name for module symbols
configure:20873: result: Module.symvers
configure:20879: checking whether fpu headers are available
configure:21270: 
	    KBUILD_MODPOST_NOFINAL= KBUILD_MODPOST_WARN=
	    make modules -k -j8 
	     
	    CONFIG_MODULES=y CFLAGS_MODULE=-DCONFIG_MODULES
	    -C /home/aimeat/anvilos/oss_sovereignty/linux-6.6.14  M=/home/aimeat/anvilos/oss_sovereignty/zfs-2.2.2/build/conftest >build/conftest/build.log 2>&1
configure:21273: $? = 0
configure:21276: test -f build/conftest/conftest.ko
configure:21279: $? = 0
configure:21467: 
	    KBUILD_MODPOST_NOFINAL= KBUILD_MODPOST_WARN=
	    make modules -k -j8 
	     
	    CONFIG_MODULES=y CFLAGS_MODULE=-DCONFIG_MODULES
	    -C /home/aimeat/anvilos/oss_sovereignty/linux-6.6.14  M=/home/aimeat/anvilos/oss_sovereignty/zfs-2.2.2/build/conftest >build/conftest/build.log 2>&1
configure:21470: $? = 2
configure:21473: test -f build/conftest/conftest.ko
configure:21476: $? = 1
configure:21488: result: asm/fpu/api.h
configure:21512: checking whether objtool header is available
configure:21692: 
	    KBUILD_MODPOST_NOFINAL= KBUILD_MODPOST_WARN=
	    make modules -k -j8 
	     
	    CONFIG_MODULES=y CFLAGS_MODULE=-DCONFIG_MODULES
	    -C /home/aimeat/anvilos/oss_sovereignty/linux-6.6.14  M=/home/aimeat/anvilos/oss_sovereignty/zfs-2.2.2/build/conftest >build/conftest/build.log 2>&1
configure:21695: $? = 0
configure:21698: test -f build/conftest/conftest.ko
configure:21701: $? = 0
configure:21708: result: linux/objtool.h
configure:21724: checking whether wait_queue_entry_t exists
configure:21906: 
	    KBUILD_MODPOST_NOFINAL= KBUILD_MODPOST_WARN=
	    make modules -k -j8 
	     
	    CONFIG_MODULES=y CFLAGS_MODULE=-DCONFIG_MODULES
	    -C /home/aimeat/anvilos/oss_sovereignty/linux-6.6.14  M=/home/aimeat/anvilos/oss_sovereignty/zfs-2.2.2/build/conftest >build/conftest/build.log 2>&1
configure:21909: $? = 0
configure:21912: test -f build/conftest/conftest.ko
configure:21915: $? = 0
configure:21919: result: yes
configure:21938: checking whether /dev/zfs minor is available
configure:21945: result: 249
configure:21963: checking whether DECLARE_EVENT_CLASS() is available
configure:22223: 
	    KBUILD_MODPOST_NOFINAL= KBUILD_MODPOST_WARN=
	    make modules -k -j8 
	     
	    CONFIG_MODULES=y CFLAGS_MODULE=-DCONFIG_MODULES
	    -C /home/aimeat/anvilos/oss_sovereignty/linux-6.6.14  M=/home/aimeat/anvilos/oss_sovereignty/zfs-2.2.2/build/conftest >build/conftest/build.log 2>&1
configure:22226: $? = 2
configure:22229: test -f build/conftest/conftest.ko
configure:22232: $? = 1
configure:22244: result: no
configure:57683: checking for available kernel interfaces
configure:57697: 
	    KBUILD_MODPOST_NOFINAL=yes KBUILD_MODPOST_WARN=
	    make modules -k -j8 
	     
	    CONFIG_MODULES=y CFLAGS_MODULE=-DCONFIG_MODULES
	    -C /home/aimeat/anvilos/oss_sovereignty/linux-6.6.14  M=/home/aimeat/anvilos/oss_sovereignty/zfs-2.2.2/build >build/build.log 2>&1
configure:57700: $? = 2
configure:57703: test -f build/build.log
configure:57706: $? = 0
configure:57745: 
	    KBUILD_MODPOST_NOFINAL= KBUILD_MODPOST_WARN=yes
	    make modules -k -j8 
	     
	    CONFIG_MODULES=y CFLAGS_MODULE=-DCONFIG_MODULES
	    -C /home/aimeat/anvilos/oss_sovereignty/linux-6.6.14  M=/home/aimeat/anvilos/oss_sovereignty/zfs-2.2.2/build/bio_set_dev_license >build/bio_set_dev_license/build.log 2>&1
configure:57748: $? = 2
configure:57751: test -f build/bio_set_dev_license/build.log
configure:57754: $? = 0
configure:57745: 
	    KBUILD_MODPOST_NOFINAL= KBUILD_MODPOST_WARN=yes
	    make modules -k -j8 
	     
	    CONFIG_MODULES=y CFLAGS_MODULE=-DCONFIG_MODULES
	    -C /home/aimeat/anvilos/oss_sovereignty/linux-6.6.14  M=/home/aimeat/anvilos/oss_sovereignty/zfs-2.2.2/build/blk_queue_write_cache_license >build/blk_queue_write_cache_license/build.log 2>&1
configure:57748: $? = 2
configure:57751: test -f build/blk_queue_write_cache_license/build.log
configure:57754: $? = 0
configure:57745: 
	    KBUILD_MODPOST_NOFINAL= KBUILD_MODPOST_WARN=yes
	    make modules -k -j8 
	     
	    CONFIG_MODULES=y CFLAGS_MODULE=-DCONFIG_MODULES
	    -C /home/aimeat/anvilos/oss_sovereignty/linux-6.6.14  M=/home/aimeat/anvilos/oss_sovereignty/zfs-2.2.2/build/posix_acl_release_license >build/posix_acl_release_license/build.log 2>&1
configure:57748: $? = 2
configure:57751: test -f build/posix_acl_release_license/build.log
configure:57754: $? = 0
configure:57745: 
	    KBUILD_MODPOST_NOFINAL= KBUILD_MODPOST_WARN=yes
	    make modules -k -j8 
	     
	    CONFIG_MODULES=y CFLAGS_MODULE=-DCONFIG_MODULES
	    -C /home/aimeat/anvilos/oss_sovereignty/linux-6.6.14  M=/home/aimeat/anvilos/oss_sovereignty/zfs-2.2.2/build/set_cached_acl_license >build/set_cached_acl_license/build.log 2>&1
configure:57748: $? = 0
configure:57751: test -f build/set_cached_acl_license/build.log
configure:57754: $? = 0
configure:57745: 
	    KBUILD_MODPOST_NOFINAL= KBUILD_MODPOST_WARN=yes
	    make modules -k -j8 
	     
	    CONFIG_MODULES=y CFLAGS_MODULE=-DCONFIG_MODULES
	    -C /home/aimeat/anvilos/oss_sovereignty/linux-6.6.14  M=/home/aimeat/anvilos/oss_sovereignty/zfs-2.2.2/build/kernel_fpu_license >build/kernel_fpu_license/build.log 2>&1
configure:57748: $? = 2
configure:57751: test -f build/kernel_fpu_license/build.log
configure:57754: $? = 0
configure:57745: 
	    KBUILD_MODPOST_NOFINAL= KBUILD_MODPOST_WARN=yes
	    make modules -k -j8 
	     
	    CONFIG_MODULES=y CFLAGS_MODULE=-DCONFIG_MODULES
	    -C /home/aimeat/anvilos/oss_sovereignty/linux-6.6.14  M=/home/aimeat/anvilos/oss_sovereignty/zfs-2.2.2/build/zero_page_license >build/zero_page_license/build.log 2>&1
configure:57748: $? = 0
configure:57751: test -f build/zero_page_license/build.log
configure:57754: $? = 0
configure:57745: 
	    KBUILD_MODPOST_NOFINAL= KBUILD_MODPOST_WARN=yes
	    make modules -k -j8 
	     
	    CONFIG_MODULES=y CFLAGS_MODULE=-DCONFIG_MODULES
	    -C /home/aimeat/anvilos/oss_sovereignty/linux-6.6.14  M=/home/aimeat/anvilos/oss_sovereignty/zfs-2.2.2/build/__copy_from_user_inatomic_license >build/__copy_from_user_inatomic_license/build.log 2>&1
configure:57748: $? = 0
configure:57751: test -f build/__copy_from_user_inatomic_license/build.log
configure:57754: $? = 0
configure:57795: 
	    KBUILD_MODPOST_NOFINAL= KBUILD_MODPOST_WARN=yes
	    make modules -k -j8 
	     
	    CONFIG_MODULES=y CFLAGS_MODULE=-DCONFIG_MODULES
	    -C /home/aimeat/anvilos/oss_sovereignty/linux-6.6.14  M=/home/aimeat/anvilos/oss_sovereignty/zfs-2.2.2/build >build/build.log 2>&1
configure:57798: $? = 0
configure:57801: test -f build/build.log
configure:57804: $? = 0
configure:57835: result: done
configure:57840: checking whether access_ok() has 'type' parameter
configure:57857: result: no
configure:57874: checking whether global_node_page_state() exists
configure:57883: result: yes
configure:57907: checking whether global_zone_page_state() exists
configure:57916: result: yes
configure:57941: checking whether enum node_stat_item contains NR_FILE_PAGES
configure:57944: ./scripts/enum-extract.pl node_stat_item /home/aimeat/anvilos/oss_sovereignty/linux-6.6.14/include/linux/mmzone.h | grep -Eqx NR_FILE_PAGES
configure:57947: $? = 0
configure:57951: result: yes
configure:57966: checking whether enum node_stat_item contains NR_INACTIVE_ANON
configure:57969: ./scripts/enum-extract.pl node_stat_item /home/aimeat/anvilos/oss_sovereignty/linux-6.6.14/include/linux/mmzone.h | grep -Eqx NR_INACTIVE_ANON
configure:57972: $? = 0
configure:57976: result: yes
configure:57991: checking whether enum node_stat_item contains NR_INACTIVE_FILE
configure:57994: ./scripts/enum-extract.pl node_stat_item /home/aimeat/anvilos/oss_sovereignty/linux-6.6.14/include/linux/mmzone.h | grep -Eqx NR_INACTIVE_FILE
configure:57997: $? = 0
configure:58001: result: yes
configure:58017: checking whether enum zone_stat_item contains NR_FILE_PAGES
configure:58020: ./scripts/enum-extract.pl zone_stat_item /home/aimeat/anvilos/oss_sovereignty/linux-6.6.14/include/linux/mmzone.h | grep -Eqx NR_FILE_PAGES
configure:58023: $? = 1
configure:58036: result: no
configure:58042: checking whether enum zone_stat_item contains NR_INACTIVE_ANON
configure:58045: ./scripts/enum-extract.pl zone_stat_item /home/aimeat/anvilos/oss_sovereignty/linux-6.6.14/include/linux/mmzone.h | grep -Eqx NR_INACTIVE_ANON
configure:58048: $? = 1
configure:58061: result: no
configure:58067: checking whether enum zone_stat_item contains NR_INACTIVE_FILE
configure:58070: ./scripts/enum-extract.pl zone_stat_item /home/aimeat/anvilos/oss_sovereignty/linux-6.6.14/include/linux/mmzone.h | grep -Eqx NR_INACTIVE_FILE
configure:58073: $? = 1
configure:58086: result: no
configure:58093: checking whether global_page_state enums are sane
configure:58241: result: yes
configure:58246: checking whether compile-time stack validation (objtool) is available
configure:58255: result: yes
configure:58261: checking whether STACK_FRAME_NON_STANDARD is defined
configure:58270: result: yes
configure:58311: checking whether pde_data() is lowercase
configure:58320: result: yes
configure:58347: checking whether fops->fallocate() exists
configure:58356: result: yes
configure:58358: checking whether FALLOC_FL_ZERO_RANGE exists
configure:58367: result: yes
configure:58417: checking whether fops->fadvise() exists
configure:58426: result: yes
configure:58450: checking whether generic_fadvise() is available
configure:58497: result: yes
configure:58522: checking whether zlib_deflate_workspacesize() wants 2 args
configure:58531: result: yes
configure:58565: checking whether struct rw_semaphore has member activity
configure:58582: result: no
configure:58598: checking whether struct rw_semaphore has atomic_long_t member count
configure:58607: result: yes
configure:58633: checking whether header linux/sched/rt.h exists
configure:58642: result: yes
configure:58672: checking whether header linux/sched/signal.h exists
configure:58684: result: yes
configure:58705: checking whether io_schedule_timeout() is available
configure:58752: result: yes
configure:58778: checking whether usleep_range() is available
configure:58787: result: yes
configure:58818: checking whether kmem_cache_create_usercopy() exists
configure:58827: result: yes
configure:58852: checking whether kvmalloc(ptr, flags) is available
configure:58861: result: yes
configure:58885: checking whether __vmalloc(ptr, flags, pageflags) is available
configure:58902: result: no
configure:58919: checking whether wait_on_bit() takes an action
configure:58936: result: no
configure:58952: checking whether wq_head->head and wq_entry->entry exist
configure:58961: result: yes
configure:58986: checking whether timestamp_truncate() exists
configure:58995: result: yes
configure:59018: checking whether inode->i_*time's are timespec64
configure:59032: result: yes
configure:59050: checking whether inode_get_ctime() exists
configure:59059: result: yes
configure:59082: checking whether inode_set_ctime_to_ts() exists
configure:59091: result: yes
configure:59115: checking whether inode_lock_shared() exists
configure:59124: result: yes
configure:59148: checking whether group_info->gid exists
configure:59157: result: yes
configure:59182: checking whether kernel_write() takes loff_t pointer
configure:59191: result: yes
configure:59215: checking whether kernel_read() takes loff_t pointer
configure:59224: result: yes
configure:59249: checking whether timer_setup() is available
configure:59258: result: yes
configure:59281: checking whether timer function expects timer_list
configure:59290: result: yes
configure:59313: checking whether struct timer_list has flags
configure:59322: result: yes
configure:59346: checking whether super_block->s_user_ns exists
configure:59355: result: yes
configure:59379: checking whether proc_ops structure exists
configure:59388: result: yes
configure:59413: checking whether bops->check_events() exists
configure:59422: result: yes
configure:59452: checking whether bops->release() is void and takes 2 args
configure:59466: result: no
configure:59468: checking whether bops->release() is void and takes 1 arg
configure:59477: result: yes
configure:59522: checking whether bops->revalidate_disk() exists
configure:59539: result: no
configure:59557: checking whether REQ_FAILFAST_MASK is defined
configure:59566: result: yes
configure:59596: checking whether REQ_DISCARD is defined
configure:59613: result: no
configure:59629: checking whether REQ_FLUSH is defined
configure:59646: result: no
configure:59662: checking whether REQ_PREFLUSH is defined
configure:59671: result: yes
configure:59696: checking whether REQ_OP_DISCARD is defined
configure:59705: result: yes
configure:59729: checking whether REQ_OP_SECURE_ERASE is defined
configure:59738: result: yes
configure:59762: checking whether REQ_OP_FLUSH is defined
configure:59771: result: yes
configure:59795: checking whether bio->bi_opf is defined
configure:59804: result: yes
configure:59828: checking whether bio_set_op_attrs is available
configure:59845: result: no
configure:59862: checking whether bio_set_dev() is available
configure:59871: result: yes
configure:59877: checking whether bio_set_dev() is GPL-only
configure:59891: result: yes
configure:59909: checking whether bio_set_dev() is a macro
configure:59926: result: no
configure:59959: checking whether bio_end_io_t wants 1 arg
configure:59968: result: yes
configure:59992: checking whether bio->bi_status exists
configure:60001: result: yes
configure:60025: checking whether bio has bi_iter
configure:60034: result: yes
configure:60058: checking whether submit_bio() wants 1 arg
configure:60067: result: yes
configure:60091: checking whether current->bio_list exists
configure:60100: result: yes
configure:60130: checking whether blkg_tryget() is available
configure:60179: result: no
configure:60195: checking whether bio->bi_bdev->bd_disk exists
configure:60204: result: yes
configure:60228: checking whether block_device_operations->submit_bio() returns void
configure:60237: result: yes
configure:60261: checking whether linux/blk-cgroup.h exists
configure:60270: result: yes
configure:60294: checking whether bio_alloc() wants 4 args
configure:60303: result: yes
configure:60329: checking whether blkdev_get_by_path() exists and takes 3 args
configure:60343: result: no
configure:60345: checking whether blkdev_get_by_path() exists and takes 4 args
configure:60357: result: yes
configure:60399: checking whether blkdev_put() exists
configure:60413: checking whether blkdev_put() accepts void* as arg 2
configure:60422: result: yes
configure:60467: checking whether blkdev_reread_part() exists
configure:60484: result: no
configure:60500: checking whether invalidate_bdev() exists
configure:60509: result: yes
configure:60539: checking whether lookup_bdev() wants dev_t arg
configure:61084: result: yes
configure:61109: checking whether bdev_logical_block_size() is available
configure:61118: result: yes
configure:61148: checking whether bdev_physical_block_size() is available
configure:61157: result: yes
configure:61187: checking whether check_disk_change() exists
configure:61204: result: no
configure:61220: checking whether bdev_check_media_change() exists
configure:61237: result: no
configure:61253: checking whether bdev_whole() is available
configure:61262: result: yes
configure:61286: checking whether bdevname() exists
configure:61303: result: no
configure:61319: checking whether blkdev_get_by_path() handles ERESTARTSYS
configure:61340: result: no
configure:61348: checking whether blkdev_issue_secure_erase() is available
configure:61357: result: yes
configure:61422: checking whether bdev_kobj() exists
configure:61431: result: yes
configure:61455: checking whether part_to_dev() exists
configure:61472: result: no
configure:61488: checking whether disk_check_media_change() exists
configure:61497: result: yes
configure:61521: checking whether BLK_STS_RESV_CONFLICT is defined
configure:61533: result: yes
configure:61554: checking whether blk_mode_t is defined
configure:61563: result: yes
configure:61589: checking whether struct blk_plug is available
configure:61598: result: yes
configure:61628: checking whether blk_queue bdi is dynamic
configure:61645: result: no
configure:61661: checking whether blk_queue_update_readahead() exists
configure:61678: result: no
configure:61681: checking whether disk_update_readahead() exists
configure:61690: result: yes
configure:61726: checking whether bdev_max_discard_sectors() is available
configure:61735: result: yes
configure:61800: checking whether bdev_max_secure_erase_sectors() is available
configure:61809: result: yes
configure:61906: checking whether blk_queue_flag_set() exists
configure:61915: result: yes
configure:61939: checking whether blk_queue_flag_clear() exists
configure:61948: result: yes
configure:61972: checking whether blk_queue_flush() is available
configure:62021: result: no
configure:62036: checking whether blk_queue_write_cache() exists
configure:62045: result: yes
configure:62051: checking whether blk_queue_write_cache() is GPL-only
configure:62065: result: yes
configure:62101: checking whether blk_queue_max_hw_sectors() is available
configure:62110: result: yes
configure:62140: checking whether blk_queue_max_segments() is available
configure:62149: result: yes
configure:62179: checking whether block multiqueue with blk_status_t is available
configure:62188: result: yes
configure:62214: checking whether GENHD_FL_EXT_DEVT flag is available
configure:62231: result: no
configure:62249: checking whether GENHD_FL_NO_PART flag is available
configure:62258: result: yes
configure:62324: checking whether revalidate_disk_size() is available
configure:62331: result: no
configure:62334: checking whether revalidate_disk() is available
configure:62341: result: no
configure:62538: checking whether get_disk_ro() is available
configure:62547: result: yes
configure:62577: checking whether generic_readlink is global
configure:62594: result: no
configure:62610: checking whether ql->discard_granularity is available
configure:62619: result: yes
configure:62649: checking whether inode_owner_or_capable() exists
configure:62666: result: no
configure:62669: checking whether inode_owner_or_capable() takes user_ns
configure:62686: result: no
configure:62688: checking whether inode_owner_or_capable() takes mnt_idmap
configure:62697: result: yes
configure:62755: checking whether super_block uses const struct xattr_handler
configure:62764: result: yes
configure:62794: checking whether xattr_handler has name
configure:62803: result: yes
configure:62827: checking whether xattr_handler->get() wants dentry and inode
configure:62836: result: yes
configure:62962: checking whether xattr_handler->set() wants dentry, inode, and mnt_idmap
configure:62971: result: yes
configure:63126: checking whether xattr_handler->list() wants simple
configure:63135: result: yes
configure:63230: checking whether posix_acl_from_xattr() needs user_ns
configure:63239: result: yes
configure:63272: checking whether generic_setxattr() exists
configure:63289: result: no
configure:63307: checking whether posix_acl_release() is available
configure:63316: result: yes
configure:63322: checking whether posix_acl_release() is GPL-only
configure:63336: result: yes
configure:63372: checking whether set_cached_acl() is usable
configure:63381: result: yes
configure:63405: checking whether __posix_acl_chmod exists
configure:63414: result: yes
configure:63479: checking whether posix_acl_equiv_mode() wants umode_t
configure:63488: result: yes
configure:63518: checking whether posix_acl_valid() wants user namespace
configure:63527: result: yes
configure:63551: checking whether iops->get_acl() exists
configure:63590: result: yes
configure:63647: checking whether iops->set_acl() exists
configure:63674: result: yes
configure:63812: checking whether uncached_acl_sentinel() exists
configure:63821: result: yes
configure:63845: checking whether posix_acl has refcount_t
configure:63854: result: yes
configure:63879: checking whether iops->setattr() takes mnt_idmap
configure:63888: result: yes
configure:63975: checking whether iops->getattr() takes mnt_idmap
configure:63984: result: yes
configure:64103: checking whether inode_set_flags() exists
configure:64112: result: yes
configure:64136: checking whether inode_set_iversion() exists
configure:64145: result: yes
configure:64169: checking whether sops->show_options() wants dentry
configure:64178: result: yes
configure:64208: checking whether file_inode() is available
configure:64217: result: yes
configure:64241: checking whether file_dentry() is available
configure:64250: result: yes
configure:64274: checking whether fops->fsync() wants no dentry
configure:64291: result: no
configure:64294: checking whether fops->fsync() wants range
configure:64303: result: range
configure:64348: checking whether fops->aio_fsync() exists
configure:64365: result: no
configure:64381: checking whether sops->evict_inode() exists
configure:64390: result: yes
configure:64423: checking whether sops->dirty_inode() wants flags
configure:64432: result: yes
configure:64457: checking whether super_block has s_shrink
configure:64466: result: yes
configure:64496: checking whether shrink_control has nid
configure:64505: result: yes
configure:64529: checking whether new var-arg register_shrinker() exists
configure:64538: result: yes
configure:64638: checking whether struct shrink_control exists
configure:64647: result: yes
configure:64681: checking whether iops->mkdir() takes struct mnt_idmap*
configure:64690: result: yes
configure:64784: checking whether iops->lookup() passes flags
configure:64793: result: yes
configure:64823: checking whether iops->create() takes struct mnt_idmap*
configure:64832: result: yes
configure:64926: checking whether iops->permission() takes struct mnt_idmap*
configure:64935: result: yes
configure:64988: checking whether iops->get_link() passes delayed
configure:64997: result: yes
configure:65225: checking whether i_op->tmpfile() exists
configure:65234: result: yes
configure:65396: checking whether dops->d_automount() exists
configure:65405: result: yes
configure:65435: checking whether eops->encode_fh() wants inode
configure:65444: result: yes
configure:65468: checking whether eops->commit_metadata() exists
configure:65477: result: yes
configure:65507: checking whether clear_inode() is available
configure:65554: result: yes
configure:65579: checking whether setattr_prepare() is available and accepts struct mnt_idmap*
configure:66046: result: yes
configure:66071: checking whether insert_inode_locked() is available
configure:66133: result: yes
configure:66153: checking whether d_make_root() is available
configure:66200: result: yes
configure:66225: checking whether d_obtain_alias() is available
configure:66287: result: yes
configure:66306: checking whether d_prune_aliases() is available
configure:66371: result: yes
configure:66396: checking whether d_set_d_op() is available
configure:66458: result: yes
configure:66477: checking whether dops->d_revalidate() takes struct nameidata
configure:66494: result: no
configure:66510: checking whether dentry uses const struct dentry_operations
configure:66519: result: yes
configure:66552: checking whether super_block has s_d_op
configure:66561: result: yes
configure:66592: checking whether dentry aliases are in d_u member
configure:66601: result: yes
configure:66625: checking whether truncate_setsize() is available
configure:66687: result: yes
configure:66707: checking whether security_inode_init_security wants callback
configure:66716: result: yes
configure:66747: checking whether fst->mount() exists
configure:66756: result: yes
configure:66786: checking whether super_setup_bdi_name() exists
configure:67331: result: yes
configure:67356: checking whether set_nlink() is available
configure:67365: result: yes
configure:67395: checking whether sget() wants 5 args
configure:67404: result: yes
configure:67434: checking whether lseek_execute() is available
configure:67441: result: no
configure:67506: checking whether filemap_dirty_folio exists
configure:67515: result: yes
configure:67539: checking whether read_folio exists
configure:67548: result: yes
configure:67573: checking whether vfs_getattr() wants 4 args
configure:67582: result: yes
configure:67606: checking whether vfs_getattr() wants 2 args
configure:67623: result: no
configure:67639: checking whether vfs_getattr() wants 3 args
configure:67656: result: no
configure:67673: checking whether vfs_fsync() wants 2 args
configure:67682: result: yes
configure:67712: checking whether fops->iterate_shared() is available
configure:67721: result: yes
configure:67818: checking whether aops->direct_IO() uses iov_iter
configure:67827: result: yes
configure:67959: checking whether aops->readpages exists
configure:67976: result: no
configure:67992: checking whether __set_page_dirty_nobuffers exists
configure:68009: result: no
configure:68025: checking whether fops->read/write_iter() are available
configure:68034: result: yes
configure:68040: checking whether new_sync_read/write() are available
configure:68057: result: no
configure:68090: checking whether generic_write_checks() takes kiocb
configure:68099: result: yes
configure:68125: checking whether iov_iter types are available
configure:68134: result: yes
configure:68158: checking whether iov_iter_advance() is available
configure:68167: result: yes
configure:68191: checking whether iov_iter_revert() is available
configure:68200: result: yes
configure:68224: checking whether iov_iter_fault_in_readable() is available
configure:68241: result: no
configure:68244: checking whether fault_in_iov_iter_readable() is available
configure:68253: result: yes
configure:68289: checking whether iov_iter_count() is available
configure:68298: result: yes
configure:68322: checking whether copy_to_iter() is available
configure:68331: result: yes
configure:68355: checking whether copy_from_iter() is available
configure:68364: result: yes
configure:68388: checking whether iov_iter_type() is available
configure:68397: result: yes
configure:68429: checking whether iter_iov() is available
configure:68438: result: yes
configure:68462: checking whether fops->copy_file_range() is available
configure:68471: result: yes
configure:68495: checking whether generic_copy_file_range() is available
configure:68542: result: yes
configure:68567: checking whether fops->remap_file_range() is available
configure:68576: result: yes
configure:68600: checking whether fops->clone_file_range() is available
configure:68617: result: no
configure:68633: checking whether fops->dedupe_file_range() is available
configure:68650: result: no
configure:68666: checking whether file_operations_extend takes .copy_file_range() and .clone_file_range()
configure:68685: result: no
configure:68701: checking whether kmap_atomic wants 1 args
configure:68710: result: yes
configure:68740: checking whether follow_down_one() is available
configure:68749: result: yes
configure:68779: checking whether submit_bio is member of struct block_device_operations
configure:68788: result: yes
configure:68795: checking whether blk_alloc_disk() exists
configure:68804: result: yes
configure:68810: checking whether blk_cleanup_disk() exists
configure:68827: result: no
configure:69039: checking whether 6.3+ bdev_*_io_acct() are available
configure:69048: result: yes
configure:69380: checking whether kernel fpu is available
configure:69405: result: internal
configure:69497: checking whether kernel defines fmode_t
configure:69506: result: yes
configure:69536: checking whether kuid_t/kgid_t is available
configure:69545: result: yes
configure:69575: checking whether i_(uid|gid)_(read|write) exist
configure:69584: result: yes
configure:69614: checking whether iops->rename() takes struct mnt_idmap*
configure:69623: result: yes
configure:69772: checking whether current_time() exists
configure:69819: result: yes
configure:69845: checking whether ns_capable exists
configure:69854: result: yes
configure:69884: checking whether has_capability() is available
configure:69931: result: yes
configure:69956: checking whether cred_t->user_ns exists
configure:69965: result: yes
configure:69995: checking whether kuid_has_mapping/kgid_has_mapping exist
configure:70004: result: yes
configure:70035: checking whether in_compat_syscall() is available
configure:70044: result: yes
configure:70069: checking whether ktime_get_coarse_real_ts64() exists
configure:70078: result: yes
configure:70102: checking whether ktime_get_raw_ts64() exists
configure:70111: result: yes
configure:70136: checking whether totalram_pages() exists
configure:70145: result: yes
configure:70169: checking whether totalhigh_pages() exists
configure:70178: result: yes
configure:70202: checking whether kstrtoul() exists
configure:70211: result: yes
configure:70245: checking whether percpu_counter_init() wants gfp_t
configure:70254: result: yes
configure:70278: checking whether percpu_counter_add_batch() is defined
configure:70287: result: yes
configure:70311: checking whether is inside percpu_ref.data
configure:70320: result: yes
configure:70345: checking whether CPU hotplug APIs exist
configure:70354: result: yes
configure:70378: checking whether generic_fillattr requires struct mnt_idmap* and request_mask
configure:70387: result: yes
configure:70469: checking whether iops->mknod() takes struct mnt_idmap*
configure:70478: result: yes
configure:70533: checking whether iops->symlink() takes struct mnt_idmap*
configure:70542: result: yes
configure:70595: checking whether bio_max_segs() exists
configure:70604: result: yes
configure:70629: checking whether signal_stop() exists
configure:70638: result: yes
configure:70662: checking whether kernel_siginfo_t tyepedef exists
configure:70671: result: yes
configure:70696: checking whether struct kobj_type.default_groups exists
configure:70705: result: yes
configure:70730: checking whether set_special_state() exists
configure:70739: result: yes
configure:70763: checking whether standalone <linux/stdarg.h> exists
configure:70772: result: yes
configure:70796: checking whether folio_wait_bit() exists
configure:70805: result: yes
configure:70829: checking whether add_disk() returns int
configure:70838: result: yes
configure:70863: checking whether kthread_complete_and_exit() is available
configure:70872: result: yes
configure:70899: checking whether dequeue_signal() takes 4 arguments
configure:70908: result: yes
configure:70933: checking whether ZERO_PAGE() is GPL-only
configure:70942: result: no
configure:70966: checking whether __copy_from_user_inatomic is available
configure:70975: result: yes
configure:71001: checking whether user_namespace->ns.inum exists
configure:71010: result: yes
configure:71034: checking whether APIs for idmapped mount are present
configure:71043: result: yes
configure:71067: checking whether iattr->ia_vfsuid and iattr->ia_vfsgid exist
configure:71076: result: yes
configure:71100: checking whether filemap_range_has_page() is available
configure:71117: result: no
configure:71133: checking whether int (*writepage_t)() takes struct folio*
configure:71142: result: yes
configure:71166: checking whether struct reclaim_state has reclaimed field
configure:71175: result: yes
configure:71199: checking whether register_sysctl_table exists
configure:71216: result: no
configure:71232: checking whether copy_splice_read() exists
configure:71241: result: yes
configure:71265: checking whether fsync_bdev() exists
configure:71282: checking whether sync_blockdev() exists
configure:71291: result: yes
configure:132142: checking os distribution
configure:132193: result: ubuntu
configure:132197: checking default package type
configure:132215: result: deb
configure:132219: checking default init directory
configure:132225: result: ${prefix}/etc/init.d
configure:132229: checking default shell
configure:132237: result: /bin/sh
configure:132241: checking default nfs server init script
configure:132250: result: nfs
configure:132254: checking default init config directory
configure:132269: result: /etc/default
configure:132273: checking whether initramfs-tools is available
configure:132277: result: yes
configure:132286: checking default bash completion directory
configure:132295: result: /usr/share/bash-completion/completions
configure:132307: checking whether rpm is available
configure:132320: result: no
configure:132325: checking whether rpmbuild is available
configure:132338: result: no
configure:132426: checking whether spec files are available
configure:132428: result: yes (rpm/generic/*.spec.in)
configure:132453: checking whether dpkg is available
configure:132460: result: yes (1.22.6)
configure:132471: checking whether dpkg-buildpackage is available
configure:132479: result: yes (1.22.6.)
configure:132503: checking whether alien is available
configure:132519: result: no
configure:132535: checking whether assertion support will be enabled
configure:132628: result: no
configure:132632: checking whether debuginfo support will be forced
configure:132667: result: no
configure:132671: checking whether basic kmem accounting is enabled
configure:132697: result: no
configure:132701: checking whether detailed kmem tracking is enabled
configure:132727: result: no
configure:132731: checking whether FreeBSD kernel INVARIANTS checks are enabled
configure:132763: result: no
configure:132876: checking that generated files are newer than configure
configure:132882: result: done
configure:133009: creating ./config.status

## ---------------------- ##
## Running config.status. ##
## ---------------------- ##

This file was extended by zfs config.status 2.2.2, which was
generated by GNU Autoconf 2.71.  Invocation command line was

  CONFIG_FILES    = 
  CONFIG_HEADERS  = 
  CONFIG_LINKS    = 
  CONFIG_COMMANDS = 
  $ ./config.status 

on anvilosalpha

config.status:1677: creating contrib/debian/rules
config.status:1677: creating contrib/debian/changelog
config.status:1677: creating Makefile
config.status:1677: creating include/Makefile
config.status:1677: creating lib/libzfs/libzfs.pc
config.status:1677: creating lib/libzfs_core/libzfs_core.pc
config.status:1677: creating lib/libzfsbootenv/libzfsbootenv.pc
config.status:1677: creating module/Kbuild
config.status:1677: creating module/Makefile
config.status:1677: creating rpm/generic/zfs-dkms.spec
config.status:1677: creating rpm/generic/zfs-kmod.spec
config.status:1677: creating rpm/generic/zfs.spec
config.status:1677: creating rpm/redhat/zfs-dkms.spec
config.status:1677: creating rpm/redhat/zfs-kmod.spec
config.status:1677: creating rpm/redhat/zfs.spec
config.status:1677: creating tests/zfs-tests/tests/Makefile
config.status:1677: creating zfs.release
config.status:1677: creating zfs_config.h
config.status:1906: executing depfiles commands
config.status:1985: cd .       && sed -e '/# am--include-marker/d' Makefile         | make -f - am--depfiles
make: Nothing to be done for 'am--depfiles'.
config.status:1990: $? = 0
config.status:1906: executing libtool commands
config.status:1906: executing po-directories commands

## ---------------- ##
## Cache variables. ##
## ---------------- ##

ac_cv_build=x86_64-pc-linux-gnu
ac_cv_c_compiler_gnu=yes
ac_cv_env_AIO_H_CFLAGS_set=
ac_cv_env_AIO_H_CFLAGS_value=
ac_cv_env_AIO_H_LIBS_set=
ac_cv_env_AIO_H_LIBS_value=
ac_cv_env_CCASFLAGS_set=
ac_cv_env_CCASFLAGS_value=
ac_cv_env_CCAS_set=
ac_cv_env_CCAS_value=
ac_cv_env_CC_set=
ac_cv_env_CC_value=
ac_cv_env_CFLAGS_set=
ac_cv_env_CFLAGS_value=
ac_cv_env_CPPFLAGS_set=
ac_cv_env_CPPFLAGS_value=
ac_cv_env_KERNEL_CC_set=
ac_cv_env_KERNEL_CC_value=
ac_cv_env_KERNEL_LD_set=
ac_cv_env_KERNEL_LD_value=
ac_cv_env_KERNEL_LLVM_set=
ac_cv_env_KERNEL_LLVM_value=
ac_cv_env_LDFLAGS_set=
ac_cv_env_LDFLAGS_value=
ac_cv_env_LIBAIO_CFLAGS_set=
ac_cv_env_LIBAIO_CFLAGS_value=
ac_cv_env_LIBAIO_LIBS_set=
ac_cv_env_LIBAIO_LIBS_value=
ac_cv_env_LIBBLKID_CFLAGS_set=
ac_cv_env_LIBBLKID_CFLAGS_value=
ac_cv_env_LIBBLKID_LIBS_set=
ac_cv_env_LIBBLKID_LIBS_value=
ac_cv_env_LIBCRYPTO_CFLAGS_set=
ac_cv_env_LIBCRYPTO_CFLAGS_value=
ac_cv_env_LIBCRYPTO_LIBS_set=
ac_cv_env_LIBCRYPTO_LIBS_value=
ac_cv_env_LIBS_set=
ac_cv_env_LIBS_value=
ac_cv_env_LIBTIRPC_CFLAGS_set=
ac_cv_env_LIBTIRPC_CFLAGS_value=
ac_cv_env_LIBTIRPC_LIBS_set=
ac_cv_env_LIBTIRPC_LIBS_value=
ac_cv_env_LIBUDEV_CFLAGS_set=
ac_cv_env_LIBUDEV_CFLAGS_value=
ac_cv_env_LIBUDEV_LIBS_set=
ac_cv_env_LIBUDEV_LIBS_value=
ac_cv_env_LIBUUID_CFLAGS_set=
ac_cv_env_LIBUUID_CFLAGS_value=
ac_cv_env_LIBUUID_LIBS_set=
ac_cv_env_LIBUUID_LIBS_value=
ac_cv_env_LT_SYS_LIBRARY_PATH_set=
ac_cv_env_LT_SYS_LIBRARY_PATH_value=
ac_cv_env_PKG_CONFIG_LIBDIR_set=
ac_cv_env_PKG_CONFIG_LIBDIR_value=
ac_cv_env_PKG_CONFIG_PATH_set=
ac_cv_env_PKG_CONFIG_PATH_value=
ac_cv_env_PKG_CONFIG_set=
ac_cv_env_PKG_CONFIG_value=
ac_cv_env_PYTHON_VERSION_set=
ac_cv_env_PYTHON_VERSION_value=
ac_cv_env_PYTHON_set=
ac_cv_env_PYTHON_value=
ac_cv_env_TEST_JOBS_set=
ac_cv_env_TEST_JOBS_value=
ac_cv_env_ZLIB_CFLAGS_set=
ac_cv_env_ZLIB_CFLAGS_value=
ac_cv_env_ZLIB_LIBS_set=
ac_cv_env_ZLIB_LIBS_value=
ac_cv_env_build_alias_set=
ac_cv_env_build_alias_value=
ac_cv_env_host_alias_set=
ac_cv_env_host_alias_value=
ac_cv_env_target_alias_set=
ac_cv_env_target_alias_value=
ac_cv_header_dlfcn_h=yes
ac_cv_header_inttypes_h=yes
ac_cv_header_stdint_h=yes
ac_cv_header_stdio_h=yes
ac_cv_header_stdlib_h=yes
ac_cv_header_string_h=yes
ac_cv_header_strings_h=yes
ac_cv_header_sys_stat_h=yes
ac_cv_header_sys_types_h=yes
ac_cv_header_unistd_h=yes
ac_cv_host=x86_64-pc-linux-gnu
ac_cv_inplace=--in-place
ac_cv_objext=o
ac_cv_path_EGREP='/usr/bin/grep -E'
ac_cv_path_FGREP='/usr/bin/grep -F'
ac_cv_path_GMSGFMT=:
ac_cv_path_GREP=/usr/bin/grep
ac_cv_path_MSGFMT=:
ac_cv_path_MSGMERGE=:
ac_cv_path_SED=/usr/bin/sed
ac_cv_path_XGETTEXT=:
ac_cv_path_install='/usr/bin/install -c'
ac_cv_path_lt_DD=/usr/bin/dd
ac_cv_path_mkdir=/usr/bin/mkdir
ac_cv_prog_AWK=gawk
ac_cv_prog_PYTHON=python3
ac_cv_prog_ac_ct_AR=ar
ac_cv_prog_ac_ct_CC=gcc
ac_cv_prog_ac_ct_MANIFEST_TOOL=mt
ac_cv_prog_ac_ct_OBJDUMP=objdump
ac_cv_prog_ac_ct_RANLIB=ranlib
ac_cv_prog_ac_ct_STRIP=strip
ac_cv_prog_cc_c11=
ac_cv_prog_cc_g=yes
ac_cv_prog_cc_stdc=
ac_cv_prog_make_make_set=yes
ac_cv_target=x86_64-pc-linux-gnu
acl_cv_hardcode_direct=no
acl_cv_hardcode_libdir_flag_spec='${wl}-rpath ${wl}$libdir'
acl_cv_hardcode_libdir_separator=
acl_cv_hardcode_minus_L=no
acl_cv_libdirstems=lib,lib
acl_cv_libext=a
acl_cv_libname_spec='lib$name'
acl_cv_library_names_spec='$libname$shrext'
acl_cv_prog_gnu_ld=yes
acl_cv_rpath=done
acl_cv_shlibext=so
acl_cv_wl=-Wl,
am_cv_CCAS_dependencies_compiler_type=gcc3
am_cv_CC_dependencies_compiler_type=gcc3
am_cv_make_support_nested_variables=yes
am_cv_prog_cc_c_o=yes
am_cv_prog_tar_pax=gnutar
am_cv_python_platform=linux
am_cv_python_pyexecdir='${PYTHON_EXEC_PREFIX}/local/lib/python3.12/dist-packages'
am_cv_python_pythondir='${PYTHON_PREFIX}/local/lib/python3.12/dist-packages'
am_cv_python_version=3.12
gl_cv_host_cpu_c_abi_32bit=no
lt_cv_ar_at_file=@
lt_cv_archive_cmds_need_lc=no
lt_cv_deplibs_check_method=pass_all
lt_cv_file_magic_cmd='$MAGIC_CMD'
lt_cv_file_magic_test_file=
lt_cv_ld_reload_flag=-r
lt_cv_nm_interface='BSD nm'
lt_cv_objdir=.libs
lt_cv_path_LD=/usr/bin/ld
lt_cv_path_NM='/usr/bin/nm -B'
lt_cv_path_mainfest_tool=no
lt_cv_prog_compiler_c_o=yes
lt_cv_prog_compiler_pic='-fPIC -DPIC'
lt_cv_prog_compiler_pic_works=yes
lt_cv_prog_compiler_rtti_exceptions=no
lt_cv_prog_compiler_static_works=yes
lt_cv_prog_gnu_ld=yes
lt_cv_sharedlib_from_linklib_cmd='printf %s\n'
lt_cv_shlibpath_overrides_runpath=yes
lt_cv_sys_global_symbol_pipe='/usr/bin/sed -n -e '\''s/^.*[	 ]\([ABCDGIRSTW][ABCDGIRSTW]*\)[	 ][	 ]*\([_A-Za-z][_A-Za-z0-9]*\)$/\1 \2 \2/p'\'' | /usr/bin/sed '\''/ __gnu_lto/d'\'''
lt_cv_sys_global_symbol_to_c_name_address='/usr/bin/sed -n -e '\''s/^: \(.*\) .*$/  {"\1", (void *) 0},/p'\'' -e '\''s/^[ABCDGIRSTW][ABCDGIRSTW]* .* \(.*\)$/  {"\1", (void *) \&\1},/p'\'''
lt_cv_sys_global_symbol_to_c_name_address_lib_prefix='/usr/bin/sed -n -e '\''s/^: \(.*\) .*$/  {"\1", (void *) 0},/p'\'' -e '\''s/^[ABCDGIRSTW][ABCDGIRSTW]* .* \(lib.*\)$/  {"\1", (void *) \&\1},/p'\'' -e '\''s/^[ABCDGIRSTW][ABCDGIRSTW]* .* \(.*\)$/  {"lib\1", (void *) \&\1},/p'\'''
lt_cv_sys_global_symbol_to_cdecl='/usr/bin/sed -n -e '\''s/^T .* \(.*\)$/extern int \1();/p'\'' -e '\''s/^[ABCDGIRSTW][ABCDGIRSTW]* .* \(.*\)$/extern char \1;/p'\'''
lt_cv_sys_global_symbol_to_import=
lt_cv_sys_max_cmd_len=1572864
lt_cv_to_host_file_cmd=func_convert_file_noop
lt_cv_to_tool_file_cmd=func_convert_file_noop
lt_cv_truncate_bin='/usr/bin/dd bs=4096 count=1'

## ----------------- ##
## Output variables. ##
## ----------------- ##















	@echo "Need to reconfigure with --enable-code-coverage"
	@echo "Need to reconfigure with --enable-code-coverage"
 $(CODE_COVERAGE_IGNORE_PATTERN);
 $(CODE_COVERAGE_OUTPUT_FILE);
#
#
#    $(PACKAGE_NAME)-$(PACKAGE_VERSION)-coverage)
#    $(PACKAGE_NAME)-$(PACKAGE_VERSION)-coverage.info)
#    (Default: $(top_builddir))
#    (Default: empty)
#    Multiple directories may be specified, separated by whitespace.
#    by lcov for code coverage. (Default:
#    collecting lcov instance. (Default: $CODE_COVERAGE_LCOV_OPTIONS_GCOVPATH)
#    genhtml instance. (Default: based on $CODE_COVERAGE_BRANCH_COVERAGE)
#    instance. (Default: $CODE_COVERAGE_GENHTML_OPTIONS_DEFAULT)
#    instance. (Default: $CODE_COVERAGE_LCOV_OPTIONS_DEFAULT)
#    instance. (Default: $CODE_COVERAGE_LCOV_RMOPTS_DEFAULT)
#    instances. (Default: $CODE_COVERAGE_LCOV_SHOPTS_DEFAULT)
#    instances. (Default: based on $CODE_COVERAGE_BRANCH_COVERAGE)
#    lcov instance. (Default: empty)
#    reports to be created. (Default:
#    set to 0 to disable it and leave empty to stay with the default.
#  - CODE_COVERAGE_BRANCH_COVERAGE: Set to 1 to enforce branch coverage,
#  - CODE_COVERAGE_DIRECTORY: Top-level directory for code coverage reporting.
#  - CODE_COVERAGE_GENHTML_OPTIONS: Extra options to pass to the genhtml
#  - CODE_COVERAGE_GENHTML_OPTIONS_DEFAULT: Extra options to pass to the
#  - CODE_COVERAGE_IGNORE_PATTERN: Extra glob pattern of files to ignore
#  - CODE_COVERAGE_LCOV_OPTIONS: Extra options to pass to the collecting lcov
#  - CODE_COVERAGE_LCOV_OPTIONS_DEFAULT: Extra options to pass to the
#  - CODE_COVERAGE_LCOV_OPTIONS_GCOVPATH: --gcov-tool pathtogcov
#  - CODE_COVERAGE_LCOV_RMOPTS: Extra options to pass to the filtering lcov
#  - CODE_COVERAGE_LCOV_RMOPTS_DEFAULT: Extra options to pass to the filtering
#  - CODE_COVERAGE_LCOV_SHOPTS: Extra options to shared between both lcov
#  - CODE_COVERAGE_LCOV_SHOPTS_DEFAULT: Extra options shared between both lcov
#  - CODE_COVERAGE_OUTPUT_DIRECTORY: Directory for generated code coverage
#  - CODE_COVERAGE_OUTPUT_FILE: Filename and path for the .info file generated
# $(PACKAGE_VERSION). In order to add the current git hash to the title,
# Add any folders you want to ignore here
# Capture code coverage data
# Code coverage
# Hook rule executed before code-coverage-capture, overridable by the user
# Ignore tmp and tests themselves
# Optional variables
# Optional:
# The generated report will be titled using the $(PACKAGE_NAME) and
# Use recursive makes in order to ignore errors during check
# sanitizes the test-name: replaces with underscores: dashes and dots
# use the git-version-gen script, available online.
$(if $(CODE_COVERAGE_BRANCH_COVERAGE),\
'
--rc genhtml_branch_coverage=$(CODE_COVERAGE_BRANCH_COVERAGE))
--rc lcov_branch_coverage=$(CODE_COVERAGE_BRANCH_COVERAGE))
.PHONY: check-code-coverage code-coverage-capture code-coverage-capture-hook code-coverage-clean
ACLOCAL='${SHELL} '\''/home/aimeat/anvilos/oss_sovereignty/zfs-2.2.2/config/missing'\'' aclocal-1.16'
AIO_H_CFLAGS=''
AIO_H_LIBS=''
AIO_H_PC=''
ALIEN='alien'
ALIEN_MAJOR=''
ALIEN_MINOR=''
ALIEN_POINT=''
ALIEN_VERSION=''
AMDEPBACKSLASH='\'
AMDEP_FALSE='#'
AMDEP_TRUE=''
AMTAR='$${TAR-tar}'
AM_BACKSLASH='\'
AM_DEFAULT_V='$(AM_DEFAULT_VERBOSITY)'
AM_DEFAULT_VERBOSITY='0'
AM_DISTCHECK_CONFIGURE_FLAGS += --disable-code-coverage
AM_DISTCHECK_CONFIGURE_FLAGS ?=
AM_V='$(V)'
AR='ar'
ASAN_CFLAGS=''
ASAN_ENABLED='no'
ASAN_ENABLED_FALSE=''
ASAN_ENABLED_TRUE='#'
ASAN_LDFLAGS=''
ASAN_ZFS='_without_asan'
AUTOCONF='${SHELL} '\''/home/aimeat/anvilos/oss_sovereignty/zfs-2.2.2/config/missing'\'' autoconf'
AUTOHEADER='${SHELL} '\''/home/aimeat/anvilos/oss_sovereignty/zfs-2.2.2/config/missing'\'' autoheader'
AUTOMAKE='${SHELL} '\''/home/aimeat/anvilos/oss_sovereignty/zfs-2.2.2/config/missing'\'' automake-1.16'
AWK='gawk'
BUILD_FREEBSD_FALSE=''
BUILD_FREEBSD_TRUE='#'
BUILD_LINUX_FALSE='#'
BUILD_LINUX_TRUE=''
CC='gcc'
CCAS='gcc'
CCASDEPMODE='depmode=gcc3'
CCASFLAGS='-g -O2'
CCDEPMODE='depmode=gcc3'
CFGOPTS='--with-linux=/home/aimeat/anvilos/oss_sovereignty/linux-6.6.14 --with-linux-obj=/home/aimeat/anvilos/oss_sovereignty/linux-6.6.14 --with-config=kernel'
CFLAGS='-g -O2'
CHECKBASHISMS=''
CODE_COVERAGE_BRANCH_COVERAGE ?=
CODE_COVERAGE_CFLAGS=''
CODE_COVERAGE_CPPFLAGS=''
CODE_COVERAGE_CXXFLAGS=''
CODE_COVERAGE_DIRECTORY ?= $(top_builddir)
CODE_COVERAGE_ENABLED='no'
CODE_COVERAGE_ENABLED_FALSE=''
CODE_COVERAGE_ENABLED_TRUE='#'
CODE_COVERAGE_GENHTML_OPTIONS ?= $(CODE_COVERAGE_GENHTML_OPTIONS_DEFAULT)
CODE_COVERAGE_GENHTML_OPTIONS_DEFAULT ?=\
CODE_COVERAGE_IGNORE_PATTERN += "*/module/zfs/lz4.c"
CODE_COVERAGE_IGNORE_PATTERN += "*/module/zstd/lib/*"
CODE_COVERAGE_IGNORE_PATTERN ?= "/tmp/*" "*/tests/*"
CODE_COVERAGE_LCOV_OPTIONS ?= $(CODE_COVERAGE_LCOV_OPTIONS_DEFAULT)
CODE_COVERAGE_LCOV_OPTIONS_DEFAULT ?= $(CODE_COVERAGE_LCOV_OPTIONS_GCOVPATH)
CODE_COVERAGE_LCOV_OPTIONS_GCOVPATH ?= --gcov-tool "$(GCOV)"
CODE_COVERAGE_LCOV_RMOPTS ?= $(CODE_COVERAGE_LCOV_RMOPTS_DEFAULT)
CODE_COVERAGE_LCOV_RMOPTS_DEFAULT ?=
CODE_COVERAGE_LCOV_SHOPTS ?= $(CODE_COVERAGE_LCOV_SHOPTS_DEFAULT)
CODE_COVERAGE_LCOV_SHOPTS_DEFAULT ?= $(if $(CODE_COVERAGE_BRANCH_COVERAGE),\
CODE_COVERAGE_LDFLAGS=''
CODE_COVERAGE_LIBS=''
CODE_COVERAGE_OUTPUT_DIRECTORY ?= $(PACKAGE_NAME)-$(PACKAGE_VERSION)-coverage
CODE_COVERAGE_OUTPUT_FILE ?= $(PACKAGE_NAME)-$(PACKAGE_VERSION)-coverage.info
CODE_COVERAGE_RULES='
CONFIG_KERNEL_FALSE='#'
CONFIG_KERNEL_TRUE=''
CONFIG_QAT_FALSE=''
CONFIG_QAT_TRUE='#'
CONFIG_USER_FALSE=''
CONFIG_USER_TRUE='#'
CPPCHECK='@printf "skipping cppcheck because cppcheck is not installed\n"'
CPPFLAGS=''
CPU_COUNT='8'
CSCOPE='cscope'
CTAGS='ctags'
CYGPATH_W='echo'
DEBUGINFO_ZFS='_without_debuginfo'
DEBUG_CFLAGS=''
DEBUG_CPPFLAGS='-UDEBUG -DNDEBUG'
DEBUG_KMEM_TRACKING_ZFS='_without_debug_kmem_tracking'
DEBUG_KMEM_ZFS='_without_debug_kmem'
DEBUG_LDFLAGS=''
DEBUG_ZFS='_without_debug'
DEFAULT_INIT_NFS_SERVER='nfs'
DEFAULT_INIT_SHELL='/bin/sh'
DEFAULT_PACKAGE='deb'
DEFINE_PAM=''
DEFINE_PYTHON_PKG_VERSION=''
DEFINE_PYTHON_VERSION=''
DEFINE_PYZFS=''
DEFINE_SYSTEMD=''
DEFS='-DHAVE_CONFIG_H'
DEPDIR='.deps'
DLLTOOL='false'
DPKG='dpkg'
DPKGBUILD='dpkg-buildpackage'
DPKGBUILD_VERSION='1.22.6.'
DPKG_VERSION='1.22.6'
DSYMUTIL=''
DUMPBIN=''
ECHO_C=''
ECHO_N='-n'
ECHO_T=''
EGREP='/usr/bin/grep -E'
ETAGS='etags'
EXEEXT=''
FGREP='/usr/bin/grep -F'
FILECMD=':'
FORMAT_OVERFLOW='-Wformat-overflow'
FRAME_LARGER_THAN='-Wframe-larger-than=4096'
GCOV=''
GENHTML=''
GETTEXT_MACRO_VERSION='0.20'
GITIGNOREFILES += $(CODE_COVERAGE_OUTPUT_FILE) $(CODE_COVERAGE_OUTPUT_DIRECTORY)
GITIGNOREFILES ?=
GMSGFMT=':'
GMSGFMT_015=':'
GREP='/usr/bin/grep'
HAVE_ALIEN='no'
HAVE_CHECKBASHISMS_FALSE=''
HAVE_CHECKBASHISMS_TRUE='#'
HAVE_DPKG='yes'
HAVE_DPKGBUILD='yes'
HAVE_PARALLEL_FALSE=''
HAVE_PARALLEL_TRUE='#'
HAVE_RPM='no'
HAVE_RPMBUILD='no'
HAVE_SHELLCHECK_FALSE=''
HAVE_SHELLCHECK_TRUE='#'
IMPLICIT_FALLTHROUGH='-Wimplicit-fallthrough'
INFINITE_RECURSION='-Winfinite-recursion'
INIT_SYSTEMD_FALSE=''
INIT_SYSTEMD_TRUE='#'
INIT_SYSV_FALSE=''
INIT_SYSV_TRUE='#'
INSTALL_DATA='${INSTALL} -m 644'
INSTALL_PROGRAM='${INSTALL}'
INSTALL_SCRIPT='${INSTALL}'
INSTALL_STRIP_PROGRAM='$(install_sh) -c -s'
INTLLIBS=''
INTL_MACOSX_LIBS=''
KERNEL_CC=''
KERNEL_DEBUG_CFLAGS=''
KERNEL_DEBUG_CPPFLAGS='-UDEBUG -DNDEBUG'
KERNEL_INFINITE_RECURSION='-Winfinite-recursion'
KERNEL_LD=''
KERNEL_LLVM=''
KERNEL_MAKE=''
KERNEL_NO_IPA_SRA='-fno-ipa-sra'
LCOV=''
LD='/usr/bin/ld'
LDFLAGS=''
LIBAIO_CFLAGS=''
LIBAIO_LIBS=''
LIBAIO_PC=''
LIBATOMIC_LIBS=''
LIBBLKID_CFLAGS=''
LIBBLKID_LIBS=''
LIBBLKID_PC=''
LIBCLOCK_GETTIME=''
LIBCRYPTO_CFLAGS=''
LIBCRYPTO_LIBS=''
LIBCRYPTO_PC=''
LIBFETCH_DYNAMIC=''
LIBFETCH_LIBS=''
LIBFETCH_SONAME=''
LIBICONV='-liconv'
LIBINTL=''
LIBOBJS=''
LIBS=''
LIBTIRPC_CFLAGS=''
LIBTIRPC_LIBS=''
LIBTIRPC_PC=''
LIBTOOL='$(SHELL) $(top_builddir)/libtool'
LIBUDEV_CFLAGS=''
LIBUDEV_LIBS=''
LIBUDEV_PC=''
LIBUUID_CFLAGS=''
LIBUUID_LIBS=''
LIBUUID_PC=''
LINUX='/home/aimeat/anvilos/oss_sovereignty/linux-6.6.14'
LINUX_OBJ='/home/aimeat/anvilos/oss_sovereignty/linux-6.6.14'
LINUX_SYMBOLS='Module.symvers'
LINUX_VERSION='6.6.14'
LIPO=''
LN_S='ln -s'
LTLIBICONV='-liconv'
LTLIBINTL=''
LTLIBOBJS=''
LT_SYS_LIBRARY_PATH=''
MAINT='#'
MAINTAINER_MODE_FALSE=''
MAINTAINER_MODE_TRUE='#'
MAKEINFO='${SHELL} '\''/home/aimeat/anvilos/oss_sovereignty/zfs-2.2.2/config/missing'\'' makeinfo'
MANIFEST_TOOL=':'
MKDIR_P='/usr/bin/mkdir -p'
MSGFMT=':'
MSGMERGE=':'
MSGMERGE_FOR_MSGFMT_OPTION='--no-location --quiet'
MULTIARCH_LIBDIR='lib/x86_64-linux-gnu'
NM='/usr/bin/nm -B'
NMEDIT=''
NO_CLOBBERED='-Wno-clobbered'
NO_FORMAT_TRUNCATION='-Wno-format-truncation'
NO_FORMAT_ZERO_LENGTH='-Wno-format-zero-length'
NO_IPA_SRA='-fno-ipa-sra'
NO_OMIT_FRAME_POINTER='-fno-omit-frame-pointer'
OBJDUMP='objdump'
OBJEXT='o'
OTOOL64=''
OTOOL=''
PACKAGE='zfs'
PACKAGE_BUGREPORT=''
PACKAGE_NAME='zfs'
PACKAGE_STRING='zfs 2.2.2'
PACKAGE_TARNAME='zfs'
PACKAGE_URL=''
PACKAGE_VERSION='2.2.2'
PAM_ZFS_ENABLED_FALSE=''
PAM_ZFS_ENABLED_TRUE='#'
PARALLEL=''
PATH_SEPARATOR=':'
PKG_CONFIG=''
PKG_CONFIG_LIBDIR=''
PKG_CONFIG_PATH=''
POSUB=''
PYTHON='python3'
PYTHON_CPPFLAGS=''
PYTHON_EXEC_PREFIX='${exec_prefix}'
PYTHON_EXTRA_LDFLAGS=''
PYTHON_EXTRA_LIBS=''
PYTHON_LIBS=''
PYTHON_PLATFORM='linux'
PYTHON_PREFIX='${prefix}'
PYTHON_SHEBANG='python3'
PYTHON_SITE_PKG=''
PYTHON_VERSION='3.12'
PYZFS_ENABLED='no'
PYZFS_ENABLED_FALSE=''
PYZFS_ENABLED_TRUE='#'
QAT_OBJ=''
QAT_SRC=''
QAT_SYMBOLS=''
RANLIB='ranlib'
RELEASE='1'
RM='rm -f'
RPM='rpm'
RPMBUILD='rpmbuild'
RPMBUILD_VERSION=''
RPM_DEFINE_COMMON='--define "$(DEBUG_ZFS) 1" --define "$(DEBUGINFO_ZFS) 1" --define "$(DEBUG_KMEM_ZFS) 1" --define "$(DEBUG_KMEM_TRACKING_ZFS) 1" --define "$(ASAN_ZFS) 1" --define "$(UBSAN_ZFS) 1"'
RPM_DEFINE_DKMS=''
RPM_DEFINE_INITRAMFS='--define "_initramfs 1"'
RPM_DEFINE_KMOD='--define "_wrong_version_format_terminate_build 0" --define "kernels $(LINUX_VERSION)" --define "ksrc $(LINUX)" --define "kobj $(LINUX_OBJ)" --define "kernel_cc KERNEL_CC=$(KERNEL_CC)" --define "kernel_ld KERNEL_LD=$(KERNEL_LD)" --define "kernel_llvm KERNEL_LLVM=$(KERNEL_LLVM)"'
RPM_DEFINE_UTIL=' --define "_initconfdir $(initconfdir)" --define "_bashcompletiondir $(bashcompletiondir)" $(DEFINE_SYSTEMD) $(DEFINE_PYZFS) $(DEFINE_PAM) $(DEFINE_PYTHON_VERSION) $(DEFINE_PYTHON_PKG_VERSION) --define "_lib $(MULTIARCH_LIBDIR)"'
RPM_SPEC_DIR='rpm/generic'
RPM_VERSION=''
SED='/usr/bin/sed'
SET_MAKE=''
SHELL='/bin/bash'
SHELLCHECK=''
SRPM_DEFINE_COMMON='--define "build_src_rpm 1"'
SRPM_DEFINE_DKMS=''
SRPM_DEFINE_KMOD=''
SRPM_DEFINE_UTIL=''
STRIP='strip'
TARGET_CPU_AARCH64_FALSE=''
TARGET_CPU_AARCH64_TRUE='#'
TARGET_CPU_ARM_FALSE=''
TARGET_CPU_ARM_TRUE='#'
TARGET_CPU_POWERPC_FALSE=''
TARGET_CPU_POWERPC_TRUE='#'
TARGET_CPU_SPARC64_FALSE=''
TARGET_CPU_SPARC64_TRUE='#'
TARGET_CPU_X86_64_FALSE='#'
TARGET_CPU_X86_64_TRUE=''
TEST_JOBS='8'
UBSAN_CFLAGS=''
UBSAN_ENABLED='no'
UBSAN_ENABLED_FALSE=''
UBSAN_ENABLED_TRUE='#'
UBSAN_LDFLAGS=''
UBSAN_ZFS='_without_ubsan'
USE_NLS='yes'
USING_PYTHON_FALSE='#'
USING_PYTHON_TRUE=''
VENDOR='ubuntu'
VERSION='2.2.2'
WANT_DEVNAME2DEVID_FALSE=''
WANT_DEVNAME2DEVID_TRUE='#'
WANT_MMAP_LIBAIO_FALSE=''
WANT_MMAP_LIBAIO_TRUE='#'
WANT_MODULES_LOAD_D_FALSE=''
WANT_MODULES_LOAD_D_TRUE='#'
WITH_DEBUG=''
WITH_INVARIANTS=''
XGETTEXT=':'
XGETTEXT_015=':'
XGETTEXT_EXTRA_OPTIONS=''
ZFS_CONFIG='kernel'
ZFS_META_ALIAS='zfs-2.2.2-1'
ZFS_META_AUTHOR='OpenZFS'
ZFS_META_DATA=''
ZFS_META_KVER_MAX='6.6'
ZFS_META_KVER_MIN='3.10'
ZFS_META_LICENSE='CDDL'
ZFS_META_LT_AGE=''
ZFS_META_LT_CURRENT=''
ZFS_META_LT_REVISION=''
ZFS_META_NAME='zfs'
ZFS_META_RELEASE='1'
ZFS_META_VERSION='2.2.2'
ZLIB_CFLAGS=''
ZLIB_LIBS=''
ZLIB_PC=''
ac_ct_AR='ar'
ac_ct_CC='gcc'
ac_ct_DUMPBIN=''
ac_inplace='--in-place'
ac_system='Linux'
ac_system_l='linux'
am__EXEEXT_FALSE=''
am__EXEEXT_TRUE='#'
am__fastdepCCAS_FALSE='#'
am__fastdepCCAS_TRUE=''
am__fastdepCC_FALSE='#'
am__fastdepCC_TRUE=''
am__include='include'
am__isrc=''
am__leading_dot='.'
am__nodep='_no'
am__quote=''
am__tar='tar --format=posix -chf - "$$tardir"'
am__untar='tar -xf -'
bashcompletiondir='/usr/share/bash-completion/completions'
bindir='${exec_prefix}/bin'
build='x86_64-pc-linux-gnu'
build_alias=''
build_cpu='x86_64'
build_os='linux-gnu'
build_vendor='pc'
check-code-coverage:
code-coverage-capture-hook:
code-coverage-capture: code-coverage-capture-hook
code_coverage_quiet = $(code_coverage_quiet_$(V))
code_coverage_quiet_ = $(code_coverage_quiet_$(AM_DEFAULT_VERBOSITY))
code_coverage_quiet_0 = --quiet
code_coverage_sanitize = $(subst -,_,$(subst .,_,$(1)))
code_coverage_v_genhtml = $(code_coverage_v_genhtml_$(V))
code_coverage_v_genhtml_ = $(code_coverage_v_genhtml_$(AM_DEFAULT_VERBOSITY))
code_coverage_v_genhtml_0 = @echo "  GEN   " $(CODE_COVERAGE_OUTPUT_DIRECTORY);
code_coverage_v_lcov_cap = $(code_coverage_v_lcov_cap_$(V))
code_coverage_v_lcov_cap_ = $(code_coverage_v_lcov_cap_$(AM_DEFAULT_VERBOSITY))
code_coverage_v_lcov_cap_0 = @echo "  LCOV   --capture"\
code_coverage_v_lcov_ign = $(code_coverage_v_lcov_ign_$(V))
code_coverage_v_lcov_ign_ = $(code_coverage_v_lcov_ign_$(AM_DEFAULT_VERBOSITY))
code_coverage_v_lcov_ign_0 = @echo "  LCOV   --remove /tmp/*"\
datadir='${datarootdir}'
datarootdir='${prefix}/share'
docdir='${datarootdir}/doc/${PACKAGE_TARNAME}'
dracutdir=''
dvidir='${docdir}'
exec_prefix='${prefix}'
host='x86_64-pc-linux-gnu'
host_alias=''
host_cpu='x86_64'
host_os='linux-gnu'
host_vendor='pc'
htmldir='${docdir}'
includedir='${prefix}/include'
infodir='${datarootdir}/info'
initconfdir='/etc/default'
initdir='${prefix}/etc/init.d'
install_sh='${SHELL} /home/aimeat/anvilos/oss_sovereignty/zfs-2.2.2/config/install-sh'
libdir='${exec_prefix}/lib'
libexecdir='${exec_prefix}/libexec'
localedir='${datarootdir}/locale'
localstatedir='${prefix}/var'
mandir='${datarootdir}/man'
mkdir_p='$(MKDIR_P)'
modulesloaddir=''
mounthelperdir=''
oldincludedir='/usr/include'
pamconfigsdir=''
pammoduledir=''
pdfdir='${docdir}'
pkgconfigdir=''
pkgpyexecdir='${pyexecdir}/zfs'
pkgpythondir='${pythondir}/zfs'
prefix='/usr/local'
program_transform_name='s,x,x,'
psdir='${docdir}'
pyexecdir='${PYTHON_EXEC_PREFIX}/local/lib/python3.12/dist-packages'
pythondir='${PYTHON_PREFIX}/local/lib/python3.12/dist-packages'
pythonsitedir=''
runstatedir='${localstatedir}/run'
sbindir='${exec_prefix}/sbin'
sharedstatedir='${prefix}/com'
sysconfdir='${prefix}/etc'
systemdgeneratordir=''
systemdpresetdir=''
systemdunitdir=''
target='x86_64-pc-linux-gnu'
target_alias=''
target_cpu='x86_64'
target_os='linux-gnu'
target_vendor='pc'
udevdir=''
udevruledir=''
zfsexecdir=''

## ----------- ##
## confdefs.h. ##
## ----------- ##

/* confdefs.h */
#define PACKAGE_NAME "zfs"
#define PACKAGE_TARNAME "zfs"
#define PACKAGE_VERSION "2.2.2"
#define PACKAGE_STRING "zfs 2.2.2"
#define PACKAGE_BUGREPORT ""
#define PACKAGE_URL ""
#define ZFS_META_NAME "zfs"
#define ZFS_META_VERSION "2.2.2"
#define SPL_META_VERSION ZFS_META_VERSION
#define ZFS_META_RELEASE "1"
#define SPL_META_RELEASE ZFS_META_RELEASE
#define ZFS_META_LICENSE "CDDL"
#define ZFS_META_ALIAS "zfs-2.2.2-1"
#define SPL_META_ALIAS ZFS_META_ALIAS
#define ZFS_META_AUTHOR "OpenZFS"
#define ZFS_META_KVER_MIN "3.10"
#define ZFS_META_KVER_MAX "6.6"
#define PACKAGE "zfs"
#define VERSION "2.2.2"
#define HAVE_STDIO_H 1
#define HAVE_STDLIB_H 1
#define HAVE_STRING_H 1
#define HAVE_INTTYPES_H 1
#define HAVE_STDINT_H 1
#define HAVE_STRINGS_H 1
#define HAVE_SYS_STAT_H 1
#define HAVE_SYS_TYPES_H 1
#define HAVE_UNISTD_H 1
#define STDC_HEADERS 1
#define HAVE_DLFCN_H 1
#define LT_OBJDIR ".libs/"
#define HAVE_INFINITE_RECURSION 1
#define HAVE_KERNEL_INFINITE_RECURSION 1
#define HAVE_IMPLICIT_FALLTHROUGH 1
#define HAVE_FORMAT_OVERFLOW 1
#define HAVE_SSE 1
#define HAVE_SSE2 1
#define HAVE_SSE3 1
#define HAVE_SSSE3 1
#define HAVE_SSE4_1 1
#define HAVE_SSE4_2 1
#define HAVE_AVX 1
#define HAVE_AVX2 1
#define HAVE_AVX512F 1
#define HAVE_AVX512CD 1
#define HAVE_AVX512DQ 1
#define HAVE_AVX512BW 1
#define HAVE_AVX512IFMA 1
#define HAVE_AVX512VBMI 1
#define HAVE_AVX512PF 1
#define HAVE_AVX512ER 1
#define HAVE_AVX512VL 1
#define HAVE_AES 1
#define HAVE_PCLMULQDQ 1
#define HAVE_MOVBE 1
#define HAVE_XSAVE 1
#define HAVE_XSAVEOPT 1
#define HAVE_XSAVES 1
#define SYSTEM_LINUX 1
#define HAVE_KERNEL_FPU_API_HEADER 1
#define HAVE_KERNEL_OBJTOOL_HEADER 1
#define HAVE_WAIT_QUEUE_ENTRY_T 1
#define ZFS_DEVICE_MINOR 249
#define ZFS_GLOBAL_NODE_PAGE_STATE 1
#define ZFS_GLOBAL_ZONE_PAGE_STATE 1
#define ZFS_ENUM_NODE_STAT_ITEM_NR_FILE_PAGES 1
#define ZFS_ENUM_NODE_STAT_ITEM_NR_INACTIVE_ANON 1
#define ZFS_ENUM_NODE_STAT_ITEM_NR_INACTIVE_FILE 1
#define HAVE_KERNEL_OBJTOOL 1
#define HAVE_STACK_FRAME_NON_STANDARD 1
#define SPL_PDE_DATA pde_data
#define HAVE_FALLOC_FL_ZERO_RANGE 1
#define HAVE_FILE_FADVISE 1
#define HAVE_GENERIC_FADVISE 1
#define HAVE_2ARGS_ZLIB_DEFLATE_WORKSPACESIZE 1
#define HAVE_RWSEM_ATOMIC_LONG_COUNT 1
#define HAVE_SCHED_SIGNAL_HEADER 1
#define HAVE_IO_SCHEDULE_TIMEOUT 1
#define HAVE_KMEM_CACHE_CREATE_USERCOPY 1
#define HAVE_KVMALLOC 1
#define HAVE_WAIT_QUEUE_HEAD_ENTRY 1
#define HAVE_INODE_TIMESTAMP_TRUNCATE 1
#define HAVE_INODE_TIMESPEC64_TIMES 1
#define HAVE_INODE_GET_CTIME 1
#define HAVE_INODE_SET_CTIME_TO_TS 1
#define HAVE_INODE_LOCK_SHARED 1
#define HAVE_GROUP_INFO_GID 1
#define HAVE_KERNEL_WRITE_PPOS 1
#define HAVE_KERNEL_READ_PPOS 1
#define HAVE_KERNEL_TIMER_SETUP 1
#define HAVE_KERNEL_TIMER_FUNCTION_TIMER_LIST 1
#define HAVE_KERNEL_TIMER_LIST_FLAGS 1
#define HAVE_SUPER_USER_NS 1
#define HAVE_PROC_OPS_STRUCT 1
#define HAVE_BLOCK_DEVICE_OPERATIONS_RELEASE_1ARG 1
#define HAVE_REQ_PREFLUSH 1
#define HAVE_REQ_OP_DISCARD 1
#define HAVE_REQ_OP_SECURE_ERASE 1
#define HAVE_REQ_OP_FLUSH 1
#define HAVE_BIO_BI_OPF 1
#define HAVE_BIO_SET_DEV 1
#define HAVE_BIO_SET_DEV_GPL_ONLY 1
#define HAVE_1ARG_BIO_END_IO_T 1
#define HAVE_BIO_BI_STATUS 1
#define HAVE_BIO_BVEC_ITER 1
#define HAVE_1ARG_SUBMIT_BIO 1
#define HAVE_BIO_BDEV_DISK 1
#define HAVE_BDEV_SUBMIT_BIO_RETURNS_VOID 1
#define HAVE_LINUX_BLK_CGROUP_HEADER 1
#define HAVE_BIO_ALLOC_4ARG 1
#define HAVE_BLKDEV_GET_BY_PATH_4ARG 1
#define HAVE_BLKDEV_PUT_HOLDER 1
#define HAVE_DEVT_LOOKUP_BDEV 1
#define HAVE_BDEV_WHOLE 1
#define HAVE_BLKDEV_ISSUE_SECURE_ERASE 1
#define HAVE_BDEV_KOBJ 1
#define HAVE_DISK_CHECK_MEDIA_CHANGE 1
#define HAVE_BLK_STS_RESV_CONFLICT 1
#define HAVE_BLK_MODE_T 1
#define HAVE_DISK_UPDATE_READAHEAD 1
#define HAVE_BDEV_MAX_DISCARD_SECTORS 1
#define HAVE_BDEV_MAX_SECURE_ERASE_SECTORS 1
#define HAVE_BLK_QUEUE_FLAG_SET 1
#define HAVE_BLK_QUEUE_FLAG_CLEAR 1
#define HAVE_BLK_QUEUE_WRITE_CACHE 1
#define HAVE_BLK_QUEUE_WRITE_CACHE_GPL_ONLY 1
#define HAVE_BLK_MQ 1
#define ZFS_GENHD_FL_EXT_DEVT 0
#define ZFS_GENHD_FL_NO_PART GENHD_FL_NO_PART
#define HAVE_INODE_OWNER_OR_CAPABLE_IDMAP 1
#define HAVE_XATTR_HANDLER_NAME 1
#define HAVE_XATTR_GET_DENTRY_INODE 1
#define HAVE_XATTR_SET_IDMAP 1
#define HAVE_XATTR_LIST_SIMPLE 1
#define HAVE_POSIX_ACL_FROM_XATTR_USERNS 1
#define HAVE_POSIX_ACL_RELEASE 1
#define HAVE_POSIX_ACL_RELEASE_GPL_ONLY 1
#define HAVE_SET_CACHED_ACL_USABLE 1
#define HAVE___POSIX_ACL_CHMOD 1
#define HAVE_POSIX_ACL_VALID_WITH_NS 1
#define HAVE_GET_INODE_ACL 1
#define HAVE_SET_ACL 1
#define HAVE_SET_ACL_IDMAP_DENTRY 1
#define HAVE_KERNEL_GET_ACL_HANDLE_CACHE 1
#define HAVE_ACL_REFCOUNT 1
#define HAVE_IDMAP_IOPS_SETATTR 1
#define HAVE_IDMAP_IOPS_GETATTR 1
#define HAVE_INODE_SET_FLAGS 1
#define HAVE_INODE_SET_IVERSION 1
#define HAVE_FILE_INODE 1
#define HAVE_FILE_DENTRY 1
#define HAVE_FSYNC_RANGE 1
#define HAVE_EVICT_INODE 1
#define HAVE_DIRTY_INODE_WITH_FLAGS 1
#define SHRINK_CONTROL_HAS_NID 1
#define HAVE_REGISTER_SHRINKER_VARARG 1
#define HAVE_SPLIT_SHRINKER_CALLBACK 1
#define HAVE_SHRINK_CONTROL_STRUCT 1
#define HAVE_IOPS_MKDIR_IDMAP 1
#define HAVE_IOPS_CREATE_IDMAP 1
#define HAVE_IOPS_PERMISSION_IDMAP 1
#define HAVE_GET_LINK_DELAYED 1
#define HAVE_PUT_LINK_DELAYED 1
#define HAVE_TMPFILE 1
#define HAVE_TMPFILE_IDMAP 1
#define HAVE_ENCODE_FH_WITH_INODE 1
#define HAVE_CLEAR_INODE 1
#define HAVE_SETATTR_PREPARE_IDMAP 1
#define HAVE_D_MAKE_ROOT 1
#define HAVE_D_PRUNE_ALIASES 1
#define HAVE_CONST_DENTRY_OPERATIONS 1
#define HAVE_DENTRY_D_U_ALIASES 1
#define HAVE_SUPER_SETUP_BDI_NAME 1
#define HAVE_VFS_FILEMAP_DIRTY_FOLIO 1
#define HAVE_VFS_READ_FOLIO 1
#define HAVE_4ARGS_VFS_GETATTR 1
#define HAVE_VFS_ITERATE_SHARED 1
#define HAVE_VFS_DIRECT_IO_ITER 1
#define HAVE_VFS_RW_ITERATE 1
#define HAVE_GENERIC_WRITE_CHECKS_KIOCB 1
#define HAVE_IOV_ITER_TYPES 1
#define HAVE_IOV_ITER_ADVANCE 1
#define HAVE_IOV_ITER_REVERT 1
#define HAVE_FAULT_IN_IOV_ITER_READABLE 1
#define HAVE_IOV_ITER_COUNT 1
#define HAVE_COPY_TO_ITER 1
#define HAVE_COPY_FROM_ITER 1
#define HAVE_IOV_ITER_TYPE 1
#define HAVE_VFS_IOV_ITER 1
#define HAVE_ITER_IOV 1
#define HAVE_VFS_COPY_FILE_RANGE 1
#define HAVE_VFS_GENERIC_COPY_FILE_RANGE 1
#define HAVE_VFS_REMAP_FILE_RANGE 1
#define HAVE_SUBMIT_BIO_IN_BLOCK_DEVICE_OPERATIONS 1
#define HAVE_BLK_ALLOC_DISK 1
#define HAVE_BDEV_IO_ACCT_63 1
#define HAVE_KERNEL_FPU_INTERNAL 1
#define HAVE_IOPS_RENAME_IDMAP 1
#define HAVE_CURRENT_TIME 1
#define HAVE_HAS_CAPABILITY 1
#define HAVE_IN_COMPAT_SYSCALL 1
#define HAVE_KTIME_GET_COARSE_REAL_TS64 1
#define HAVE_KTIME_GET_RAW_TS64 1
#define HAVE_TOTALRAM_PAGES_FUNC 1
#define HAVE_TOTALHIGH_PAGES 1
#define HAVE_KSTRTOUL 1
#define HAVE_PERCPU_COUNTER_INIT_WITH_GFP 1
#define HAVE_PERCPU_COUNTER_ADD_BATCH 1
#define ZFS_PERCPU_REF_COUNT_IN_DATA 1
#define HAVE_CPU_HOTPLUG 1
#define HAVE_GENERIC_FILLATTR_IDMAP_REQMASK 1
#define HAVE_IOPS_MKNOD_IDMAP 1
#define HAVE_IOPS_SYMLINK_IDMAP 1
#define HAVE_BIO_MAX_SEGS 1
#define HAVE_SIGNAL_STOP 1
#define HAVE_SIGINFO 1
#define HAVE_SYSFS_DEFAULT_GROUPS 1
#define HAVE_SET_SPECIAL_STATE 1
#define HAVE_STANDALONE_LINUX_STDARG 1
#define HAVE_PAGEMAP_FOLIO_WAIT_BIT 1
#define HAVE_ADD_DISK_RET 1
#define SPL_KTHREAD_COMPLETE_AND_EXIT kthread_complete_and_exit
#define HAVE_DEQUEUE_SIGNAL_4ARG 1
#define HAVE_USER_NS_COMMON_INUM 1
#define HAVE_IDMAP_MNT_API 1
#define HAVE_IATTR_VFSID 1
#define HAVE_WRITEPAGE_T_FOLIO 1
#define HAVE_RECLAIM_STATE_RECLAIMED 1
#define HAVE_COPY_SPLICE_READ 1
#define HAVE_SYNC_BLOCKDEV 1

configure: exit 0
