2026-01-23 23:25:08,090 - [PROCESSOR] - INFO - Processor Daemon Online. Monitoring card_stack...
2026-01-23 23:26:32,417 - [PROCESSOR] - INFO - Processing Card 5216cbe9-195f-4dcc-a4c3-da535672049c: SYS_CMD
2026-01-23 23:26:32,418 - [PROCESSOR] - INFO - Executing System Command: cd /mnt/anvil_temp/ascii_oss/src/firecracker && rm -f .cargo/config .cargo/config.toml && cargo clean && export APPROVED=ext/toolchain && export SOV_CC=/mnt/anvil_temp/github/anvilos_beta/ext/toolchain/bin/x86_64-unknown-linux-musl-gcc && export CC_x86_64_unknown_linux_musl=$SOV_CC && export CARGO_TARGET_X86_64_UNKNOWN_LINUX_MUSL_LINKER=$SOV_CC && cargo build --release --target x86_64-unknown-linux-musl --no-default-features && cp target/x86_64-unknown-linux-musl/release/firecracker /mnt/anvil_temp/ascii_oss/bin/anvil-vmm
2026-01-23 23:27:03,801 - [PROCESSOR] - INFO - Card 5216cbe9-195f-4dcc-a4c3-da535672049c finished with status 9
2026-01-23 23:31:50,628 - [PROCESSOR] - INFO - Processing Card 5b996a56-78d7-4e4b-945a-e0a757b42f00: SYS_CMD
2026-01-23 23:31:50,638 - [PROCESSOR] - INFO - Executing System Command: cd /mnt/anvil_temp/ascii_oss/src/firecracker && rm -f .cargo/config .cargo/config.toml && cargo clean && export APPROVED=ext/toolchain && export SOV_CC=/mnt/anvil_temp/github/anvilos_beta/ext/toolchain/bin/x86_64-unknown-linux-musl-gcc && export CC_x86_64_unknown_linux_musl=$SOV_CC && export CARGO_TARGET_X86_64_UNKNOWN_LINUX_MUSL_LINKER=$SOV_CC && cargo build --release --target x86_64-unknown-linux-musl --no-default-features && cp target/x86_64-unknown-linux-musl/release/firecracker /mnt/anvil_temp/ascii_oss/bin/anvil-vmm
2026-01-23 23:32:22,392 - [PROCESSOR] - INFO - Card 5b996a56-78d7-4e4b-945a-e0a757b42f00 finished with status 9
2026-01-23 23:32:24,441 - [PROCESSOR] - INFO - Processing Card 8e3fc3b1-a101-49fc-afa9-57435c82dafc: SYS_CMD
2026-01-23 23:32:24,441 - [PROCESSOR] - INFO - Executing System Command: cd /mnt/anvil_temp/ascii_oss/src/firecracker && rm -f .cargo/config .cargo/config.toml && cargo clean && export APPROVED=ext/toolchain && export SOV_CC=/mnt/anvil_temp/github/anvilos_beta/ext/toolchain/bin/x86_64-unknown-linux-musl-gcc && export CC_x86_64_unknown_linux_musl=$SOV_CC && export CXX_x86_64_unknown_linux_musl=$SOV_CC && export CARGO_TARGET_X86_64_UNKNOWN_LINUX_MUSL_LINKER=$SOV_CC && cargo build --release --target x86_64-unknown-linux-musl --no-default-features && cp target/x86_64-unknown-linux-musl/release/firecracker /mnt/anvil_temp/ascii_oss/bin/anvil-vmm
2026-01-23 23:32:55,335 - [PROCESSOR] - INFO - Card 8e3fc3b1-a101-49fc-afa9-57435c82dafc finished with status 9
2026-01-23 23:32:57,346 - [PROCESSOR] - INFO - Processing Card 67322f85-1052-4a99-a40f-a1bf714d70fd: SYS_CMD
2026-01-23 23:32:57,347 - [PROCESSOR] - INFO - Executing System Command: rm -f /mnt/anvil_temp/ascii_oss/src/firecracker/firecracker.c
2026-01-23 23:32:57,502 - [PROCESSOR] - INFO - Card 67322f85-1052-4a99-a40f-a1bf714d70fd finished with status 2
2026-01-23 23:32:59,528 - [PROCESSOR] - INFO - Processing Card 27541553-916d-4247-8675-2cfdfd94b009: SYS_CMD
2026-01-23 23:32:59,528 - [PROCESSOR] - INFO - Executing System Command: cd /mnt/anvil_temp/ascii_oss/src/firecracker && rm -f .cargo/config .cargo/config.toml && cargo clean && export APPROVED=ext/toolchain && export SOV_CC=/mnt/anvil_temp/github/anvilos_beta/ext/toolchain/bin/x86_64-unknown-linux-musl-gcc && export CC_x86_64_unknown_linux_musl=$SOV_CC && export CXX_x86_64_unknown_linux_musl=$SOV_CC && export CARGO_TARGET_X86_64_UNKNOWN_LINUX_MUSL_LINKER=$SOV_CC && cargo build --release --target x86_64-unknown-linux-musl --no-default-features && cp target/x86_64-unknown-linux-musl/release/firecracker /mnt/anvil_temp/ascii_oss/bin/anvil-vmm
2026-01-23 23:33:33,609 - [PROCESSOR] - INFO - Card 27541553-916d-4247-8675-2cfdfd94b009 finished with status 9
2026-01-23 23:33:43,640 - [PROCESSOR] - INFO - Processing Card 32a591bc-f918-4a9c-8e5d-05e83574b238: SYS_CMD
2026-01-23 23:33:43,640 - [PROCESSOR] - INFO - Executing System Command: cd /mnt/anvil_temp/ascii_oss/src/firecracker && cargo clean && export SOV_CC=/mnt/anvil_temp/github/anvilos_beta/ext/toolchain/bin/x86_64-unknown-linux-musl-gcc && export CC_x86_64_unknown_linux_musl=$SOV_CC && export CARGO_TARGET_X86_64_UNKNOWN_LINUX_MUSL_LINKER=$SOV_CC && cargo build --release --target x86_64-unknown-linux-musl --no-default-features -j 9 && cp target/x86_64-unknown-linux-musl/release/firecracker /mnt/anvil_temp/ascii_oss/bin/anvil-vmm
2026-01-23 23:34:16,851 - [PROCESSOR] - INFO - Card 32a591bc-f918-4a9c-8e5d-05e83574b238 finished with status 9
2026-01-23 23:34:40,950 - [PROCESSOR] - INFO - Processing Card 49b87da0-4506-49b2-9ae7-893cdd27872e: SYS_CMD
2026-01-23 23:34:40,950 - [PROCESSOR] - INFO - Executing System Command: cd /mnt/anvil_temp/ascii_oss/src/firecracker && cargo clean && export TOOLCHAIN_BIN=/mnt/anvil_temp/github/anvilos_beta/ext/toolchain/bin && export SOV_CC=$TOOLCHAIN_BIN/x86_64-unknown-linux-musl-gcc && export PATH=$TOOLCHAIN_BIN:$PATH && export CC=$SOV_CC && export CC_x86_64_unknown_linux_musl=$SOV_CC && export CARGO_TARGET_X86_64_UNKNOWN_LINUX_MUSL_LINKER=$SOV_CC && cargo build --release --target x86_64-unknown-linux-musl --no-default-features -j 9 && cp target/x86_64-unknown-linux-musl/release/firecracker /mnt/anvil_temp/ascii_oss/bin/anvil-vmm
2026-01-23 23:35:13,018 - [PROCESSOR] - INFO - Card 49b87da0-4506-49b2-9ae7-893cdd27872e finished with status 9
2026-01-23 23:36:09,214 - [PROCESSOR] - INFO - Processing Card dc55c420-ebd9-4f2d-9e0e-4a9cf4cbadcc: SYS_CMD
2026-01-23 23:36:09,214 - [PROCESSOR] - INFO - Executing System Command: cd /mnt/anvil_temp/ascii_oss/src/firecracker && cargo clean && export TOOLCHAIN_BIN=/mnt/anvil_temp/github/anvilos_beta/ext/toolchain/bin && export SOV_CC=$TOOLCHAIN_BIN/x86_64-unknown-linux-musl-gcc && export PATH=$TOOLCHAIN_BIN:$PATH && export CC=$SOV_CC && export CC_x86_64_unknown_linux_musl=$SOV_CC && export CARGO_TARGET_X86_64_UNKNOWN_LINUX_MUSL_LINKER=$SOV_CC && cargo build --release --target x86_64-unknown-linux-musl --no-default-features -j 9 && cp target/x86_64-unknown-linux-musl/release/firecracker /mnt/anvil_temp/ascii_oss/bin/anvil-vmm
2026-01-23 23:36:39,560 - [PROCESSOR] - INFO - Card dc55c420-ebd9-4f2d-9e0e-4a9cf4cbadcc finished with status 9
